2020-09-12 20:47:54 INFO  Utilities:158 - Step Description--> null-->Verify following tags || Expected Result : Sent to Authorizer || Actual Result : Sent to Authorizer
2020-09-14 15:02:07 INFO  Utilities:158 - Step Description--> null-->Verify following tags || Expected Result : Sent to Authorizer || Actual Result : Sent to Authorizer
2020-09-14 15:02:14 INFO  Utilities:158 - Step Description--> null-->Open URL - 'https://rbllastmile.remit.in/onlinetransfer/secure/login.jsp'.
2020-09-14 15:02:14 INFO  Utilities:158 - Step Description--> null-->Set User Name in Login Page || Input Value : rbladmin
2020-09-14 15:02:14 INFO  Utilities:158 - Step Description--> null-->Set Password in Login Page || Input Value : password@2
2020-09-14 15:02:16 INFO  Utilities:158 - Step Description--> null-->Click on login Button on Admin Login Page
2020-09-14 15:02:18 INFO  Utilities:158 - Step Description--> null-->Click on Logs button
2020-09-14 15:02:19 INFO  Utilities:158 - Step Description--> null-->Click on PPS Logs button
2020-09-14 15:05:02 ERROR Utilities:166 - Step Description--> null-->fill RequestNo
2020-09-14 15:05:02 ERROR Utilities:167 - Failure URl :-------------> null-->https://rbllastmile.remit.in/onlinetransfer/secure/home.jsp#
2020-09-14 15:05:12 INFO  Utilities:158 - Step Description--> null-->Verify following tags || Expected Result : Sent to Authorizer || Actual Result : Sent to Authorizer
2020-09-14 15:05:13 INFO  Utilities:158 - Step Description--> null-->Open URL - 'https://rbllastmile.remit.in/onlinetransfer/secure/login.jsp'.
2020-09-14 15:05:13 INFO  Utilities:158 - Step Description--> null-->Set User Name in Login Page || Input Value : rbladmin
2020-09-14 15:05:13 INFO  Utilities:158 - Step Description--> null-->Set Password in Login Page || Input Value : password@2
2020-09-14 15:05:14 INFO  Utilities:158 - Step Description--> null-->Click on login Button on Admin Login Page
2020-09-14 15:05:16 INFO  Utilities:158 - Step Description--> null-->Click on Logs button
2020-09-14 15:05:17 INFO  Utilities:158 - Step Description--> null-->Click on PPS Logs button
2020-09-14 15:06:12 INFO  Utilities:158 - Step Description--> null-->Verify following tags || Expected Result : Sent to Authorizer || Actual Result : Sent to Authorizer
2020-09-14 15:06:13 INFO  Utilities:158 - Step Description--> null-->Open URL - 'https://rbllastmile.remit.in/onlinetransfer/secure/login.jsp'.
2020-09-14 15:06:13 INFO  Utilities:158 - Step Description--> null-->Set User Name in Login Page || Input Value : rbladmin
2020-09-14 15:06:13 INFO  Utilities:158 - Step Description--> null-->Set Password in Login Page || Input Value : password@2
2020-09-14 15:06:14 INFO  Utilities:158 - Step Description--> null-->Click on login Button on Admin Login Page
2020-09-14 15:06:16 INFO  Utilities:158 - Step Description--> null-->Click on Logs button
2020-09-14 15:06:17 INFO  Utilities:158 - Step Description--> null-->Click on PPS Logs button
2020-09-14 15:06:18 INFO  Utilities:158 - Step Description--> null-->Swtich to frame
2020-09-14 15:06:18 INFO  Utilities:158 - Step Description--> null-->fill RequestNo
2020-09-14 15:06:19 INFO  Utilities:158 - Step Description--> null-->Click on submit Button
2020-09-14 15:13:09 INFO  Utilities:158 - Step Description--> null-->Verify following tags || Expected Result : Sent to Authorizer || Actual Result : Sent to Authorizer
2020-09-14 15:13:12 INFO  Utilities:158 - Step Description--> null-->Open URL - 'https://rbllastmile.remit.in/onlinetransfer/secure/login.jsp'.
2020-09-14 15:13:13 INFO  Utilities:158 - Step Description--> null-->Set User Name in Login Page || Input Value : rbladmin
2020-09-14 15:13:13 INFO  Utilities:158 - Step Description--> null-->Set Password in Login Page || Input Value : password@2
2020-09-14 15:13:14 INFO  Utilities:158 - Step Description--> null-->Click on login Button on Admin Login Page
2020-09-14 15:13:16 INFO  Utilities:158 - Step Description--> null-->Click on Logs button
2020-09-14 15:13:17 INFO  Utilities:158 - Step Description--> null-->Click on PPS Logs button
2020-09-14 15:13:17 INFO  Utilities:158 - Step Description--> null-->Swtich to frame
2020-09-14 15:13:17 INFO  Utilities:158 - Step Description--> null-->fill RequestNo
2020-09-14 15:13:19 INFO  Utilities:158 - Step Description--> null-->Click on submit Button
2020-09-14 15:13:28 INFO  Utilities:158 - Step Description--> null-->Verify following tags || Expected Result : Sent to Authorizer || Actual Result : Sent to Authorizer
2020-09-14 15:13:29 INFO  Utilities:158 - Step Description--> null-->Open URL - 'https://rbllastmile.remit.in/onlinetransfer/secure/login.jsp'.
2020-09-14 15:13:29 INFO  Utilities:158 - Step Description--> null-->Set User Name in Login Page || Input Value : rbladmin
2020-09-14 15:13:29 INFO  Utilities:158 - Step Description--> null-->Set Password in Login Page || Input Value : password@2
2020-09-14 15:13:30 INFO  Utilities:158 - Step Description--> null-->Click on login Button on Admin Login Page
2020-09-14 15:13:32 INFO  Utilities:158 - Step Description--> null-->Click on Logs button
2020-09-14 15:13:33 INFO  Utilities:158 - Step Description--> null-->Click on PPS Logs button
2020-09-14 15:13:33 INFO  Utilities:158 - Step Description--> null-->Swtich to frame
2020-09-14 15:13:33 INFO  Utilities:158 - Step Description--> null-->fill RequestNo
2020-09-14 15:13:35 INFO  Utilities:158 - Step Description--> null-->Click on submit Button
2020-09-14 15:16:18 INFO  Utilities:158 - Step Description--> null-->Verify following tags || Expected Result : Sent to Authorizer || Actual Result : Sent to Authorizer
2020-09-14 15:16:18 INFO  Utilities:158 - Step Description--> null-->Open URL - 'https://rbllastmile.remit.in/onlinetransfer/secure/login.jsp'.
2020-09-14 15:16:19 INFO  Utilities:158 - Step Description--> null-->Set User Name in Login Page || Input Value : rbladmin
2020-09-14 15:16:19 INFO  Utilities:158 - Step Description--> null-->Set Password in Login Page || Input Value : password@2
2020-09-14 15:16:20 INFO  Utilities:158 - Step Description--> null-->Click on login Button on Admin Login Page
2020-09-14 15:16:21 INFO  Utilities:158 - Step Description--> null-->Click on Logs button
2020-09-14 15:16:23 INFO  Utilities:158 - Step Description--> null-->Click on PPS Logs button
2020-09-14 15:16:23 INFO  Utilities:158 - Step Description--> null-->Swtich to frame
2020-09-14 15:16:23 INFO  Utilities:158 - Step Description--> null-->fill RequestNo
2020-09-14 15:16:28 INFO  Utilities:158 - Step Description--> null-->Click on submit Button
2020-09-14 15:16:52 INFO  Utilities:158 - Step Description--> null-->Verify following tags || Expected Result : Sent to Authorizer || Actual Result : Sent to Authorizer
2020-09-14 15:16:53 INFO  Utilities:158 - Step Description--> null-->Open URL - 'https://rbllastmile.remit.in/onlinetransfer/secure/login.jsp'.
2020-09-14 15:16:53 INFO  Utilities:158 - Step Description--> null-->Set User Name in Login Page || Input Value : rbladmin
2020-09-14 15:16:53 INFO  Utilities:158 - Step Description--> null-->Set Password in Login Page || Input Value : password@2
2020-09-14 15:16:54 INFO  Utilities:158 - Step Description--> null-->Click on login Button on Admin Login Page
2020-09-14 15:16:57 INFO  Utilities:158 - Step Description--> null-->Click on Logs button
2020-09-14 15:16:58 INFO  Utilities:158 - Step Description--> null-->Click on PPS Logs button
2020-09-14 15:16:58 INFO  Utilities:158 - Step Description--> null-->Swtich to frame
2020-09-14 15:16:59 INFO  Utilities:158 - Step Description--> null-->fill RequestNo
2020-09-14 15:17:00 INFO  Utilities:158 - Step Description--> null-->Click on submit Button
2020-09-14 15:19:58 INFO  Utilities:158 - Step Description--> null-->Verify following tags || Expected Result : Sent to Authorizer || Actual Result : Sent to Authorizer
2020-09-14 15:20:03 INFO  Utilities:158 - Step Description--> null-->Open URL - 'https://rbllastmile.remit.in/onlinetransfer/secure/login.jsp'.
2020-09-14 15:20:04 INFO  Utilities:158 - Step Description--> null-->Set User Name in Login Page || Input Value : rbladmin
2020-09-14 15:20:04 INFO  Utilities:158 - Step Description--> null-->Set Password in Login Page || Input Value : password@2
2020-09-14 15:20:05 INFO  Utilities:158 - Step Description--> null-->Click on login Button on Admin Login Page
2020-09-14 15:20:07 INFO  Utilities:158 - Step Description--> null-->Click on Logs button
2020-09-14 15:20:08 INFO  Utilities:158 - Step Description--> null-->Click on PPS Logs button
2020-09-14 15:20:08 INFO  Utilities:158 - Step Description--> null-->Swtich to frame
2020-09-14 15:20:08 INFO  Utilities:158 - Step Description--> null-->fill RequestNo
2020-09-14 15:20:10 INFO  Utilities:158 - Step Description--> null-->Click on submit Button
2020-09-14 15:35:41 INFO  Utilities:158 - Step Description--> null-->Open URL - 'https://rbllastmile.remit.in/onlinetransfer/secure/login.jsp'.
2020-09-14 15:35:41 INFO  Utilities:158 - Step Description--> null-->Set User Name in Login Page || Input Value : rbladmin
2020-09-14 15:35:41 INFO  Utilities:158 - Step Description--> null-->Set Password in Login Page || Input Value : password@2
2020-09-14 15:35:42 INFO  Utilities:158 - Step Description--> null-->Click on login Button on Admin Login Page
2020-09-14 15:35:44 INFO  Utilities:158 - Step Description--> null-->Click on Logs button
2020-09-14 15:35:45 INFO  Utilities:158 - Step Description--> null-->Click on PPS Logs button
2020-09-14 15:35:45 INFO  Utilities:158 - Step Description--> null-->Swtich to frame
2020-09-14 15:35:45 INFO  Utilities:158 - Step Description--> null-->fill RequestNo
2020-09-14 15:35:47 INFO  Utilities:158 - Step Description--> null-->Click on submit Button
2020-09-14 15:44:19 INFO  Utilities:158 - Step Description--> null-->Open URL - 'https://rbllastmile.remit.in/onlinetransfer/secure/login.jsp'.
2020-09-14 15:44:19 INFO  Utilities:158 - Step Description--> null-->Set User Name in Login Page || Input Value : rbladmin
2020-09-14 15:44:19 INFO  Utilities:158 - Step Description--> null-->Set Password in Login Page || Input Value : password@2
2020-09-14 15:44:20 INFO  Utilities:158 - Step Description--> null-->Click on login Button on Admin Login Page
2020-09-14 15:44:23 INFO  Utilities:158 - Step Description--> null-->Click on Logs button
2020-09-14 15:44:24 INFO  Utilities:158 - Step Description--> null-->Click on PPS Logs button
2020-09-14 15:44:24 INFO  Utilities:158 - Step Description--> null-->Swtich to frame
2020-09-14 15:44:24 INFO  Utilities:158 - Step Description--> null-->fill RequestNo
2020-09-14 15:44:29 INFO  Utilities:158 - Step Description--> null-->Click on submit Button
2020-09-14 15:48:34 INFO  Utilities:158 - Step Description--> null-->Open URL - 'https://rbllastmile.remit.in/onlinetransfer/secure/login.jsp'.
2020-09-14 15:48:34 INFO  Utilities:158 - Step Description--> null-->Set User Name in Login Page || Input Value : rbladmin
2020-09-14 15:48:35 INFO  Utilities:158 - Step Description--> null-->Set Password in Login Page || Input Value : password@2
2020-09-14 15:48:36 INFO  Utilities:158 - Step Description--> null-->Click on login Button on Admin Login Page
2020-09-14 15:48:37 INFO  Utilities:158 - Step Description--> null-->Click on Logs button
2020-09-14 15:48:39 INFO  Utilities:158 - Step Description--> null-->Click on PPS Logs button
2020-09-14 15:48:39 INFO  Utilities:158 - Step Description--> null-->Swtich to frame
2020-09-14 15:48:39 INFO  Utilities:158 - Step Description--> null-->fill RequestNo
2020-09-14 15:49:24 INFO  Utilities:158 - Step Description--> null-->Click on submit Button
2020-09-14 16:02:46 INFO  Utilities:158 - Step Description--> null-->Open URL - 'https://rbllastmile.remit.in/onlinetransfer/secure/login.jsp'.
2020-09-14 16:02:46 INFO  Utilities:158 - Step Description--> null-->Set User Name in Login Page || Input Value : rbladmin
2020-09-14 16:02:47 INFO  Utilities:158 - Step Description--> null-->Set Password in Login Page || Input Value : password@2
2020-09-14 16:02:48 INFO  Utilities:158 - Step Description--> null-->Click on login Button on Admin Login Page
2020-09-14 16:02:49 INFO  Utilities:158 - Step Description--> null-->Click on Logs button
2020-09-14 16:02:51 INFO  Utilities:158 - Step Description--> null-->Click on PPS Logs button
2020-09-14 16:02:54 INFO  Utilities:158 - Step Description--> null-->Swtich to frame
2020-09-14 16:02:54 INFO  Utilities:158 - Step Description--> null-->fill RequestNo
2020-09-14 16:02:55 INFO  Utilities:158 - Step Description--> null-->Click on submit Button
2020-09-14 16:02:59 INFO  Utilities:158 - Step Description--> null-->fill RequestNo
2020-09-14 16:03:00 INFO  Utilities:158 - Step Description--> null-->Click on submit Button
2020-09-14 16:06:02 INFO  Utilities:158 - Step Description--> null-->Open URL - 'https://rbllastmile.remit.in/onlinetransfer/secure/login.jsp'.
2020-09-14 16:06:03 INFO  Utilities:158 - Step Description--> null-->Set User Name in Login Page || Input Value : rbladmin
2020-09-14 16:06:03 INFO  Utilities:158 - Step Description--> null-->Set Password in Login Page || Input Value : password@2
2020-09-14 16:06:04 INFO  Utilities:158 - Step Description--> null-->Click on login Button on Admin Login Page
2020-09-14 16:06:06 INFO  Utilities:158 - Step Description--> null-->Click on Logs button
2020-09-14 16:06:07 INFO  Utilities:158 - Step Description--> null-->Click on PPS Logs button
2020-09-14 16:06:07 INFO  Utilities:158 - Step Description--> null-->Swtich to frame
2020-09-14 16:06:07 INFO  Utilities:158 - Step Description--> null-->fill RequestNo
2020-09-14 16:06:08 INFO  Utilities:158 - Step Description--> null-->Click on submit Button
2020-09-14 16:06:12 INFO  Utilities:158 - Step Description--> null-->fill RequestNo
2020-09-14 16:06:13 INFO  Utilities:158 - Step Description--> null-->Click on submit Button
2020-09-14 17:29:22 INFO  Utilities:158 - Step Description--> null-->Open URL - 'https://rbllastmile.remit.in/onlinetransfer/secure/login.jsp'.
2020-09-14 17:29:22 INFO  Utilities:158 - Step Description--> null-->Set User Name in Login Page || Input Value : rbladmin
2020-09-14 17:29:22 INFO  Utilities:158 - Step Description--> null-->Set Password in Login Page || Input Value : password@2
2020-09-14 17:29:23 INFO  Utilities:158 - Step Description--> null-->Click on login Button on Admin Login Page
2020-09-14 17:29:25 INFO  Utilities:158 - Step Description--> null-->Click on Logs button
2020-09-14 17:29:26 INFO  Utilities:158 - Step Description--> null-->Click on PPS Logs button
2020-09-14 17:29:26 INFO  Utilities:158 - Step Description--> null-->Swtich to frame
2020-09-14 17:29:26 INFO  Utilities:158 - Step Description--> null-->fill RequestNo
2020-09-14 17:29:28 INFO  Utilities:158 - Step Description--> null-->Click on submit Button
2020-09-14 17:29:31 INFO  Utilities:158 - Step Description--> null-->fill RequestNo
2020-09-14 17:29:32 INFO  Utilities:158 - Step Description--> null-->Click on submit Button
2020-09-14 17:32:31 INFO  Utilities:158 - Step Description--> null-->Open URL - 'https://rbllastmile.remit.in/onlinetransfer/secure/login.jsp'.
2020-09-14 17:32:31 INFO  Utilities:158 - Step Description--> null-->Set User Name in Login Page || Input Value : rbladmin
2020-09-14 17:32:31 INFO  Utilities:158 - Step Description--> null-->Set Password in Login Page || Input Value : password@2
2020-09-14 17:32:32 INFO  Utilities:158 - Step Description--> null-->Click on login Button on Admin Login Page
2020-09-14 17:32:34 INFO  Utilities:158 - Step Description--> null-->Click on Logs button
2020-09-14 17:32:36 INFO  Utilities:158 - Step Description--> null-->Click on PPS Logs button
2020-09-14 17:32:36 INFO  Utilities:158 - Step Description--> null-->Swtich to frame
2020-09-14 17:32:36 INFO  Utilities:158 - Step Description--> null-->fill RequestNo
2020-09-14 17:32:37 INFO  Utilities:158 - Step Description--> null-->Click on submit Button
2020-09-14 17:32:40 INFO  Utilities:158 - Step Description--> null-->fill RequestNo
2020-09-14 17:32:42 INFO  Utilities:158 - Step Description--> null-->Click on submit Button
2020-09-14 17:35:46 INFO  Utilities:158 - Step Description--> null-->Open URL - 'https://rbllastmile.remit.in/onlinetransfer/secure/login.jsp'.
2020-09-14 17:35:46 INFO  Utilities:158 - Step Description--> null-->Set User Name in Login Page || Input Value : rbladmin
2020-09-14 17:35:46 INFO  Utilities:158 - Step Description--> null-->Set Password in Login Page || Input Value : password@2
2020-09-14 17:35:47 INFO  Utilities:158 - Step Description--> null-->Click on login Button on Admin Login Page
2020-09-14 17:35:49 INFO  Utilities:158 - Step Description--> null-->Click on Logs button
2020-09-14 17:35:50 INFO  Utilities:158 - Step Description--> null-->Click on PPS Logs button
2020-09-14 17:35:54 INFO  Utilities:158 - Step Description--> null-->Swtich to frame
2020-09-14 17:35:54 INFO  Utilities:158 - Step Description--> null-->fill RequestNo
2020-09-14 17:35:56 INFO  Utilities:158 - Step Description--> null-->Click on submit Button
2020-09-14 17:35:59 INFO  Utilities:158 - Step Description--> null-->fill RequestNo
2020-09-14 17:36:00 INFO  Utilities:158 - Step Description--> null-->Click on submit Button
2020-09-14 17:36:20 INFO  Utilities:158 - Step Description--> null-->Open URL - 'https://rbllastmile.remit.in/onlinetransfer/secure/login.jsp'.
2020-09-14 17:36:20 INFO  Utilities:158 - Step Description--> null-->Set User Name in Login Page || Input Value : rbladmin
2020-09-14 17:36:20 INFO  Utilities:158 - Step Description--> null-->Set Password in Login Page || Input Value : password@2
2020-09-15 18:27:12 INFO  Utilities:158 - Step Description--> null-->Verify following tags || Expected Result : Sent to Authorizer || Actual Result : Sent to Authorizer
2020-09-15 18:27:13 INFO  Utilities:158 - Step Description--> null-->Open URL - 'https://rbllastmile.remit.in/onlinetransfer/secure/login.jsp'.
2020-09-15 18:27:13 INFO  Utilities:158 - Step Description--> null-->Set User Name in Login Page || Input Value : rbladmin
2020-09-15 18:27:13 INFO  Utilities:158 - Step Description--> null-->Set Password in Login Page || Input Value : password@2
2020-09-15 18:27:14 INFO  Utilities:158 - Step Description--> null-->Click on login Button on Admin Login Page
2020-09-15 18:27:23 INFO  Utilities:158 - Step Description--> null-->Click on Logs button
2020-09-15 18:27:24 INFO  Utilities:158 - Step Description--> null-->Click on PPS Logs button
2020-09-15 18:27:27 INFO  Utilities:158 - Step Description--> null-->Swtich to frame
2020-09-15 18:27:27 INFO  Utilities:158 - Step Description--> null-->fill RequestNo
2020-09-15 18:27:29 INFO  Utilities:158 - Step Description--> null-->Click on submit Button
2020-09-15 18:27:32 INFO  Utilities:158 - Step Description--> null-->fill RequestNo
2020-09-15 18:27:35 INFO  Utilities:158 - Step Description--> null-->Click on submit Button
2020-09-15 21:03:28 INFO  Utilities:158 - Step Description--> null-->Verify following tags || Expected Result : Error in beneAccHolderName, || Actual Result : Error in beneAccHolderName,
2020-09-15 21:03:38 INFO  Utilities:158 - Step Description--> null-->Verify following tags || Expected Result : Error in beneAccHolderName, || Actual Result : Error in beneAccHolderName,
2020-09-15 21:03:59 INFO  Utilities:158 - Step Description--> null-->Verify following tags || Expected Result : Error in beneAccHolderName, || Actual Result : Error in beneAccHolderName,
2020-09-15 21:04:06 INFO  Utilities:158 - Step Description--> null-->Verify following tags || Expected Result : Error in beneAccHolderName, || Actual Result : Error in beneAccHolderName,
2020-09-15 21:11:45 INFO  Utilities:158 - Step Description--> null-->Verify following tags || Expected Result : Error in beneAccHolderName, || Actual Result : Error in beneAccHolderName,
2020-09-15 21:11:45 INFO  Utilities:158 - Step Description--> null-->Verify following tags || Expected Result : Error in beneAccHolderName, || Actual Result : Error in beneAccHolderName,
2020-09-15 21:11:45 INFO  Utilities:158 - Step Description--> null-->Verify following tags || Expected Result : Error in beneAccHolderName, || Actual Result : Error in beneAccHolderName,
2020-09-15 21:11:45 INFO  Utilities:158 - Step Description--> null-->Verify following tags || Expected Result : Error in beneAccHolderName, || Actual Result : Error in beneAccHolderName,
2020-09-15 21:14:28 INFO  Utilities:158 - Step Description--> null-->Verify following tags || Expected Result : Error in beneAccHolderName, || Actual Result : Error in beneAccHolderName,
2020-09-15 21:14:28 INFO  Utilities:158 - Step Description--> null-->Verify following tags || Expected Result : Error in beneAccHolderName, || Actual Result : Error in beneAccHolderName,
2020-09-15 21:14:28 INFO  Utilities:158 - Step Description--> null-->Verify following tags || Expected Result : Error in beneAccHolderName, || Actual Result : Error in beneAccHolderName,
2020-09-15 21:14:28 INFO  Utilities:158 - Step Description--> null-->Verify following tags || Expected Result : Error in beneAccHolderName, || Actual Result : Error in beneAccHolderName,
2020-09-15 21:14:38 INFO  Utilities:158 - Step Description--> null-->Verify following tags || Expected Result : Error in remitterName, || Actual Result : Error in remitterName,
2020-09-15 21:14:38 INFO  Utilities:158 - Step Description--> null-->Verify following tags || Expected Result : Error in remitterName, || Actual Result : Error in remitterName,
2020-09-15 21:14:38 INFO  Utilities:158 - Step Description--> null-->Verify following tags || Expected Result : Error in remitterName, || Actual Result : Error in remitterName,
2020-09-15 21:14:38 INFO  Utilities:158 - Step Description--> null-->Verify following tags || Expected Result : Error in remitterName, || Actual Result : Error in remitterName,
2020-09-16 09:42:03 INFO  Utilities:158 - Step Description--> null-->Verify following tags || Expected Result : Error in beneAccHolderName, || Actual Result : Error in beneAccHolderName,
2020-09-16 09:42:03 INFO  Utilities:158 - Step Description--> null-->Verify following tags || Expected Result : Error in beneAccHolderName, || Actual Result : Error in beneAccHolderName,
2020-09-16 09:42:03 INFO  Utilities:158 - Step Description--> null-->Verify following tags || Expected Result : Error in beneAccHolderName, || Actual Result : Error in beneAccHolderName,
2020-09-16 09:42:03 INFO  Utilities:158 - Step Description--> null-->Verify following tags || Expected Result : Error in beneAccHolderName, || Actual Result : Error in beneAccHolderName,
2020-09-16 09:42:13 INFO  Utilities:158 - Step Description--> null-->Verify following tags || Expected Result : Error in remitterName, || Actual Result : Error in remitterName,
2020-09-16 09:42:13 INFO  Utilities:158 - Step Description--> null-->Verify following tags || Expected Result : Error in remitterName, || Actual Result : Error in remitterName,
2020-09-16 09:42:13 INFO  Utilities:158 - Step Description--> null-->Verify following tags || Expected Result : Error in remitterName, || Actual Result : Error in remitterName,
2020-09-16 09:42:13 INFO  Utilities:158 - Step Description--> null-->Verify following tags || Expected Result : Error in remitterName, || Actual Result : Error in remitterName,
2020-09-16 09:42:23 INFO  Utilities:158 - Step Description--> null-->Verify following tags || Expected Result : Error in remitterName, || Actual Result : Error in remitterName,
2020-09-16 09:42:23 INFO  Utilities:158 - Step Description--> null-->Verify following tags || Expected Result : Error in remitterName, || Actual Result : Error in remitterName,
2020-09-16 09:42:23 INFO  Utilities:158 - Step Description--> null-->Verify following tags || Expected Result : Error in remitterName, || Actual Result : Error in remitterName,
2020-09-16 09:42:23 INFO  Utilities:158 - Step Description--> null-->Verify following tags || Expected Result : Error in remitterName, || Actual Result : Error in remitterName,
2020-09-16 10:39:46 INFO  Utilities:158 - Step Description--> null-->Verify following tags || Expected Result : Error in beneAccHolderName, || Actual Result : Error in beneAccHolderName,
2020-09-16 10:39:46 INFO  Utilities:158 - Step Description--> null-->Verify following tags || Expected Result : Error in beneAccHolderName, || Actual Result : Error in beneAccHolderName,
2020-09-16 10:39:46 INFO  Utilities:158 - Step Description--> null-->Verify following tags || Expected Result : Error in beneAccHolderName, || Actual Result : Error in beneAccHolderName,
2020-09-16 10:39:46 INFO  Utilities:158 - Step Description--> null-->Verify following tags || Expected Result : Error in beneAccHolderName, || Actual Result : Error in beneAccHolderName,
2020-09-16 10:40:05 INFO  Utilities:158 - Step Description--> null-->Verify following tags || Expected Result : Error in remitterName, || Actual Result : Error in remitterName,
2020-09-16 10:40:05 INFO  Utilities:158 - Step Description--> null-->Verify following tags || Expected Result : Error in remitterName, || Actual Result : Error in remitterName,
2020-09-16 10:40:05 INFO  Utilities:158 - Step Description--> null-->Verify following tags || Expected Result : Error in remitterName, || Actual Result : Error in remitterName,
2020-09-16 10:40:05 INFO  Utilities:158 - Step Description--> null-->Verify following tags || Expected Result : Error in remitterName, || Actual Result : Error in remitterName,
2020-09-16 10:44:32 INFO  Utilities:158 - Step Description--> null-->PaymentReqeust Body : {"CorporateId":"AQMF001","TimeStamp":"1560859427549","UserId":"7485136194","Token":"2420246456","Transaction":[{"TransactionDetails":{"BeneficiaryAccountNo":"409000015845","BeneficiaryIFSC":"ICIC0000555","MandateType":"R","PurposeCode":"P1301","PurposeDescription":"Family M","TransactionDate":"16/09/2020","TransactionReferenceNo":"1192840488722","TransferAmount":"200010"},"RemitterDetailsJobj":{"RemitterAddress1":"Goregaon","RemitterCity":"MumbaiCity","RemitterState":"MHCity","RemitterCountry":"AO","RemitterEmailId":"SBINHAMMADI@GMAIL.COM","RemitterId":"AQMF001","RemitterMobileNo":"27367222","RemitterName":"Dasi","RemitterZipCode":"629192890"},"BeneficiaryDetailsJobj":{"BeneficiaryAccountHolderName":"D123","BeneficiaryAddress1":"Airoli","BeneficiaryAddress2":"AD","BeneficiaryAddress3":"IN","BeneficiaryEmailId":"abcdef@sign.com","BeneficiaryMobileNo":"2736728","BeneficiaryZipNo":"2313333"}}]}
2020-09-16 10:44:35 INFO  Utilities:158 - Step Description--> null-->PaymentReqeust Body : {"CorporateId":"AQMF001","TimeStamp":"1560859427549","UserId":"7485136194","Token":"2420246456","Transaction":[{"TransactionDetails":{"BeneficiaryAccountNo":"409000015845","BeneficiaryIFSC":"ICIC0000555","MandateType":"N","PurposeCode":"P1301","PurposeDescription":"Family M","TransactionDate":"16/09/2020","TransactionReferenceNo":"1192840488723","TransferAmount":"2300"},"RemitterDetailsJobj":{"RemitterAddress1":"Goregaon","RemitterCity":"MumbaiCity","RemitterState":"MHCity","RemitterCountry":"AO","RemitterEmailId":"SBINHAMMADI@GMAIL.COM","RemitterId":"AQMF001","RemitterMobileNo":"27367222","RemitterName":"Dasi","RemitterZipCode":"629192890"},"BeneficiaryDetailsJobj":{"BeneficiaryAccountHolderName":"D123","BeneficiaryAddress1":"Airoli","BeneficiaryAddress2":"AD","BeneficiaryAddress3":"IN","BeneficiaryEmailId":"abcdef@sign.com","BeneficiaryMobileNo":"2736728","BeneficiaryZipNo":"2313333"}}]}
2020-09-16 10:44:37 INFO  Utilities:158 - Step Description--> null-->PaymentReqeust Body : {"CorporateId":"AQMF001","TimeStamp":"1560859427549","UserId":"7485136194","Token":"2420246456","Transaction":[{"TransactionDetails":{"BeneficiaryAccountNo":"409000015845","BeneficiaryIFSC":"RATN0000001","MandateType":"D","PurposeCode":"P1301","PurposeDescription":"Family M","TransactionDate":"16/09/2020","TransactionReferenceNo":"1192840488724","TransferAmount":"2300"},"RemitterDetailsJobj":{"RemitterAddress1":"Goregaon","RemitterCity":"MumbaiCity","RemitterState":"MHCity","RemitterCountry":"AO","RemitterEmailId":"SBINHAMMADI@GMAIL.COM","RemitterId":"AQMF001","RemitterMobileNo":"27367222","RemitterName":"Dasi","RemitterZipCode":"629192890"},"BeneficiaryDetailsJobj":{"BeneficiaryAccountHolderName":"D123","BeneficiaryAddress1":"Airoli","BeneficiaryAddress2":"AD","BeneficiaryAddress3":"IN","BeneficiaryEmailId":"abcdef@sign.com","BeneficiaryMobileNo":"2736728","BeneficiaryZipNo":"2313333"}}]}
2020-09-16 10:44:38 INFO  Utilities:158 - Step Description--> null-->PaymentReqeust Body : {"CorporateId":"AQMF001","TimeStamp":"1560859427549","UserId":"7485136194","Token":"2420246456","Transaction":[{"TransactionDetails":{"BeneficiaryAccountNo":"112101505172011","BeneficiaryIFSC":"SIMB0002233","MandateType":"I","PurposeCode":"P1301","PurposeDescription":"Family M","TransactionDate":"16/09/2020","TransactionReferenceNo":"1192840488725","TransferAmount":"2300"},"RemitterDetailsJobj":{"RemitterAddress1":"Goregaon","RemitterCity":"MumbaiCity","RemitterState":"MHCity","RemitterCountry":"AO","RemitterEmailId":"SBINHAMMADI@GMAIL.COM","RemitterId":"AQMF001","RemitterMobileNo":"27367222","RemitterName":"Dasi","RemitterZipCode":"629192890"},"BeneficiaryDetailsJobj":{"BeneficiaryAccountHolderName":"D123","BeneficiaryAddress1":"Airoli","BeneficiaryAddress2":"AD","BeneficiaryAddress3":"IN","BeneficiaryEmailId":"abcdef@sign.com","BeneficiaryMobileNo":"2736728","BeneficiaryZipNo":"2313333"}}]}
2020-09-16 10:44:40 INFO  Utilities:158 - Step Description--> null-->Verify following tags || Expected Result : Error in beneAccHolderName, || Actual Result : Error in beneAccHolderName,
2020-09-16 10:44:40 INFO  Utilities:158 - Step Description--> null-->Verify following tags || Expected Result : Error in beneAccHolderName, || Actual Result : Error in beneAccHolderName,
2020-09-16 10:44:40 INFO  Utilities:158 - Step Description--> null-->Verify following tags || Expected Result : Error in beneAccHolderName, || Actual Result : Error in beneAccHolderName,
2020-09-16 10:44:40 INFO  Utilities:158 - Step Description--> null-->Verify following tags || Expected Result : Error in beneAccHolderName, || Actual Result : Error in beneAccHolderName,
2020-09-16 10:44:46 INFO  Utilities:158 - Step Description--> null-->PaymentReqeust Body : {"CorporateId":"AQMF001","TimeStamp":"1560859427549","UserId":"7485136194","Token":"2420246456","Transaction":[{"TransactionDetails":{"BeneficiaryAccountNo":"409000015845","BeneficiaryIFSC":"ICIC0000555","MandateType":"R","PurposeCode":"P1301","PurposeDescription":"Family M","TransactionDate":"16/09/2020","TransactionReferenceNo":"1192840488726","TransferAmount":"200010"},"RemitterDetailsJobj":{"RemitterAddress1":"Goregaon","RemitterCity":"MumbaiCity","RemitterState":"MHCity","RemitterCountry":"AO","RemitterEmailId":"SBINHAMMADI@GMAIL.COM","RemitterId":"AQMF001","RemitterMobileNo":"27367222","RemitterName":"D123","RemitterZipCode":"629192890"},"BeneficiaryDetailsJobj":{"BeneficiaryAccountHolderName":"Dasi","BeneficiaryAddress1":"Airoli","BeneficiaryAddress2":"AD","BeneficiaryAddress3":"IN","BeneficiaryEmailId":"abcdef@sign.com","BeneficiaryMobileNo":"2736728","BeneficiaryZipNo":"2313333"}}]}
2020-09-16 10:44:47 INFO  Utilities:158 - Step Description--> null-->PaymentReqeust Body : {"CorporateId":"AQMF001","TimeStamp":"1560859427549","UserId":"7485136194","Token":"2420246456","Transaction":[{"TransactionDetails":{"BeneficiaryAccountNo":"409000015845","BeneficiaryIFSC":"ICIC0000555","MandateType":"N","PurposeCode":"P1301","PurposeDescription":"Family M","TransactionDate":"16/09/2020","TransactionReferenceNo":"1192840488727","TransferAmount":"2300"},"RemitterDetailsJobj":{"RemitterAddress1":"Goregaon","RemitterCity":"MumbaiCity","RemitterState":"MHCity","RemitterCountry":"AO","RemitterEmailId":"SBINHAMMADI@GMAIL.COM","RemitterId":"AQMF001","RemitterMobileNo":"27367222","RemitterName":"D123","RemitterZipCode":"629192890"},"BeneficiaryDetailsJobj":{"BeneficiaryAccountHolderName":"Dasi","BeneficiaryAddress1":"Airoli","BeneficiaryAddress2":"AD","BeneficiaryAddress3":"IN","BeneficiaryEmailId":"abcdef@sign.com","BeneficiaryMobileNo":"2736728","BeneficiaryZipNo":"2313333"}}]}
2020-09-16 10:44:49 INFO  Utilities:158 - Step Description--> null-->PaymentReqeust Body : {"CorporateId":"AQMF001","TimeStamp":"1560859427549","UserId":"7485136194","Token":"2420246456","Transaction":[{"TransactionDetails":{"BeneficiaryAccountNo":"409000015845","BeneficiaryIFSC":"RATN0000001","MandateType":"D","PurposeCode":"P1301","PurposeDescription":"Family M","TransactionDate":"16/09/2020","TransactionReferenceNo":"1192840488728","TransferAmount":"2300"},"RemitterDetailsJobj":{"RemitterAddress1":"Goregaon","RemitterCity":"MumbaiCity","RemitterState":"MHCity","RemitterCountry":"AO","RemitterEmailId":"SBINHAMMADI@GMAIL.COM","RemitterId":"AQMF001","RemitterMobileNo":"27367222","RemitterName":"D123","RemitterZipCode":"629192890"},"BeneficiaryDetailsJobj":{"BeneficiaryAccountHolderName":"Dasi","BeneficiaryAddress1":"Airoli","BeneficiaryAddress2":"AD","BeneficiaryAddress3":"IN","BeneficiaryEmailId":"abcdef@sign.com","BeneficiaryMobileNo":"2736728","BeneficiaryZipNo":"2313333"}}]}
2020-09-16 10:44:50 INFO  Utilities:158 - Step Description--> null-->PaymentReqeust Body : {"CorporateId":"AQMF001","TimeStamp":"1560859427549","UserId":"7485136194","Token":"2420246456","Transaction":[{"TransactionDetails":{"BeneficiaryAccountNo":"112101505172011","BeneficiaryIFSC":"SIMB0002233","MandateType":"I","PurposeCode":"P1301","PurposeDescription":"Family M","TransactionDate":"16/09/2020","TransactionReferenceNo":"1192840488729","TransferAmount":"2300"},"RemitterDetailsJobj":{"RemitterAddress1":"Goregaon","RemitterCity":"MumbaiCity","RemitterState":"MHCity","RemitterCountry":"AO","RemitterEmailId":"SBINHAMMADI@GMAIL.COM","RemitterId":"AQMF001","RemitterMobileNo":"27367222","RemitterName":"D123","RemitterZipCode":"629192890"},"BeneficiaryDetailsJobj":{"BeneficiaryAccountHolderName":"Dasi","BeneficiaryAddress1":"Airoli","BeneficiaryAddress2":"AD","BeneficiaryAddress3":"IN","BeneficiaryEmailId":"abcdef@sign.com","BeneficiaryMobileNo":"2736728","BeneficiaryZipNo":"2313333"}}]}
2020-09-16 10:44:52 INFO  Utilities:158 - Step Description--> null-->Verify following tags || Expected Result : Error in remitterName, || Actual Result : Error in remitterName,
2020-09-16 10:44:52 INFO  Utilities:158 - Step Description--> null-->Verify following tags || Expected Result : Error in remitterName, || Actual Result : Error in remitterName,
2020-09-16 10:44:52 INFO  Utilities:158 - Step Description--> null-->Verify following tags || Expected Result : Error in remitterName, || Actual Result : Error in remitterName,
2020-09-16 10:44:52 INFO  Utilities:158 - Step Description--> null-->Verify following tags || Expected Result : Error in remitterName, || Actual Result : Error in remitterName,
2020-09-16 10:46:14 INFO  Utilities:158 - Step Description--> null-->PaymentReqeust Body : {"CorporateId":"AQMF001","TimeStamp":"1560859427549","UserId":"7485136194","Token":"2420246456","Transaction":[{"TransactionDetails":{"BeneficiaryAccountNo":"409000015845","BeneficiaryIFSC":"ICIC0000555","MandateType":"R","PurposeCode":"P1301","PurposeDescription":"Family M","TransactionDate":"16/09/2020","TransactionReferenceNo":"1192840488730","TransferAmount":"200010"},"RemitterDetailsJobj":{"RemitterAddress1":"Goregaon","RemitterCity":"MumbaiCity","RemitterState":"MHCity","RemitterCountry":"AO","RemitterEmailId":"SBINHAMMADI@GMAIL.COM","RemitterId":"AQMF001","RemitterMobileNo":"27367222","RemitterName":"Dasi","RemitterZipCode":"629192890"},"BeneficiaryDetailsJobj":{"BeneficiaryAccountHolderName":"D123","BeneficiaryAddress1":"Airoli","BeneficiaryAddress2":"AD","BeneficiaryAddress3":"IN","BeneficiaryEmailId":"abcdef@sign.com","BeneficiaryMobileNo":"2736728","BeneficiaryZipNo":"2313333"}}]}

2020-09-16 10:46:18 INFO  Utilities:158 - Step Description--> null-->PaymentReqeust Body : {"CorporateId":"AQMF001","TimeStamp":"1560859427549","UserId":"7485136194","Token":"2420246456","Transaction":[{"TransactionDetails":{"BeneficiaryAccountNo":"409000015845","BeneficiaryIFSC":"ICIC0000555","MandateType":"N","PurposeCode":"P1301","PurposeDescription":"Family M","TransactionDate":"16/09/2020","TransactionReferenceNo":"1192840488731","TransferAmount":"2300"},"RemitterDetailsJobj":{"RemitterAddress1":"Goregaon","RemitterCity":"MumbaiCity","RemitterState":"MHCity","RemitterCountry":"AO","RemitterEmailId":"SBINHAMMADI@GMAIL.COM","RemitterId":"AQMF001","RemitterMobileNo":"27367222","RemitterName":"Dasi","RemitterZipCode":"629192890"},"BeneficiaryDetailsJobj":{"BeneficiaryAccountHolderName":"D123","BeneficiaryAddress1":"Airoli","BeneficiaryAddress2":"AD","BeneficiaryAddress3":"IN","BeneficiaryEmailId":"abcdef@sign.com","BeneficiaryMobileNo":"2736728","BeneficiaryZipNo":"2313333"}}]}

2020-09-16 10:46:20 INFO  Utilities:158 - Step Description--> null-->PaymentReqeust Body : {"CorporateId":"AQMF001","TimeStamp":"1560859427549","UserId":"7485136194","Token":"2420246456","Transaction":[{"TransactionDetails":{"BeneficiaryAccountNo":"409000015845","BeneficiaryIFSC":"RATN0000001","MandateType":"D","PurposeCode":"P1301","PurposeDescription":"Family M","TransactionDate":"16/09/2020","TransactionReferenceNo":"1192840488732","TransferAmount":"2300"},"RemitterDetailsJobj":{"RemitterAddress1":"Goregaon","RemitterCity":"MumbaiCity","RemitterState":"MHCity","RemitterCountry":"AO","RemitterEmailId":"SBINHAMMADI@GMAIL.COM","RemitterId":"AQMF001","RemitterMobileNo":"27367222","RemitterName":"Dasi","RemitterZipCode":"629192890"},"BeneficiaryDetailsJobj":{"BeneficiaryAccountHolderName":"D123","BeneficiaryAddress1":"Airoli","BeneficiaryAddress2":"AD","BeneficiaryAddress3":"IN","BeneficiaryEmailId":"abcdef@sign.com","BeneficiaryMobileNo":"2736728","BeneficiaryZipNo":"2313333"}}]}

2020-09-16 10:46:22 INFO  Utilities:158 - Step Description--> null-->PaymentReqeust Body : {"CorporateId":"AQMF001","TimeStamp":"1560859427549","UserId":"7485136194","Token":"2420246456","Transaction":[{"TransactionDetails":{"BeneficiaryAccountNo":"112101505172011","BeneficiaryIFSC":"SIMB0002233","MandateType":"I","PurposeCode":"P1301","PurposeDescription":"Family M","TransactionDate":"16/09/2020","TransactionReferenceNo":"1192840488733","TransferAmount":"2300"},"RemitterDetailsJobj":{"RemitterAddress1":"Goregaon","RemitterCity":"MumbaiCity","RemitterState":"MHCity","RemitterCountry":"AO","RemitterEmailId":"SBINHAMMADI@GMAIL.COM","RemitterId":"AQMF001","RemitterMobileNo":"27367222","RemitterName":"Dasi","RemitterZipCode":"629192890"},"BeneficiaryDetailsJobj":{"BeneficiaryAccountHolderName":"D123","BeneficiaryAddress1":"Airoli","BeneficiaryAddress2":"AD","BeneficiaryAddress3":"IN","BeneficiaryEmailId":"abcdef@sign.com","BeneficiaryMobileNo":"2736728","BeneficiaryZipNo":"2313333"}}]}

2020-09-16 10:46:23 INFO  Utilities:158 - Step Description--> null-->Verify following tags || Expected Result : Error in beneAccHolderName, || Actual Result : Error in beneAccHolderName,
2020-09-16 10:46:23 INFO  Utilities:158 - Step Description--> null-->Verify following tags || Expected Result : Error in beneAccHolderName, || Actual Result : Error in beneAccHolderName,
2020-09-16 10:46:23 INFO  Utilities:158 - Step Description--> null-->Verify following tags || Expected Result : Error in beneAccHolderName, || Actual Result : Error in beneAccHolderName,
2020-09-16 10:46:23 INFO  Utilities:158 - Step Description--> null-->Verify following tags || Expected Result : Error in beneAccHolderName, || Actual Result : Error in beneAccHolderName,
2020-09-16 10:46:29 INFO  Utilities:158 - Step Description--> null-->PaymentReqeust Body : {"CorporateId":"AQMF001","TimeStamp":"1560859427549","UserId":"7485136194","Token":"2420246456","Transaction":[{"TransactionDetails":{"BeneficiaryAccountNo":"409000015845","BeneficiaryIFSC":"ICIC0000555","MandateType":"R","PurposeCode":"P1301","PurposeDescription":"Family M","TransactionDate":"16/09/2020","TransactionReferenceNo":"1192840488734","TransferAmount":"200010"},"RemitterDetailsJobj":{"RemitterAddress1":"Goregaon","RemitterCity":"MumbaiCity","RemitterState":"MHCity","RemitterCountry":"AO","RemitterEmailId":"SBINHAMMADI@GMAIL.COM","RemitterId":"AQMF001","RemitterMobileNo":"27367222","RemitterName":"D123","RemitterZipCode":"629192890"},"BeneficiaryDetailsJobj":{"BeneficiaryAccountHolderName":"Dasi","BeneficiaryAddress1":"Airoli","BeneficiaryAddress2":"AD","BeneficiaryAddress3":"IN","BeneficiaryEmailId":"abcdef@sign.com","BeneficiaryMobileNo":"2736728","BeneficiaryZipNo":"2313333"}}]}

2020-09-16 10:46:31 INFO  Utilities:158 - Step Description--> null-->PaymentReqeust Body : {"CorporateId":"AQMF001","TimeStamp":"1560859427549","UserId":"7485136194","Token":"2420246456","Transaction":[{"TransactionDetails":{"BeneficiaryAccountNo":"409000015845","BeneficiaryIFSC":"ICIC0000555","MandateType":"N","PurposeCode":"P1301","PurposeDescription":"Family M","TransactionDate":"16/09/2020","TransactionReferenceNo":"1192840488735","TransferAmount":"2300"},"RemitterDetailsJobj":{"RemitterAddress1":"Goregaon","RemitterCity":"MumbaiCity","RemitterState":"MHCity","RemitterCountry":"AO","RemitterEmailId":"SBINHAMMADI@GMAIL.COM","RemitterId":"AQMF001","RemitterMobileNo":"27367222","RemitterName":"D123","RemitterZipCode":"629192890"},"BeneficiaryDetailsJobj":{"BeneficiaryAccountHolderName":"Dasi","BeneficiaryAddress1":"Airoli","BeneficiaryAddress2":"AD","BeneficiaryAddress3":"IN","BeneficiaryEmailId":"abcdef@sign.com","BeneficiaryMobileNo":"2736728","BeneficiaryZipNo":"2313333"}}]}

2020-09-16 10:46:32 INFO  Utilities:158 - Step Description--> null-->PaymentReqeust Body : {"CorporateId":"AQMF001","TimeStamp":"1560859427549","UserId":"7485136194","Token":"2420246456","Transaction":[{"TransactionDetails":{"BeneficiaryAccountNo":"409000015845","BeneficiaryIFSC":"RATN0000001","MandateType":"D","PurposeCode":"P1301","PurposeDescription":"Family M","TransactionDate":"16/09/2020","TransactionReferenceNo":"1192840488736","TransferAmount":"2300"},"RemitterDetailsJobj":{"RemitterAddress1":"Goregaon","RemitterCity":"MumbaiCity","RemitterState":"MHCity","RemitterCountry":"AO","RemitterEmailId":"SBINHAMMADI@GMAIL.COM","RemitterId":"AQMF001","RemitterMobileNo":"27367222","RemitterName":"D123","RemitterZipCode":"629192890"},"BeneficiaryDetailsJobj":{"BeneficiaryAccountHolderName":"Dasi","BeneficiaryAddress1":"Airoli","BeneficiaryAddress2":"AD","BeneficiaryAddress3":"IN","BeneficiaryEmailId":"abcdef@sign.com","BeneficiaryMobileNo":"2736728","BeneficiaryZipNo":"2313333"}}]}

2020-09-16 10:46:34 INFO  Utilities:158 - Step Description--> null-->PaymentReqeust Body : {"CorporateId":"AQMF001","TimeStamp":"1560859427549","UserId":"7485136194","Token":"2420246456","Transaction":[{"TransactionDetails":{"BeneficiaryAccountNo":"112101505172011","BeneficiaryIFSC":"SIMB0002233","MandateType":"I","PurposeCode":"P1301","PurposeDescription":"Family M","TransactionDate":"16/09/2020","TransactionReferenceNo":"1192840488737","TransferAmount":"2300"},"RemitterDetailsJobj":{"RemitterAddress1":"Goregaon","RemitterCity":"MumbaiCity","RemitterState":"MHCity","RemitterCountry":"AO","RemitterEmailId":"SBINHAMMADI@GMAIL.COM","RemitterId":"AQMF001","RemitterMobileNo":"27367222","RemitterName":"D123","RemitterZipCode":"629192890"},"BeneficiaryDetailsJobj":{"BeneficiaryAccountHolderName":"Dasi","BeneficiaryAddress1":"Airoli","BeneficiaryAddress2":"AD","BeneficiaryAddress3":"IN","BeneficiaryEmailId":"abcdef@sign.com","BeneficiaryMobileNo":"2736728","BeneficiaryZipNo":"2313333"}}]}

2020-09-16 10:46:36 INFO  Utilities:158 - Step Description--> null-->Verify following tags || Expected Result : Error in remitterName, || Actual Result : Error in remitterName,
2020-09-16 10:46:36 INFO  Utilities:158 - Step Description--> null-->Verify following tags || Expected Result : Error in remitterName, || Actual Result : Error in remitterName,
2020-09-16 10:46:36 INFO  Utilities:158 - Step Description--> null-->Verify following tags || Expected Result : Error in remitterName, || Actual Result : Error in remitterName,
2020-09-16 10:46:36 INFO  Utilities:158 - Step Description--> null-->Verify following tags || Expected Result : Error in remitterName, || Actual Result : Error in remitterName,
2020-09-16 10:49:33 INFO  Utilities:158 - Step Description--> null-->PaymentReqeust Body : {"CorporateId":"AQMF001","TimeStamp":"1560859427549","UserId":"7485136194","Token":"2420246456","Transaction":[{"TransactionDetails":{"BeneficiaryAccountNo":"409000015845","BeneficiaryIFSC":"ICIC0000555","MandateType":"R","PurposeCode":"P1301","PurposeDescription":"Family M","TransactionDate":"16/09/2020","TransactionReferenceNo":"1192840488738","TransferAmount":"200010"},"RemitterDetailsJobj":{"RemitterAddress1":"Goregaon","RemitterCity":"MumbaiCity","RemitterState":"MHCity","RemitterCountry":"AO","RemitterEmailId":"SBINHAMMADI@GMAIL.COM","RemitterId":"AQMF001","RemitterMobileNo":"27367222","RemitterName":"Dasi","RemitterZipCode":"629192890"},"BeneficiaryDetailsJobj":{"BeneficiaryAccountHolderName":"D123","BeneficiaryAddress1":"Airoli","BeneficiaryAddress2":"AD","BeneficiaryAddress3":"IN","BeneficiaryEmailId":"abcdef@sign.com","BeneficiaryMobileNo":"2736728","BeneficiaryZipNo":"2313333"}}]}

2020-09-16 10:49:37 INFO  Utilities:158 - Step Description--> null-->PaymentReqeust Body : {"CorporateId":"AQMF001","TimeStamp":"1560859427549","UserId":"7485136194","Token":"2420246456","Transaction":[{"TransactionDetails":{"BeneficiaryAccountNo":"409000015845","BeneficiaryIFSC":"ICIC0000555","MandateType":"N","PurposeCode":"P1301","PurposeDescription":"Family M","TransactionDate":"16/09/2020","TransactionReferenceNo":"1192840488739","TransferAmount":"2300"},"RemitterDetailsJobj":{"RemitterAddress1":"Goregaon","RemitterCity":"MumbaiCity","RemitterState":"MHCity","RemitterCountry":"AO","RemitterEmailId":"SBINHAMMADI@GMAIL.COM","RemitterId":"AQMF001","RemitterMobileNo":"27367222","RemitterName":"Dasi","RemitterZipCode":"629192890"},"BeneficiaryDetailsJobj":{"BeneficiaryAccountHolderName":"D123","BeneficiaryAddress1":"Airoli","BeneficiaryAddress2":"AD","BeneficiaryAddress3":"IN","BeneficiaryEmailId":"abcdef@sign.com","BeneficiaryMobileNo":"2736728","BeneficiaryZipNo":"2313333"}}]}

2020-09-16 10:49:38 INFO  Utilities:158 - Step Description--> null-->PaymentReqeust Body : {"CorporateId":"AQMF001","TimeStamp":"1560859427549","UserId":"7485136194","Token":"2420246456","Transaction":[{"TransactionDetails":{"BeneficiaryAccountNo":"409000015845","BeneficiaryIFSC":"RATN0000001","MandateType":"D","PurposeCode":"P1301","PurposeDescription":"Family M","TransactionDate":"16/09/2020","TransactionReferenceNo":"1192840488740","TransferAmount":"2300"},"RemitterDetailsJobj":{"RemitterAddress1":"Goregaon","RemitterCity":"MumbaiCity","RemitterState":"MHCity","RemitterCountry":"AO","RemitterEmailId":"SBINHAMMADI@GMAIL.COM","RemitterId":"AQMF001","RemitterMobileNo":"27367222","RemitterName":"Dasi","RemitterZipCode":"629192890"},"BeneficiaryDetailsJobj":{"BeneficiaryAccountHolderName":"D123","BeneficiaryAddress1":"Airoli","BeneficiaryAddress2":"AD","BeneficiaryAddress3":"IN","BeneficiaryEmailId":"abcdef@sign.com","BeneficiaryMobileNo":"2736728","BeneficiaryZipNo":"2313333"}}]}

2020-09-16 10:49:39 INFO  Utilities:158 - Step Description--> null-->PaymentReqeust Body : {"CorporateId":"AQMF001","TimeStamp":"1560859427549","UserId":"7485136194","Token":"2420246456","Transaction":[{"TransactionDetails":{"BeneficiaryAccountNo":"112101505172011","BeneficiaryIFSC":"SIMB0002233","MandateType":"I","PurposeCode":"P1301","PurposeDescription":"Family M","TransactionDate":"16/09/2020","TransactionReferenceNo":"1192840488741","TransferAmount":"2300"},"RemitterDetailsJobj":{"RemitterAddress1":"Goregaon","RemitterCity":"MumbaiCity","RemitterState":"MHCity","RemitterCountry":"AO","RemitterEmailId":"SBINHAMMADI@GMAIL.COM","RemitterId":"AQMF001","RemitterMobileNo":"27367222","RemitterName":"Dasi","RemitterZipCode":"629192890"},"BeneficiaryDetailsJobj":{"BeneficiaryAccountHolderName":"D123","BeneficiaryAddress1":"Airoli","BeneficiaryAddress2":"AD","BeneficiaryAddress3":"IN","BeneficiaryEmailId":"abcdef@sign.com","BeneficiaryMobileNo":"2736728","BeneficiaryZipNo":"2313333"}}]}

2020-09-16 10:49:41 INFO  Utilities:158 - Step Description--> null-->Verify following tags || Expected Result : Error in beneAccHolderName, || Actual Result : Error in beneAccHolderName,
2020-09-16 10:49:41 INFO  Utilities:158 - Step Description--> null-->Verify following tags || Expected Result : Error in beneAccHolderName, || Actual Result : Error in beneAccHolderName,
2020-09-16 10:49:41 INFO  Utilities:158 - Step Description--> null-->Verify following tags || Expected Result : Error in beneAccHolderName, || Actual Result : Error in beneAccHolderName,
2020-09-16 10:49:41 INFO  Utilities:158 - Step Description--> null-->Verify following tags || Expected Result : Error in beneAccHolderName, || Actual Result : Error in beneAccHolderName,
2020-09-16 10:49:48 INFO  Utilities:158 - Step Description--> null-->PaymentReqeust Body : {"CorporateId":"AQMF001","TimeStamp":"1560859427549","UserId":"7485136194","Token":"2420246456","Transaction":[{"TransactionDetails":{"BeneficiaryAccountNo":"409000015845","BeneficiaryIFSC":"ICIC0000555","MandateType":"R","PurposeCode":"P1301","PurposeDescription":"Family M","TransactionDate":"16/09/2020","TransactionReferenceNo":"1192840488742","TransferAmount":"200010"},"RemitterDetailsJobj":{"RemitterAddress1":"Goregaon","RemitterCity":"MumbaiCity","RemitterState":"MHCity","RemitterCountry":"AO","RemitterEmailId":"SBINHAMMADI@GMAIL.COM","RemitterId":"AQMF001","RemitterMobileNo":"27367222","RemitterName":"D123","RemitterZipCode":"629192890"},"BeneficiaryDetailsJobj":{"BeneficiaryAccountHolderName":"Dasi","BeneficiaryAddress1":"Airoli","BeneficiaryAddress2":"AD","BeneficiaryAddress3":"IN","BeneficiaryEmailId":"abcdef@sign.com","BeneficiaryMobileNo":"2736728","BeneficiaryZipNo":"2313333"}}]}

2020-09-16 10:49:50 INFO  Utilities:158 - Step Description--> null-->PaymentReqeust Body : {"CorporateId":"AQMF001","TimeStamp":"1560859427549","UserId":"7485136194","Token":"2420246456","Transaction":[{"TransactionDetails":{"BeneficiaryAccountNo":"409000015845","BeneficiaryIFSC":"ICIC0000555","MandateType":"N","PurposeCode":"P1301","PurposeDescription":"Family M","TransactionDate":"16/09/2020","TransactionReferenceNo":"1192840488743","TransferAmount":"2300"},"RemitterDetailsJobj":{"RemitterAddress1":"Goregaon","RemitterCity":"MumbaiCity","RemitterState":"MHCity","RemitterCountry":"AO","RemitterEmailId":"SBINHAMMADI@GMAIL.COM","RemitterId":"AQMF001","RemitterMobileNo":"27367222","RemitterName":"D123","RemitterZipCode":"629192890"},"BeneficiaryDetailsJobj":{"BeneficiaryAccountHolderName":"Dasi","BeneficiaryAddress1":"Airoli","BeneficiaryAddress2":"AD","BeneficiaryAddress3":"IN","BeneficiaryEmailId":"abcdef@sign.com","BeneficiaryMobileNo":"2736728","BeneficiaryZipNo":"2313333"}}]}

2020-09-16 10:49:51 INFO  Utilities:158 - Step Description--> null-->PaymentReqeust Body : {"CorporateId":"AQMF001","TimeStamp":"1560859427549","UserId":"7485136194","Token":"2420246456","Transaction":[{"TransactionDetails":{"BeneficiaryAccountNo":"409000015845","BeneficiaryIFSC":"RATN0000001","MandateType":"D","PurposeCode":"P1301","PurposeDescription":"Family M","TransactionDate":"16/09/2020","TransactionReferenceNo":"1192840488744","TransferAmount":"2300"},"RemitterDetailsJobj":{"RemitterAddress1":"Goregaon","RemitterCity":"MumbaiCity","RemitterState":"MHCity","RemitterCountry":"AO","RemitterEmailId":"SBINHAMMADI@GMAIL.COM","RemitterId":"AQMF001","RemitterMobileNo":"27367222","RemitterName":"D123","RemitterZipCode":"629192890"},"BeneficiaryDetailsJobj":{"BeneficiaryAccountHolderName":"Dasi","BeneficiaryAddress1":"Airoli","BeneficiaryAddress2":"AD","BeneficiaryAddress3":"IN","BeneficiaryEmailId":"abcdef@sign.com","BeneficiaryMobileNo":"2736728","BeneficiaryZipNo":"2313333"}}]}

2020-09-16 10:49:52 INFO  Utilities:158 - Step Description--> null-->PaymentReqeust Body : {"CorporateId":"AQMF001","TimeStamp":"1560859427549","UserId":"7485136194","Token":"2420246456","Transaction":[{"TransactionDetails":{"BeneficiaryAccountNo":"112101505172011","BeneficiaryIFSC":"SIMB0002233","MandateType":"I","PurposeCode":"P1301","PurposeDescription":"Family M","TransactionDate":"16/09/2020","TransactionReferenceNo":"1192840488745","TransferAmount":"2300"},"RemitterDetailsJobj":{"RemitterAddress1":"Goregaon","RemitterCity":"MumbaiCity","RemitterState":"MHCity","RemitterCountry":"AO","RemitterEmailId":"SBINHAMMADI@GMAIL.COM","RemitterId":"AQMF001","RemitterMobileNo":"27367222","RemitterName":"D123","RemitterZipCode":"629192890"},"BeneficiaryDetailsJobj":{"BeneficiaryAccountHolderName":"Dasi","BeneficiaryAddress1":"Airoli","BeneficiaryAddress2":"AD","BeneficiaryAddress3":"IN","BeneficiaryEmailId":"abcdef@sign.com","BeneficiaryMobileNo":"2736728","BeneficiaryZipNo":"2313333"}}]}

2020-09-16 10:49:53 INFO  Utilities:158 - Step Description--> null-->Verify following tags || Expected Result : Error in remitterName, || Actual Result : Error in remitterName,
2020-09-16 10:49:53 INFO  Utilities:158 - Step Description--> null-->Verify following tags || Expected Result : Error in remitterName, || Actual Result : Error in remitterName,
2020-09-16 10:49:53 INFO  Utilities:158 - Step Description--> null-->Verify following tags || Expected Result : Error in remitterName, || Actual Result : Error in remitterName,
2020-09-16 10:49:53 INFO  Utilities:158 - Step Description--> null-->Verify following tags || Expected Result : Error in remitterName, || Actual Result : Error in remitterName,
2020-09-16 10:53:52 INFO  Utilities:158 - Step Description--> null-->PaymentReqeust Body : {"CorporateId":"AQMF001","TimeStamp":"1560859427549","UserId":"7485136194","Token":"2420246456","Transaction":[{"TransactionDetails":{"BeneficiaryAccountNo":"409000015845","BeneficiaryIFSC":"ICIC0000555","MandateType":"R","PurposeCode":"P1301","PurposeDescription":"Family M","TransactionDate":"16/09/2020","TransactionReferenceNo":"1192840488746","TransferAmount":"200010"},"RemitterDetailsJobj":{"RemitterAddress1":"Goregaon","RemitterCity":"MumbaiCity","RemitterState":"MHCity","RemitterCountry":"AO","RemitterEmailId":"SBINHAMMADI@GMAIL.COM","RemitterId":"AQMF001","RemitterMobileNo":"27367222","RemitterName":"Dasi","RemitterZipCode":"629192890"},"BeneficiaryDetailsJobj":{"BeneficiaryAccountHolderName":"D123","BeneficiaryAddress1":"Airoli","BeneficiaryAddress2":"AD","BeneficiaryAddress3":"IN","BeneficiaryEmailId":"abcdef@sign.com","BeneficiaryMobileNo":"2736728","BeneficiaryZipNo":"2313333"}}]}<br>
2020-09-16 10:53:57 INFO  Utilities:158 - Step Description--> null-->PaymentReqeust Body : {"CorporateId":"AQMF001","TimeStamp":"1560859427549","UserId":"7485136194","Token":"2420246456","Transaction":[{"TransactionDetails":{"BeneficiaryAccountNo":"409000015845","BeneficiaryIFSC":"ICIC0000555","MandateType":"N","PurposeCode":"P1301","PurposeDescription":"Family M","TransactionDate":"16/09/2020","TransactionReferenceNo":"1192840488747","TransferAmount":"2300"},"RemitterDetailsJobj":{"RemitterAddress1":"Goregaon","RemitterCity":"MumbaiCity","RemitterState":"MHCity","RemitterCountry":"AO","RemitterEmailId":"SBINHAMMADI@GMAIL.COM","RemitterId":"AQMF001","RemitterMobileNo":"27367222","RemitterName":"Dasi","RemitterZipCode":"629192890"},"BeneficiaryDetailsJobj":{"BeneficiaryAccountHolderName":"D123","BeneficiaryAddress1":"Airoli","BeneficiaryAddress2":"AD","BeneficiaryAddress3":"IN","BeneficiaryEmailId":"abcdef@sign.com","BeneficiaryMobileNo":"2736728","BeneficiaryZipNo":"2313333"}}]}<br>
2020-09-16 10:53:59 INFO  Utilities:158 - Step Description--> null-->PaymentReqeust Body : {"CorporateId":"AQMF001","TimeStamp":"1560859427549","UserId":"7485136194","Token":"2420246456","Transaction":[{"TransactionDetails":{"BeneficiaryAccountNo":"409000015845","BeneficiaryIFSC":"RATN0000001","MandateType":"D","PurposeCode":"P1301","PurposeDescription":"Family M","TransactionDate":"16/09/2020","TransactionReferenceNo":"1192840488748","TransferAmount":"2300"},"RemitterDetailsJobj":{"RemitterAddress1":"Goregaon","RemitterCity":"MumbaiCity","RemitterState":"MHCity","RemitterCountry":"AO","RemitterEmailId":"SBINHAMMADI@GMAIL.COM","RemitterId":"AQMF001","RemitterMobileNo":"27367222","RemitterName":"Dasi","RemitterZipCode":"629192890"},"BeneficiaryDetailsJobj":{"BeneficiaryAccountHolderName":"D123","BeneficiaryAddress1":"Airoli","BeneficiaryAddress2":"AD","BeneficiaryAddress3":"IN","BeneficiaryEmailId":"abcdef@sign.com","BeneficiaryMobileNo":"2736728","BeneficiaryZipNo":"2313333"}}]}<br>
2020-09-16 10:54:00 INFO  Utilities:158 - Step Description--> null-->PaymentReqeust Body : {"CorporateId":"AQMF001","TimeStamp":"1560859427549","UserId":"7485136194","Token":"2420246456","Transaction":[{"TransactionDetails":{"BeneficiaryAccountNo":"112101505172011","BeneficiaryIFSC":"SIMB0002233","MandateType":"I","PurposeCode":"P1301","PurposeDescription":"Family M","TransactionDate":"16/09/2020","TransactionReferenceNo":"1192840488749","TransferAmount":"2300"},"RemitterDetailsJobj":{"RemitterAddress1":"Goregaon","RemitterCity":"MumbaiCity","RemitterState":"MHCity","RemitterCountry":"AO","RemitterEmailId":"SBINHAMMADI@GMAIL.COM","RemitterId":"AQMF001","RemitterMobileNo":"27367222","RemitterName":"Dasi","RemitterZipCode":"629192890"},"BeneficiaryDetailsJobj":{"BeneficiaryAccountHolderName":"D123","BeneficiaryAddress1":"Airoli","BeneficiaryAddress2":"AD","BeneficiaryAddress3":"IN","BeneficiaryEmailId":"abcdef@sign.com","BeneficiaryMobileNo":"2736728","BeneficiaryZipNo":"2313333"}}]}<br>
2020-09-16 10:54:02 INFO  Utilities:158 - Step Description--> null-->Verify following tags || Expected Result : Error in beneAccHolderName, || Actual Result : Error in beneAccHolderName,
2020-09-16 10:54:02 INFO  Utilities:158 - Step Description--> null-->Verify following tags || Expected Result : Error in beneAccHolderName, || Actual Result : Error in beneAccHolderName,
2020-09-16 10:54:02 INFO  Utilities:158 - Step Description--> null-->Verify following tags || Expected Result : Error in beneAccHolderName, || Actual Result : Error in beneAccHolderName,
2020-09-16 10:54:02 INFO  Utilities:158 - Step Description--> null-->Verify following tags || Expected Result : Error in beneAccHolderName, || Actual Result : Error in beneAccHolderName,
2020-09-16 10:54:08 INFO  Utilities:158 - Step Description--> null-->PaymentReqeust Body : {"CorporateId":"AQMF001","TimeStamp":"1560859427549","UserId":"7485136194","Token":"2420246456","Transaction":[{"TransactionDetails":{"BeneficiaryAccountNo":"409000015845","BeneficiaryIFSC":"ICIC0000555","MandateType":"R","PurposeCode":"P1301","PurposeDescription":"Family M","TransactionDate":"16/09/2020","TransactionReferenceNo":"1192840488750","TransferAmount":"200010"},"RemitterDetailsJobj":{"RemitterAddress1":"Goregaon","RemitterCity":"MumbaiCity","RemitterState":"MHCity","RemitterCountry":"AO","RemitterEmailId":"SBINHAMMADI@GMAIL.COM","RemitterId":"AQMF001","RemitterMobileNo":"27367222","RemitterName":"D123","RemitterZipCode":"629192890"},"BeneficiaryDetailsJobj":{"BeneficiaryAccountHolderName":"Dasi","BeneficiaryAddress1":"Airoli","BeneficiaryAddress2":"AD","BeneficiaryAddress3":"IN","BeneficiaryEmailId":"abcdef@sign.com","BeneficiaryMobileNo":"2736728","BeneficiaryZipNo":"2313333"}}]}<br>
2020-09-16 10:54:09 INFO  Utilities:158 - Step Description--> null-->PaymentReqeust Body : {"CorporateId":"AQMF001","TimeStamp":"1560859427549","UserId":"7485136194","Token":"2420246456","Transaction":[{"TransactionDetails":{"BeneficiaryAccountNo":"409000015845","BeneficiaryIFSC":"ICIC0000555","MandateType":"N","PurposeCode":"P1301","PurposeDescription":"Family M","TransactionDate":"16/09/2020","TransactionReferenceNo":"1192840488751","TransferAmount":"2300"},"RemitterDetailsJobj":{"RemitterAddress1":"Goregaon","RemitterCity":"MumbaiCity","RemitterState":"MHCity","RemitterCountry":"AO","RemitterEmailId":"SBINHAMMADI@GMAIL.COM","RemitterId":"AQMF001","RemitterMobileNo":"27367222","RemitterName":"D123","RemitterZipCode":"629192890"},"BeneficiaryDetailsJobj":{"BeneficiaryAccountHolderName":"Dasi","BeneficiaryAddress1":"Airoli","BeneficiaryAddress2":"AD","BeneficiaryAddress3":"IN","BeneficiaryEmailId":"abcdef@sign.com","BeneficiaryMobileNo":"2736728","BeneficiaryZipNo":"2313333"}}]}<br>
2020-09-16 10:54:11 INFO  Utilities:158 - Step Description--> null-->PaymentReqeust Body : {"CorporateId":"AQMF001","TimeStamp":"1560859427549","UserId":"7485136194","Token":"2420246456","Transaction":[{"TransactionDetails":{"BeneficiaryAccountNo":"409000015845","BeneficiaryIFSC":"RATN0000001","MandateType":"D","PurposeCode":"P1301","PurposeDescription":"Family M","TransactionDate":"16/09/2020","TransactionReferenceNo":"1192840488752","TransferAmount":"2300"},"RemitterDetailsJobj":{"RemitterAddress1":"Goregaon","RemitterCity":"MumbaiCity","RemitterState":"MHCity","RemitterCountry":"AO","RemitterEmailId":"SBINHAMMADI@GMAIL.COM","RemitterId":"AQMF001","RemitterMobileNo":"27367222","RemitterName":"D123","RemitterZipCode":"629192890"},"BeneficiaryDetailsJobj":{"BeneficiaryAccountHolderName":"Dasi","BeneficiaryAddress1":"Airoli","BeneficiaryAddress2":"AD","BeneficiaryAddress3":"IN","BeneficiaryEmailId":"abcdef@sign.com","BeneficiaryMobileNo":"2736728","BeneficiaryZipNo":"2313333"}}]}<br>
2020-09-16 10:54:12 INFO  Utilities:158 - Step Description--> null-->PaymentReqeust Body : {"CorporateId":"AQMF001","TimeStamp":"1560859427549","UserId":"7485136194","Token":"2420246456","Transaction":[{"TransactionDetails":{"BeneficiaryAccountNo":"112101505172011","BeneficiaryIFSC":"SIMB0002233","MandateType":"I","PurposeCode":"P1301","PurposeDescription":"Family M","TransactionDate":"16/09/2020","TransactionReferenceNo":"1192840488753","TransferAmount":"2300"},"RemitterDetailsJobj":{"RemitterAddress1":"Goregaon","RemitterCity":"MumbaiCity","RemitterState":"MHCity","RemitterCountry":"AO","RemitterEmailId":"SBINHAMMADI@GMAIL.COM","RemitterId":"AQMF001","RemitterMobileNo":"27367222","RemitterName":"D123","RemitterZipCode":"629192890"},"BeneficiaryDetailsJobj":{"BeneficiaryAccountHolderName":"Dasi","BeneficiaryAddress1":"Airoli","BeneficiaryAddress2":"AD","BeneficiaryAddress3":"IN","BeneficiaryEmailId":"abcdef@sign.com","BeneficiaryMobileNo":"2736728","BeneficiaryZipNo":"2313333"}}]}<br>
2020-09-16 10:54:14 INFO  Utilities:158 - Step Description--> null-->Verify following tags || Expected Result : Error in remitterName, || Actual Result : Error in remitterName,
2020-09-16 10:54:14 INFO  Utilities:158 - Step Description--> null-->Verify following tags || Expected Result : Error in remitterName, || Actual Result : Error in remitterName,
2020-09-16 10:54:14 INFO  Utilities:158 - Step Description--> null-->Verify following tags || Expected Result : Error in remitterName, || Actual Result : Error in remitterName,
2020-09-16 10:54:14 INFO  Utilities:158 - Step Description--> null-->Verify following tags || Expected Result : Error in remitterName, || Actual Result : Error in remitterName,
2020-09-16 10:55:41 INFO  Utilities:158 - Step Description--> null-->PaymentReqeust Body : {"CorporateId":"AQMF001","TimeStamp":"1560859427549","UserId":"7485136194","Token":"2420246456","Transaction":[{"TransactionDetails":{"BeneficiaryAccountNo":"409000015845","BeneficiaryIFSC":"ICIC0000555","MandateType":"R","PurposeCode":"P1301","PurposeDescription":"Family M","TransactionDate":"16/09/2020","TransactionReferenceNo":"1192840488754","TransferAmount":"200010"},"RemitterDetailsJobj":{"RemitterAddress1":"Goregaon","RemitterCity":"MumbaiCity","RemitterState":"MHCity","RemitterCountry":"AO","RemitterEmailId":"SBINHAMMADI@GMAIL.COM","RemitterId":"AQMF001","RemitterMobileNo":"27367222","RemitterName":"Dasi","RemitterZipCode":"629192890"},"BeneficiaryDetailsJobj":{"BeneficiaryAccountHolderName":"D123","BeneficiaryAddress1":"Airoli","BeneficiaryAddress2":"AD","BeneficiaryAddress3":"IN","BeneficiaryEmailId":"abcdef@sign.com","BeneficiaryMobileNo":"2736728","BeneficiaryZipNo":"2313333"}}]}<br>
2020-09-16 10:55:44 INFO  Utilities:158 - Step Description--> null-->PaymentReqeust Body : {"CorporateId":"AQMF001","TimeStamp":"1560859427549","UserId":"7485136194","Token":"2420246456","Transaction":[{"TransactionDetails":{"BeneficiaryAccountNo":"409000015845","BeneficiaryIFSC":"ICIC0000555","MandateType":"N","PurposeCode":"P1301","PurposeDescription":"Family M","TransactionDate":"16/09/2020","TransactionReferenceNo":"1192840488755","TransferAmount":"2300"},"RemitterDetailsJobj":{"RemitterAddress1":"Goregaon","RemitterCity":"MumbaiCity","RemitterState":"MHCity","RemitterCountry":"AO","RemitterEmailId":"SBINHAMMADI@GMAIL.COM","RemitterId":"AQMF001","RemitterMobileNo":"27367222","RemitterName":"Dasi","RemitterZipCode":"629192890"},"BeneficiaryDetailsJobj":{"BeneficiaryAccountHolderName":"D123","BeneficiaryAddress1":"Airoli","BeneficiaryAddress2":"AD","BeneficiaryAddress3":"IN","BeneficiaryEmailId":"abcdef@sign.com","BeneficiaryMobileNo":"2736728","BeneficiaryZipNo":"2313333"}}]}<br>
2020-09-16 10:55:45 INFO  Utilities:158 - Step Description--> null-->PaymentReqeust Body : {"CorporateId":"AQMF001","TimeStamp":"1560859427549","UserId":"7485136194","Token":"2420246456","Transaction":[{"TransactionDetails":{"BeneficiaryAccountNo":"409000015845","BeneficiaryIFSC":"RATN0000001","MandateType":"D","PurposeCode":"P1301","PurposeDescription":"Family M","TransactionDate":"16/09/2020","TransactionReferenceNo":"1192840488756","TransferAmount":"2300"},"RemitterDetailsJobj":{"RemitterAddress1":"Goregaon","RemitterCity":"MumbaiCity","RemitterState":"MHCity","RemitterCountry":"AO","RemitterEmailId":"SBINHAMMADI@GMAIL.COM","RemitterId":"AQMF001","RemitterMobileNo":"27367222","RemitterName":"Dasi","RemitterZipCode":"629192890"},"BeneficiaryDetailsJobj":{"BeneficiaryAccountHolderName":"D123","BeneficiaryAddress1":"Airoli","BeneficiaryAddress2":"AD","BeneficiaryAddress3":"IN","BeneficiaryEmailId":"abcdef@sign.com","BeneficiaryMobileNo":"2736728","BeneficiaryZipNo":"2313333"}}]}<br>
2020-09-16 10:55:46 INFO  Utilities:158 - Step Description--> null-->PaymentReqeust Body : {"CorporateId":"AQMF001","TimeStamp":"1560859427549","UserId":"7485136194","Token":"2420246456","Transaction":[{"TransactionDetails":{"BeneficiaryAccountNo":"112101505172011","BeneficiaryIFSC":"SIMB0002233","MandateType":"I","PurposeCode":"P1301","PurposeDescription":"Family M","TransactionDate":"16/09/2020","TransactionReferenceNo":"1192840488757","TransferAmount":"2300"},"RemitterDetailsJobj":{"RemitterAddress1":"Goregaon","RemitterCity":"MumbaiCity","RemitterState":"MHCity","RemitterCountry":"AO","RemitterEmailId":"SBINHAMMADI@GMAIL.COM","RemitterId":"AQMF001","RemitterMobileNo":"27367222","RemitterName":"Dasi","RemitterZipCode":"629192890"},"BeneficiaryDetailsJobj":{"BeneficiaryAccountHolderName":"D123","BeneficiaryAddress1":"Airoli","BeneficiaryAddress2":"AD","BeneficiaryAddress3":"IN","BeneficiaryEmailId":"abcdef@sign.com","BeneficiaryMobileNo":"2736728","BeneficiaryZipNo":"2313333"}}]}<br>
2020-09-16 10:55:49 INFO  Utilities:158 - Step Description--> null-->Verify following tags || Expected Result : Error in beneAccHolderName, || Actual Result : Error in beneAccHolderName,
2020-09-16 10:55:49 INFO  Utilities:158 - Step Description--> null-->Verify following tags || Expected Result : Error in beneAccHolderName, || Actual Result : Error in beneAccHolderName,
2020-09-16 10:55:49 INFO  Utilities:158 - Step Description--> null-->Verify following tags || Expected Result : Error in beneAccHolderName, || Actual Result : Error in beneAccHolderName,
2020-09-16 10:55:49 INFO  Utilities:158 - Step Description--> null-->Verify following tags || Expected Result : Error in beneAccHolderName, || Actual Result : Error in beneAccHolderName,
2020-09-16 10:55:55 INFO  Utilities:158 - Step Description--> null-->PaymentReqeust Body : {"CorporateId":"AQMF001","TimeStamp":"1560859427549","UserId":"7485136194","Token":"2420246456","Transaction":[{"TransactionDetails":{"BeneficiaryAccountNo":"409000015845","BeneficiaryIFSC":"ICIC0000555","MandateType":"R","PurposeCode":"P1301","PurposeDescription":"Family M","TransactionDate":"16/09/2020","TransactionReferenceNo":"1192840488758","TransferAmount":"200010"},"RemitterDetailsJobj":{"RemitterAddress1":"Goregaon","RemitterCity":"MumbaiCity","RemitterState":"MHCity","RemitterCountry":"AO","RemitterEmailId":"SBINHAMMADI@GMAIL.COM","RemitterId":"AQMF001","RemitterMobileNo":"27367222","RemitterName":"D123","RemitterZipCode":"629192890"},"BeneficiaryDetailsJobj":{"BeneficiaryAccountHolderName":"Dasi","BeneficiaryAddress1":"Airoli","BeneficiaryAddress2":"AD","BeneficiaryAddress3":"IN","BeneficiaryEmailId":"abcdef@sign.com","BeneficiaryMobileNo":"2736728","BeneficiaryZipNo":"2313333"}}]}<br>
2020-09-16 10:55:56 INFO  Utilities:158 - Step Description--> null-->PaymentReqeust Body : {"CorporateId":"AQMF001","TimeStamp":"1560859427549","UserId":"7485136194","Token":"2420246456","Transaction":[{"TransactionDetails":{"BeneficiaryAccountNo":"409000015845","BeneficiaryIFSC":"ICIC0000555","MandateType":"N","PurposeCode":"P1301","PurposeDescription":"Family M","TransactionDate":"16/09/2020","TransactionReferenceNo":"1192840488759","TransferAmount":"2300"},"RemitterDetailsJobj":{"RemitterAddress1":"Goregaon","RemitterCity":"MumbaiCity","RemitterState":"MHCity","RemitterCountry":"AO","RemitterEmailId":"SBINHAMMADI@GMAIL.COM","RemitterId":"AQMF001","RemitterMobileNo":"27367222","RemitterName":"D123","RemitterZipCode":"629192890"},"BeneficiaryDetailsJobj":{"BeneficiaryAccountHolderName":"Dasi","BeneficiaryAddress1":"Airoli","BeneficiaryAddress2":"AD","BeneficiaryAddress3":"IN","BeneficiaryEmailId":"abcdef@sign.com","BeneficiaryMobileNo":"2736728","BeneficiaryZipNo":"2313333"}}]}<br>
2020-09-16 10:55:57 INFO  Utilities:158 - Step Description--> null-->PaymentReqeust Body : {"CorporateId":"AQMF001","TimeStamp":"1560859427549","UserId":"7485136194","Token":"2420246456","Transaction":[{"TransactionDetails":{"BeneficiaryAccountNo":"409000015845","BeneficiaryIFSC":"RATN0000001","MandateType":"D","PurposeCode":"P1301","PurposeDescription":"Family M","TransactionDate":"16/09/2020","TransactionReferenceNo":"1192840488760","TransferAmount":"2300"},"RemitterDetailsJobj":{"RemitterAddress1":"Goregaon","RemitterCity":"MumbaiCity","RemitterState":"MHCity","RemitterCountry":"AO","RemitterEmailId":"SBINHAMMADI@GMAIL.COM","RemitterId":"AQMF001","RemitterMobileNo":"27367222","RemitterName":"D123","RemitterZipCode":"629192890"},"BeneficiaryDetailsJobj":{"BeneficiaryAccountHolderName":"Dasi","BeneficiaryAddress1":"Airoli","BeneficiaryAddress2":"AD","BeneficiaryAddress3":"IN","BeneficiaryEmailId":"abcdef@sign.com","BeneficiaryMobileNo":"2736728","BeneficiaryZipNo":"2313333"}}]}<br>
2020-09-16 10:55:59 INFO  Utilities:158 - Step Description--> null-->PaymentReqeust Body : {"CorporateId":"AQMF001","TimeStamp":"1560859427549","UserId":"7485136194","Token":"2420246456","Transaction":[{"TransactionDetails":{"BeneficiaryAccountNo":"112101505172011","BeneficiaryIFSC":"SIMB0002233","MandateType":"I","PurposeCode":"P1301","PurposeDescription":"Family M","TransactionDate":"16/09/2020","TransactionReferenceNo":"1192840488761","TransferAmount":"2300"},"RemitterDetailsJobj":{"RemitterAddress1":"Goregaon","RemitterCity":"MumbaiCity","RemitterState":"MHCity","RemitterCountry":"AO","RemitterEmailId":"SBINHAMMADI@GMAIL.COM","RemitterId":"AQMF001","RemitterMobileNo":"27367222","RemitterName":"D123","RemitterZipCode":"629192890"},"BeneficiaryDetailsJobj":{"BeneficiaryAccountHolderName":"Dasi","BeneficiaryAddress1":"Airoli","BeneficiaryAddress2":"AD","BeneficiaryAddress3":"IN","BeneficiaryEmailId":"abcdef@sign.com","BeneficiaryMobileNo":"2736728","BeneficiaryZipNo":"2313333"}}]}<br>
2020-09-16 10:56:00 INFO  Utilities:158 - Step Description--> null-->Verify following tags || Expected Result : Error in remitterName, || Actual Result : Error in remitterName,
2020-09-16 10:56:00 INFO  Utilities:158 - Step Description--> null-->Verify following tags || Expected Result : Error in remitterName, || Actual Result : Error in remitterName,
2020-09-16 10:56:00 INFO  Utilities:158 - Step Description--> null-->Verify following tags || Expected Result : Error in remitterName, || Actual Result : Error in remitterName,
2020-09-16 10:56:00 INFO  Utilities:158 - Step Description--> null-->Verify following tags || Expected Result : Error in remitterName, || Actual Result : Error in remitterName,
2020-09-16 11:01:41 INFO  Utilities:158 - Step Description--> null--><b>PaymentReqeust Body :</b><br>{"CorporateId":"AQMF001","TimeStamp":"1560859427549","UserId":"7485136194","Token":"2420246456","Transaction":[{"TransactionDetails":{"BeneficiaryAccountNo":"409000015845","BeneficiaryIFSC":"ICIC0000555","MandateType":"R","PurposeCode":"P1301","PurposeDescription":"Family M","TransactionDate":"16/09/2020","TransactionReferenceNo":"1192840488762","TransferAmount":"200010"},"RemitterDetailsJobj":{"RemitterAddress1":"Goregaon","RemitterCity":"MumbaiCity","RemitterState":"MHCity","RemitterCountry":"AO","RemitterEmailId":"SBINHAMMADI@GMAIL.COM","RemitterId":"AQMF001","RemitterMobileNo":"27367222","RemitterName":"Dasi","RemitterZipCode":"629192890"},"BeneficiaryDetailsJobj":{"BeneficiaryAccountHolderName":"D123","BeneficiaryAddress1":"Airoli","BeneficiaryAddress2":"AD","BeneficiaryAddress3":"IN","BeneficiaryEmailId":"abcdef@sign.com","BeneficiaryMobileNo":"2736728","BeneficiaryZipNo":"2313333"}}]}<br><br>
2020-09-16 11:01:43 INFO  Utilities:158 - Step Description--> null--><b>PaymentReqeust Response :</b><br>[{"Status":"Failed","ErrorDesc":" Error in beneAccHolderName,","Amount":"200010","CorporateID":"AQMF001","StatusCode":"ER016","TransactionReferenceNumber":"1192840488762"}]<br><br>
2020-09-16 11:01:44 INFO  Utilities:158 - Step Description--> null--><b>PaymentReqeust Body :</b><br>{"CorporateId":"AQMF001","TimeStamp":"1560859427549","UserId":"7485136194","Token":"2420246456","Transaction":[{"TransactionDetails":{"BeneficiaryAccountNo":"409000015845","BeneficiaryIFSC":"ICIC0000555","MandateType":"N","PurposeCode":"P1301","PurposeDescription":"Family M","TransactionDate":"16/09/2020","TransactionReferenceNo":"1192840488763","TransferAmount":"2300"},"RemitterDetailsJobj":{"RemitterAddress1":"Goregaon","RemitterCity":"MumbaiCity","RemitterState":"MHCity","RemitterCountry":"AO","RemitterEmailId":"SBINHAMMADI@GMAIL.COM","RemitterId":"AQMF001","RemitterMobileNo":"27367222","RemitterName":"Dasi","RemitterZipCode":"629192890"},"BeneficiaryDetailsJobj":{"BeneficiaryAccountHolderName":"D123","BeneficiaryAddress1":"Airoli","BeneficiaryAddress2":"AD","BeneficiaryAddress3":"IN","BeneficiaryEmailId":"abcdef@sign.com","BeneficiaryMobileNo":"2736728","BeneficiaryZipNo":"2313333"}}]}<br><br>
2020-09-16 11:01:45 INFO  Utilities:158 - Step Description--> null--><b>PaymentReqeust Response :</b><br>[{"Status":"Failed","ErrorDesc":" Error in beneAccHolderName,","Amount":"2300","CorporateID":"AQMF001","StatusCode":"ER016","TransactionReferenceNumber":"1192840488763"}]<br><br>
2020-09-16 11:01:45 INFO  Utilities:158 - Step Description--> null--><b>PaymentReqeust Body :</b><br>{"CorporateId":"AQMF001","TimeStamp":"1560859427549","UserId":"7485136194","Token":"2420246456","Transaction":[{"TransactionDetails":{"BeneficiaryAccountNo":"409000015845","BeneficiaryIFSC":"RATN0000001","MandateType":"D","PurposeCode":"P1301","PurposeDescription":"Family M","TransactionDate":"16/09/2020","TransactionReferenceNo":"1192840488764","TransferAmount":"2300"},"RemitterDetailsJobj":{"RemitterAddress1":"Goregaon","RemitterCity":"MumbaiCity","RemitterState":"MHCity","RemitterCountry":"AO","RemitterEmailId":"SBINHAMMADI@GMAIL.COM","RemitterId":"AQMF001","RemitterMobileNo":"27367222","RemitterName":"Dasi","RemitterZipCode":"629192890"},"BeneficiaryDetailsJobj":{"BeneficiaryAccountHolderName":"D123","BeneficiaryAddress1":"Airoli","BeneficiaryAddress2":"AD","BeneficiaryAddress3":"IN","BeneficiaryEmailId":"abcdef@sign.com","BeneficiaryMobileNo":"2736728","BeneficiaryZipNo":"2313333"}}]}<br><br>
2020-09-16 11:01:46 INFO  Utilities:158 - Step Description--> null--><b>PaymentReqeust Response :</b><br>[{"Status":"Failed","ErrorDesc":" Error in beneAccHolderName,","Amount":"2300","CorporateID":"AQMF001","StatusCode":"ER016","TransactionReferenceNumber":"1192840488764"}]<br><br>
2020-09-16 11:01:46 INFO  Utilities:158 - Step Description--> null--><b>PaymentReqeust Body :</b><br>{"CorporateId":"AQMF001","TimeStamp":"1560859427549","UserId":"7485136194","Token":"2420246456","Transaction":[{"TransactionDetails":{"BeneficiaryAccountNo":"112101505172011","BeneficiaryIFSC":"SIMB0002233","MandateType":"I","PurposeCode":"P1301","PurposeDescription":"Family M","TransactionDate":"16/09/2020","TransactionReferenceNo":"1192840488765","TransferAmount":"2300"},"RemitterDetailsJobj":{"RemitterAddress1":"Goregaon","RemitterCity":"MumbaiCity","RemitterState":"MHCity","RemitterCountry":"AO","RemitterEmailId":"SBINHAMMADI@GMAIL.COM","RemitterId":"AQMF001","RemitterMobileNo":"27367222","RemitterName":"Dasi","RemitterZipCode":"629192890"},"BeneficiaryDetailsJobj":{"BeneficiaryAccountHolderName":"D123","BeneficiaryAddress1":"Airoli","BeneficiaryAddress2":"AD","BeneficiaryAddress3":"IN","BeneficiaryEmailId":"abcdef@sign.com","BeneficiaryMobileNo":"2736728","BeneficiaryZipNo":"2313333"}}]}<br><br>
2020-09-16 11:01:47 INFO  Utilities:158 - Step Description--> null--><b>PaymentReqeust Response :</b><br>[{"Status":"Failed","ErrorDesc":" Error in beneAccHolderName,","Amount":"2300","CorporateID":"AQMF001","StatusCode":"ER016","TransactionReferenceNumber":"1192840488765"}]<br><br>
2020-09-16 11:01:48 INFO  Utilities:158 - Step Description--> null-->Verify following tags || Expected Result : Error in beneAccHolderName, || Actual Result : Error in beneAccHolderName,
2020-09-16 11:01:48 INFO  Utilities:158 - Step Description--> null-->Verify following tags || Expected Result : Error in beneAccHolderName, || Actual Result : Error in beneAccHolderName,
2020-09-16 11:01:48 INFO  Utilities:158 - Step Description--> null-->Verify following tags || Expected Result : Error in beneAccHolderName, || Actual Result : Error in beneAccHolderName,
2020-09-16 11:01:48 INFO  Utilities:158 - Step Description--> null-->Verify following tags || Expected Result : Error in beneAccHolderName, || Actual Result : Error in beneAccHolderName,
2020-09-16 11:01:54 INFO  Utilities:158 - Step Description--> null--><b>PaymentReqeust Body :</b><br>{"CorporateId":"AQMF001","TimeStamp":"1560859427549","UserId":"7485136194","Token":"2420246456","Transaction":[{"TransactionDetails":{"BeneficiaryAccountNo":"409000015845","BeneficiaryIFSC":"ICIC0000555","MandateType":"R","PurposeCode":"P1301","PurposeDescription":"Family M","TransactionDate":"16/09/2020","TransactionReferenceNo":"1192840488766","TransferAmount":"200010"},"RemitterDetailsJobj":{"RemitterAddress1":"Goregaon","RemitterCity":"MumbaiCity","RemitterState":"MHCity","RemitterCountry":"AO","RemitterEmailId":"SBINHAMMADI@GMAIL.COM","RemitterId":"AQMF001","RemitterMobileNo":"27367222","RemitterName":"D123","RemitterZipCode":"629192890"},"BeneficiaryDetailsJobj":{"BeneficiaryAccountHolderName":"Dasi","BeneficiaryAddress1":"Airoli","BeneficiaryAddress2":"AD","BeneficiaryAddress3":"IN","BeneficiaryEmailId":"abcdef@sign.com","BeneficiaryMobileNo":"2736728","BeneficiaryZipNo":"2313333"}}]}<br><br>
2020-09-16 11:01:56 INFO  Utilities:158 - Step Description--> null--><b>PaymentReqeust Response :</b><br>[{"Status":"Failed","ErrorDesc":" Error in remitterName,","Amount":"200010","CorporateID":"AQMF001","StatusCode":"ER016","TransactionReferenceNumber":"1192840488766"}]<br><br>
2020-09-16 11:01:56 INFO  Utilities:158 - Step Description--> null--><b>PaymentReqeust Body :</b><br>{"CorporateId":"AQMF001","TimeStamp":"1560859427549","UserId":"7485136194","Token":"2420246456","Transaction":[{"TransactionDetails":{"BeneficiaryAccountNo":"409000015845","BeneficiaryIFSC":"ICIC0000555","MandateType":"N","PurposeCode":"P1301","PurposeDescription":"Family M","TransactionDate":"16/09/2020","TransactionReferenceNo":"1192840488767","TransferAmount":"2300"},"RemitterDetailsJobj":{"RemitterAddress1":"Goregaon","RemitterCity":"MumbaiCity","RemitterState":"MHCity","RemitterCountry":"AO","RemitterEmailId":"SBINHAMMADI@GMAIL.COM","RemitterId":"AQMF001","RemitterMobileNo":"27367222","RemitterName":"D123","RemitterZipCode":"629192890"},"BeneficiaryDetailsJobj":{"BeneficiaryAccountHolderName":"Dasi","BeneficiaryAddress1":"Airoli","BeneficiaryAddress2":"AD","BeneficiaryAddress3":"IN","BeneficiaryEmailId":"abcdef@sign.com","BeneficiaryMobileNo":"2736728","BeneficiaryZipNo":"2313333"}}]}<br><br>
2020-09-16 11:02:01 INFO  Utilities:158 - Step Description--> null--><b>PaymentReqeust Response :</b><br>[{"Status":"Failed","ErrorDesc":" Error in remitterName,","Amount":"2300","CorporateID":"AQMF001","StatusCode":"ER016","TransactionReferenceNumber":"1192840488767"}]<br><br>
2020-09-16 11:02:01 INFO  Utilities:158 - Step Description--> null--><b>PaymentReqeust Body :</b><br>{"CorporateId":"AQMF001","TimeStamp":"1560859427549","UserId":"7485136194","Token":"2420246456","Transaction":[{"TransactionDetails":{"BeneficiaryAccountNo":"409000015845","BeneficiaryIFSC":"RATN0000001","MandateType":"D","PurposeCode":"P1301","PurposeDescription":"Family M","TransactionDate":"16/09/2020","TransactionReferenceNo":"1192840488768","TransferAmount":"2300"},"RemitterDetailsJobj":{"RemitterAddress1":"Goregaon","RemitterCity":"MumbaiCity","RemitterState":"MHCity","RemitterCountry":"AO","RemitterEmailId":"SBINHAMMADI@GMAIL.COM","RemitterId":"AQMF001","RemitterMobileNo":"27367222","RemitterName":"D123","RemitterZipCode":"629192890"},"BeneficiaryDetailsJobj":{"BeneficiaryAccountHolderName":"Dasi","BeneficiaryAddress1":"Airoli","BeneficiaryAddress2":"AD","BeneficiaryAddress3":"IN","BeneficiaryEmailId":"abcdef@sign.com","BeneficiaryMobileNo":"2736728","BeneficiaryZipNo":"2313333"}}]}<br><br>
2020-09-16 11:02:02 INFO  Utilities:158 - Step Description--> null--><b>PaymentReqeust Response :</b><br>[{"Status":"Failed","ErrorDesc":" Error in remitterName,","Amount":"2300","CorporateID":"AQMF001","StatusCode":"ER016","TransactionReferenceNumber":"1192840488768"}]<br><br>
2020-09-16 11:02:02 INFO  Utilities:158 - Step Description--> null--><b>PaymentReqeust Body :</b><br>{"CorporateId":"AQMF001","TimeStamp":"1560859427549","UserId":"7485136194","Token":"2420246456","Transaction":[{"TransactionDetails":{"BeneficiaryAccountNo":"112101505172011","BeneficiaryIFSC":"SIMB0002233","MandateType":"I","PurposeCode":"P1301","PurposeDescription":"Family M","TransactionDate":"16/09/2020","TransactionReferenceNo":"1192840488769","TransferAmount":"2300"},"RemitterDetailsJobj":{"RemitterAddress1":"Goregaon","RemitterCity":"MumbaiCity","RemitterState":"MHCity","RemitterCountry":"AO","RemitterEmailId":"SBINHAMMADI@GMAIL.COM","RemitterId":"AQMF001","RemitterMobileNo":"27367222","RemitterName":"D123","RemitterZipCode":"629192890"},"BeneficiaryDetailsJobj":{"BeneficiaryAccountHolderName":"Dasi","BeneficiaryAddress1":"Airoli","BeneficiaryAddress2":"AD","BeneficiaryAddress3":"IN","BeneficiaryEmailId":"abcdef@sign.com","BeneficiaryMobileNo":"2736728","BeneficiaryZipNo":"2313333"}}]}<br><br>
2020-09-16 11:02:06 INFO  Utilities:158 - Step Description--> null--><b>PaymentReqeust Response :</b><br>[{"Status":"Failed","ErrorDesc":" Error in remitterName,","Amount":"2300","CorporateID":"AQMF001","StatusCode":"ER016","TransactionReferenceNumber":"1192840488769"}]<br><br>
2020-09-16 11:02:06 INFO  Utilities:158 - Step Description--> null-->Verify following tags || Expected Result : Error in remitterName, || Actual Result : Error in remitterName,
2020-09-16 11:02:06 INFO  Utilities:158 - Step Description--> null-->Verify following tags || Expected Result : Error in remitterName, || Actual Result : Error in remitterName,
2020-09-16 11:02:06 INFO  Utilities:158 - Step Description--> null-->Verify following tags || Expected Result : Error in remitterName, || Actual Result : Error in remitterName,
2020-09-16 11:02:07 INFO  Utilities:158 - Step Description--> null-->Verify following tags || Expected Result : Error in remitterName, || Actual Result : Error in remitterName,
2020-09-16 11:03:57 INFO  Utilities:158 - Step Description--> null-->PaymentReqeust Body : {"CorporateId":"AQMF001","TimeStamp":"1560859427549","UserId":"7485136194","Token":"2420246456","Transaction":[{"TransactionDetails":{"BeneficiaryAccountNo":"409000015845","BeneficiaryIFSC":"ICIC0000555","MandateType":"R","PurposeCode":"P1301","PurposeDescription":"Family M","TransactionDate":"16/09/2020","TransactionReferenceNo":"1192840488770","TransferAmount":"200010"},"RemitterDetailsJobj":{"RemitterAddress1":"Goregaon","RemitterCity":"MumbaiCity","RemitterState":"MHCity","RemitterCountry":"AO","RemitterEmailId":"SBINHAMMADI@GMAIL.COM","RemitterId":"AQMF001","RemitterMobileNo":"27367222","RemitterName":"Dasi","RemitterZipCode":"629192890"},"BeneficiaryDetailsJobj":{"BeneficiaryAccountHolderName":"D123","BeneficiaryAddress1":"Airoli","BeneficiaryAddress2":"AD","BeneficiaryAddress3":"IN","BeneficiaryEmailId":"abcdef@sign.com","BeneficiaryMobileNo":"2736728","BeneficiaryZipNo":"2313333"}}]}<br><br>
2020-09-16 11:04:00 INFO  Utilities:158 - Step Description--> null-->PaymentReqeust Response : [{"Status":"Failed","ErrorDesc":" Error in beneAccHolderName,","Amount":"200010","CorporateID":"AQMF001","StatusCode":"ER016","TransactionReferenceNumber":"1192840488770"}]<br><br>
2020-09-16 11:04:00 INFO  Utilities:158 - Step Description--> null-->PaymentReqeust Body : {"CorporateId":"AQMF001","TimeStamp":"1560859427549","UserId":"7485136194","Token":"2420246456","Transaction":[{"TransactionDetails":{"BeneficiaryAccountNo":"409000015845","BeneficiaryIFSC":"ICIC0000555","MandateType":"N","PurposeCode":"P1301","PurposeDescription":"Family M","TransactionDate":"16/09/2020","TransactionReferenceNo":"1192840488771","TransferAmount":"2300"},"RemitterDetailsJobj":{"RemitterAddress1":"Goregaon","RemitterCity":"MumbaiCity","RemitterState":"MHCity","RemitterCountry":"AO","RemitterEmailId":"SBINHAMMADI@GMAIL.COM","RemitterId":"AQMF001","RemitterMobileNo":"27367222","RemitterName":"Dasi","RemitterZipCode":"629192890"},"BeneficiaryDetailsJobj":{"BeneficiaryAccountHolderName":"D123","BeneficiaryAddress1":"Airoli","BeneficiaryAddress2":"AD","BeneficiaryAddress3":"IN","BeneficiaryEmailId":"abcdef@sign.com","BeneficiaryMobileNo":"2736728","BeneficiaryZipNo":"2313333"}}]}<br><br>
2020-09-16 11:04:02 INFO  Utilities:158 - Step Description--> null-->PaymentReqeust Response : [{"Status":"Failed","ErrorDesc":" Error in beneAccHolderName,","Amount":"2300","CorporateID":"AQMF001","StatusCode":"ER016","TransactionReferenceNumber":"1192840488771"}]<br><br>
2020-09-16 11:04:02 INFO  Utilities:158 - Step Description--> null-->PaymentReqeust Body : {"CorporateId":"AQMF001","TimeStamp":"1560859427549","UserId":"7485136194","Token":"2420246456","Transaction":[{"TransactionDetails":{"BeneficiaryAccountNo":"409000015845","BeneficiaryIFSC":"RATN0000001","MandateType":"D","PurposeCode":"P1301","PurposeDescription":"Family M","TransactionDate":"16/09/2020","TransactionReferenceNo":"1192840488772","TransferAmount":"2300"},"RemitterDetailsJobj":{"RemitterAddress1":"Goregaon","RemitterCity":"MumbaiCity","RemitterState":"MHCity","RemitterCountry":"AO","RemitterEmailId":"SBINHAMMADI@GMAIL.COM","RemitterId":"AQMF001","RemitterMobileNo":"27367222","RemitterName":"Dasi","RemitterZipCode":"629192890"},"BeneficiaryDetailsJobj":{"BeneficiaryAccountHolderName":"D123","BeneficiaryAddress1":"Airoli","BeneficiaryAddress2":"AD","BeneficiaryAddress3":"IN","BeneficiaryEmailId":"abcdef@sign.com","BeneficiaryMobileNo":"2736728","BeneficiaryZipNo":"2313333"}}]}<br><br>
2020-09-16 11:04:03 INFO  Utilities:158 - Step Description--> null-->PaymentReqeust Response : [{"Status":"Failed","ErrorDesc":" Error in beneAccHolderName,","Amount":"2300","CorporateID":"AQMF001","StatusCode":"ER016","TransactionReferenceNumber":"1192840488772"}]<br><br>
2020-09-16 11:04:03 INFO  Utilities:158 - Step Description--> null-->PaymentReqeust Body : {"CorporateId":"AQMF001","TimeStamp":"1560859427549","UserId":"7485136194","Token":"2420246456","Transaction":[{"TransactionDetails":{"BeneficiaryAccountNo":"112101505172011","BeneficiaryIFSC":"SIMB0002233","MandateType":"I","PurposeCode":"P1301","PurposeDescription":"Family M","TransactionDate":"16/09/2020","TransactionReferenceNo":"1192840488773","TransferAmount":"2300"},"RemitterDetailsJobj":{"RemitterAddress1":"Goregaon","RemitterCity":"MumbaiCity","RemitterState":"MHCity","RemitterCountry":"AO","RemitterEmailId":"SBINHAMMADI@GMAIL.COM","RemitterId":"AQMF001","RemitterMobileNo":"27367222","RemitterName":"Dasi","RemitterZipCode":"629192890"},"BeneficiaryDetailsJobj":{"BeneficiaryAccountHolderName":"D123","BeneficiaryAddress1":"Airoli","BeneficiaryAddress2":"AD","BeneficiaryAddress3":"IN","BeneficiaryEmailId":"abcdef@sign.com","BeneficiaryMobileNo":"2736728","BeneficiaryZipNo":"2313333"}}]}<br><br>
2020-09-16 11:04:04 INFO  Utilities:158 - Step Description--> null-->PaymentReqeust Response : [{"Status":"Failed","ErrorDesc":" Error in beneAccHolderName,","Amount":"2300","CorporateID":"AQMF001","StatusCode":"ER016","TransactionReferenceNumber":"1192840488773"}]<br><br>
2020-09-16 11:04:05 INFO  Utilities:158 - Step Description--> null-->Verify following tags || Expected Result : Error in beneAccHolderName, || Actual Result : Error in beneAccHolderName,
2020-09-16 11:04:05 INFO  Utilities:158 - Step Description--> null-->Verify following tags || Expected Result : Error in beneAccHolderName, || Actual Result : Error in beneAccHolderName,
2020-09-16 11:04:05 INFO  Utilities:158 - Step Description--> null-->Verify following tags || Expected Result : Error in beneAccHolderName, || Actual Result : Error in beneAccHolderName,
2020-09-16 11:04:05 INFO  Utilities:158 - Step Description--> null-->Verify following tags || Expected Result : Error in beneAccHolderName, || Actual Result : Error in beneAccHolderName,
