2020-09-08 20:12:40 INFO  Utilities:158 - Step Description--> null-->Open URL - 'https://rbllastmile.remit.in/onlinetransfer/secure/login.jsp'.
2020-09-09 12:10:20 INFO  Utilities:158 - Step Description--> null-->Open URL - 'https://rbllastmile.remit.in/onlinetransfer/secure/login.jsp'.
2020-09-09 12:16:07 INFO  Utilities:158 - Step Description--> null-->Open URL - 'https://rbllastmile.remit.in/onlinetransfer/secure/login.jsp'.
2020-09-09 12:23:08 INFO  Utilities:158 - Step Description--> null-->Verify following tags || Expected Result : Transaction Received || Actual Result : Transaction Received
2020-09-09 12:23:08 INFO  Utilities:158 - Step Description--> null-->Verify following tags || Expected Result : Sent to Authorizer || Actual Result : Sent to Authorizer
2020-09-09 12:23:15 INFO  Utilities:158 - Step Description--> null-->Open URL - 'https://rbllastmile.remit.in/onlinetransfer/secure/login.jsp'.
2020-09-09 14:20:48 INFO  Utilities:158 - Step Description--> null-->Verify following tags || Expected Result : Transaction Received || Actual Result : Transaction Received
2020-09-09 14:20:48 INFO  Utilities:158 - Step Description--> null-->Verify following tags || Expected Result : Sent to Authorizer || Actual Result : Sent to Authorizer
2020-09-09 14:20:54 INFO  Utilities:158 - Step Description--> null-->Open URL - 'https://rbllastmile.remit.in/onlinetransfer/secure/login.jsp'.
2020-09-09 14:27:48 INFO  Utilities:158 - Step Description--> null-->Verify following tags || Expected Result : Transaction Received || Actual Result : Transaction Received
2020-09-09 14:27:54 INFO  Utilities:158 - Step Description--> null-->Verify following tags || Expected Result : Sent to Authorizer || Actual Result : Sent to Authorizer
2020-09-09 14:28:00 INFO  Utilities:158 - Step Description--> null-->Open URL - 'https://rbllastmile.remit.in/onlinetransfer/secure/login.jsp'.
2020-09-09 14:30:44 ERROR Utilities:166 - Step Description--> null-->Set User Name in Login Page || Input Value : rbladmin
2020-09-09 14:30:44 ERROR Utilities:167 - Failure URl :-------------> null-->data:,
2020-09-09 14:32:49 INFO  Utilities:158 - Step Description--> null-->Verify following tags || Expected Result : Transaction Received || Actual Result : Transaction Received
2020-09-09 14:32:50 INFO  Utilities:158 - Step Description--> null-->Verify following tags || Expected Result : Sent to Authorizer || Actual Result : Sent to Authorizer
2020-09-09 14:32:56 INFO  Utilities:158 - Step Description--> null-->Open URL - 'https://rbllastmile.remit.in/onlinetransfer/secure/login.jsp'.
2020-09-09 14:36:01 ERROR Utilities:166 - Step Description--> null-->Set User Name in Login Page || Input Value : rbladmin
2020-09-09 14:36:01 ERROR Utilities:167 - Failure URl :-------------> null-->data:,
2020-09-09 14:39:22 INFO  Utilities:158 - Step Description--> null-->Open URL - 'https://rbllastmile.remit.in/onlinetransfer/secure/login.jsp'.
2020-09-09 14:40:32 INFO  Utilities:158 - Step Description--> null-->Open URL - 'https://rbllastmile.remit.in/onlinetransfer/secure/login.jsp'.
2020-09-09 14:43:20 INFO  Utilities:158 - Step Description--> null-->Open URL - 'https://rbllastmile.remit.in/onlinetransfer/secure/login.jsp'.
2020-09-09 14:44:39 ERROR Utilities:166 - Step Description--> null-->Set User Name in Login Page || Input Value : rbladmin
2020-09-09 14:45:47 INFO  Utilities:158 - Step Description--> null-->Open URL - 'https://rbllastmile.remit.in/onlinetransfer/secure/login.jsp'.
2020-09-09 14:47:32 ERROR Utilities:166 - Step Description--> null-->Set User Name in Login Page || Input Value : rbladmin
2020-09-09 14:48:51 INFO  Utilities:158 - Step Description--> null-->Open URL - 'https://rbllastmile.remit.in/onlinetransfer/secure/login.jsp'.
2020-09-09 14:50:37 ERROR Utilities:166 - Step Description--> null-->Set User Name in Login Page || Input Value : rbladmin
2020-09-09 14:52:09 INFO  Utilities:158 - Step Description--> null-->Open URL - 'https://rbllastmile.remit.in/onlinetransfer/secure/login.jsp'.
2020-09-09 14:54:05 INFO  Utilities:158 - Step Description--> STP Scenario-->Verify following tags || Expected Result : Transaction Received || Actual Result : Transaction Received
2020-09-09 14:54:05 INFO  Utilities:158 - Step Description--> STP Scenario-->Verify following tags || Expected Result : Sent to Authorizer || Actual Result : Sent to Authorizer
2020-09-09 14:54:06 INFO  Utilities:158 - Step Description--> STP Scenario-->Open URL - 'https://rbllastmile.remit.in/onlinetransfer/secure/login.jsp'.
2020-09-09 14:55:41 INFO  Utilities:158 - Step Description--> null-->Verify following tags || Expected Result : Transaction Received || Actual Result : Transaction Received
2020-09-09 14:55:41 INFO  Utilities:158 - Step Description--> null-->Verify following tags || Expected Result : Sent to Authorizer || Actual Result : Sent to Authorizer
2020-09-09 14:55:43 INFO  Utilities:158 - Step Description--> null-->Open URL - 'https://rbllastmile.remit.in/onlinetransfer/secure/login.jsp'.
2020-09-09 14:56:19 INFO  Utilities:158 - Step Description--> null-->Set User Name in Login Page || Input Value : rbladmin
2020-09-09 14:56:32 INFO  Utilities:158 - Step Description--> null-->Set Password in Login Page || Input Value : password@2
2020-09-09 14:56:42 INFO  Utilities:158 - Step Description--> null-->Click on login Button on Admin Login Page
2020-09-09 15:00:22 INFO  Utilities:158 - Step Description--> null-->Verify following tags || Expected Result : Transaction Received || Actual Result : Transaction Received
2020-09-09 15:00:23 INFO  Utilities:158 - Step Description--> null-->Verify following tags || Expected Result : Sent to Authorizer || Actual Result : Sent to Authorizer
2020-09-09 15:00:24 INFO  Utilities:158 - Step Description--> null-->Open URL - 'https://rbllastmile.remit.in/onlinetransfer/secure/login.jsp'.
2020-09-09 15:00:24 INFO  Utilities:158 - Step Description--> null-->Set User Name in Login Page || Input Value : rbladmin
2020-09-09 15:00:24 INFO  Utilities:158 - Step Description--> null-->Set Password in Login Page || Input Value : password@2
2020-09-09 15:00:25 INFO  Utilities:158 - Step Description--> null-->Click on login Button on Admin Login Page
2020-09-09 15:04:30 INFO  Utilities:158 - Step Description--> null-->Verify following tags || Expected Result : Transaction Received || Actual Result : Transaction Received
2020-09-09 15:04:31 INFO  Utilities:158 - Step Description--> null-->Verify following tags || Expected Result : Sent to Authorizer || Actual Result : Sent to Authorizer
2020-09-09 15:04:33 INFO  Utilities:158 - Step Description--> null-->Open URL - 'https://rbllastmile.remit.in/onlinetransfer/secure/login.jsp'.
2020-09-09 15:04:44 INFO  Utilities:158 - Step Description--> null-->Set User Name in Login Page || Input Value : rbladmin
2020-09-09 15:04:44 INFO  Utilities:158 - Step Description--> null-->Set Password in Login Page || Input Value : password@2
2020-09-09 15:04:45 INFO  Utilities:158 - Step Description--> null-->Click on login Button on Admin Login Page
2020-09-09 15:04:52 INFO  Utilities:158 - Step Description--> null-->Verify following tags || Expected Result : Transaction Received || Actual Result : Transaction Received
2020-09-09 15:04:52 INFO  Utilities:158 - Step Description--> null-->Verify following tags || Expected Result : Sent to Authorizer || Actual Result : Sent to Authorizer
2020-09-09 15:04:53 INFO  Utilities:158 - Step Description--> null-->Open URL - 'https://rbllastmile.remit.in/onlinetransfer/secure/login.jsp'.
2020-09-09 15:04:54 INFO  Utilities:158 - Step Description--> null-->Set User Name in Login Page || Input Value : rbladmin
2020-09-09 15:04:54 INFO  Utilities:158 - Step Description--> null-->Set Password in Login Page || Input Value : password@2
2020-09-09 15:04:55 INFO  Utilities:158 - Step Description--> null-->Click on login Button on Admin Login Page
2020-09-09 15:07:10 INFO  Utilities:158 - Step Description--> null-->Verify following tags || Expected Result : Transaction Received || Actual Result : Transaction Received
2020-09-09 15:07:11 INFO  Utilities:158 - Step Description--> null-->Verify following tags || Expected Result : Sent to Authorizer || Actual Result : Sent to Authorizer
2020-09-09 15:07:12 INFO  Utilities:158 - Step Description--> null-->Open URL - 'https://rbllastmile.remit.in/onlinetransfer/secure/login.jsp'.
2020-09-09 15:07:36 INFO  Utilities:158 - Step Description--> null-->Set User Name in Login Page || Input Value : rbladmin
2020-09-09 15:08:34 INFO  Utilities:158 - Step Description--> null-->Set Password in Login Page || Input Value : password@2
2020-09-09 15:08:36 INFO  Utilities:158 - Step Description--> null-->Click on login Button on Admin Login Page
2020-09-09 15:12:13 INFO  Utilities:158 - Step Description--> null-->Verify following tags || Expected Result : Transaction Received || Actual Result : Transaction Received
2020-09-09 15:12:13 INFO  Utilities:158 - Step Description--> null-->Verify following tags || Expected Result : Sent to Authorizer || Actual Result : Sent to Authorizer
2020-09-09 15:12:20 INFO  Utilities:158 - Step Description--> null-->Open URL - 'https://rbllastmile.remit.in/onlinetransfer/secure/login.jsp'.
2020-09-09 15:13:44 ERROR Utilities:166 - Step Description--> null-->Set User Name in Login Page || Input Value : rbladmin
2020-09-09 15:20:27 INFO  Utilities:158 - Step Description--> null-->Verify following tags || Expected Result : Transaction Received || Actual Result : Transaction Received
2020-09-09 15:20:27 INFO  Utilities:158 - Step Description--> null-->Verify following tags || Expected Result : Sent to Authorizer || Actual Result : Sent to Authorizer
2020-09-09 15:20:28 INFO  Utilities:158 - Step Description--> null-->Open URL - 'https://rbllastmile.remit.in/onlinetransfer/secure/login.jsp'.
2020-09-09 15:20:28 INFO  Utilities:158 - Step Description--> null-->Set User Name in Login Page || Input Value : rbladmin
2020-09-09 15:20:28 INFO  Utilities:158 - Step Description--> null-->Set Password in Login Page || Input Value : password@2
2020-09-09 15:20:29 INFO  Utilities:158 - Step Description--> null-->Click on login Button on Admin Login Page
2020-09-09 15:20:36 INFO  Utilities:158 - Step Description--> null-->Verify following tags || Expected Result : Transaction Received || Actual Result : Transaction Received
2020-09-09 15:20:36 INFO  Utilities:158 - Step Description--> null-->Verify following tags || Expected Result : Sent to Authorizer || Actual Result : Sent to Authorizer
2020-09-09 15:20:37 INFO  Utilities:158 - Step Description--> null-->Open URL - 'https://rbllastmile.remit.in/onlinetransfer/secure/login.jsp'.
2020-09-09 15:20:38 INFO  Utilities:158 - Step Description--> null-->Set User Name in Login Page || Input Value : rbladmin
2020-09-09 15:20:38 INFO  Utilities:158 - Step Description--> null-->Set Password in Login Page || Input Value : password@2
2020-09-09 15:20:39 INFO  Utilities:158 - Step Description--> null-->Click on login Button on Admin Login Page
2020-09-09 15:41:58 INFO  Utilities:158 - Step Description--> null-->Verify following tags || Expected Result : Transaction Received || Actual Result : Transaction Received
2020-09-09 15:41:58 INFO  Utilities:158 - Step Description--> null-->Verify following tags || Expected Result : Sent to Authorizer || Actual Result : Sent to Authorizer
2020-09-09 15:41:59 INFO  Utilities:158 - Step Description--> null-->Open URL - 'https://rbllastmile.remit.in/onlinetransfer/secure/login.jsp'.
2020-09-09 15:42:05 INFO  Utilities:158 - Step Description--> null-->Verify following tags || Expected Result : Transaction Received || Actual Result : Transaction Received
2020-09-09 15:42:05 INFO  Utilities:158 - Step Description--> null-->Verify following tags || Expected Result : Sent to Authorizer || Actual Result : Sent to Authorizer
2020-09-09 15:42:08 INFO  Utilities:158 - Step Description--> null-->Open URL - 'https://rbllastmile.remit.in/onlinetransfer/secure/login.jsp'.
2020-09-09 15:56:34 INFO  Utilities:158 - Step Description--> null-->Verify following tags || Expected Result : Transaction Received || Actual Result : Transaction Received
2020-09-09 15:56:34 INFO  Utilities:158 - Step Description--> null-->Verify following tags || Expected Result : Sent to Authorizer || Actual Result : Sent to Authorizer
2020-09-09 15:56:35 INFO  Utilities:158 - Step Description--> null-->Open URL - 'https://rbllastmile.remit.in/onlinetransfer/secure/login.jsp'.
2020-09-09 15:56:36 INFO  Utilities:158 - Step Description--> null-->Set User Name in Login Page || Input Value : rbladmin
2020-09-09 15:56:36 INFO  Utilities:158 - Step Description--> null-->Set Password in Login Page || Input Value : password@2
2020-09-09 15:56:37 INFO  Utilities:158 - Step Description--> null-->Click on login Button on Admin Login Page
2020-09-09 15:56:38 INFO  Utilities:158 - Step Description--> null-->Click on MIS Button
2020-09-09 15:56:39 INFO  Utilities:158 - Step Description--> null-->Click on TransactionDashBoard Button
2020-09-09 15:56:45 INFO  Utilities:158 - Step Description--> null-->Verify following tags || Expected Result : Transaction Received || Actual Result : Transaction Received
2020-09-09 15:56:46 INFO  Utilities:158 - Step Description--> null-->Verify following tags || Expected Result : Sent to Authorizer || Actual Result : Sent to Authorizer
2020-09-09 15:56:46 INFO  Utilities:158 - Step Description--> null-->Open URL - 'https://rbllastmile.remit.in/onlinetransfer/secure/login.jsp'.
2020-09-09 15:56:47 INFO  Utilities:158 - Step Description--> null-->Set User Name in Login Page || Input Value : rbladmin
2020-09-09 15:56:47 INFO  Utilities:158 - Step Description--> null-->Set Password in Login Page || Input Value : password@2
2020-09-09 15:56:48 INFO  Utilities:158 - Step Description--> null-->Click on login Button on Admin Login Page
2020-09-09 16:17:02 INFO  Utilities:158 - Step Description--> null-->Verify following tags || Expected Result : Transaction Received || Actual Result : Transaction Received
2020-09-09 16:17:02 INFO  Utilities:158 - Step Description--> null-->Verify following tags || Expected Result : Sent to Authorizer || Actual Result : Sent to Authorizer
2020-09-09 16:17:04 INFO  Utilities:158 - Step Description--> null-->Open URL - 'https://rbllastmile.remit.in/onlinetransfer/secure/login.jsp'.
2020-09-09 16:17:05 INFO  Utilities:158 - Step Description--> null-->Set User Name in Login Page || Input Value : rbladmin
2020-09-09 16:17:05 INFO  Utilities:158 - Step Description--> null-->Set Password in Login Page || Input Value : password@2
2020-09-09 16:17:06 INFO  Utilities:158 - Step Description--> null-->Click on login Button on Admin Login Page
2020-09-09 16:17:12 INFO  Utilities:158 - Step Description--> null-->Click on MIS Button
2020-09-09 16:17:14 INFO  Utilities:158 - Step Description--> null-->Click on TransactionDashBoard Button
2020-09-09 16:19:54 ERROR Utilities:166 - Step Description--> null-->AQMF001 as option in corporate dropdown
2020-09-09 16:19:54 ERROR Utilities:167 - Failure URl :-------------> null-->https://rbllastmile.remit.in/onlinetransfer/secure/home.jsp#
2020-09-09 16:20:01 INFO  Utilities:158 - Step Description--> null-->Verify following tags || Expected Result : Transaction Received || Actual Result : Transaction Received
2020-09-09 16:20:01 INFO  Utilities:158 - Step Description--> null-->Verify following tags || Expected Result : Sent to Authorizer || Actual Result : Sent to Authorizer
2020-09-09 16:20:04 INFO  Utilities:158 - Step Description--> null-->Open URL - 'https://rbllastmile.remit.in/onlinetransfer/secure/login.jsp'.
2020-09-09 16:20:04 INFO  Utilities:158 - Step Description--> null-->Set User Name in Login Page || Input Value : rbladmin
2020-09-09 16:20:04 INFO  Utilities:158 - Step Description--> null-->Set Password in Login Page || Input Value : password@2
2020-09-09 16:20:06 INFO  Utilities:158 - Step Description--> null-->Click on login Button on Admin Login Page
2020-09-09 16:29:26 INFO  Utilities:158 - Step Description--> null-->Verify following tags || Expected Result : Transaction Received || Actual Result : Transaction Received
2020-09-09 16:29:26 INFO  Utilities:158 - Step Description--> null-->Verify following tags || Expected Result : Sent to Authorizer || Actual Result : Sent to Authorizer
2020-09-09 16:29:28 INFO  Utilities:158 - Step Description--> null-->Open URL - 'https://rbllastmile.remit.in/onlinetransfer/secure/login.jsp'.
2020-09-09 16:29:34 INFO  Utilities:158 - Step Description--> null-->Set User Name in Login Page || Input Value : rbladmin
2020-09-09 16:29:38 INFO  Utilities:158 - Step Description--> null-->Set Password in Login Page || Input Value : password@2
2020-09-09 16:29:41 INFO  Utilities:158 - Step Description--> null-->Click on login Button on Admin Login Page
2020-09-09 16:29:47 INFO  Utilities:158 - Step Description--> null-->Click on MIS Button
2020-09-09 16:29:49 INFO  Utilities:158 - Step Description--> null-->Click on TransactionDashBoard Button
2020-09-09 16:29:50 ERROR Utilities:166 - Step Description--> null-->Click on submit Button
2020-09-09 16:29:50 ERROR Utilities:167 - Failure URl :-------------> null-->https://rbllastmile.remit.in/onlinetransfer/secure/home.jsp#
2020-09-09 16:31:40 INFO  Utilities:158 - Step Description--> null-->Verify following tags || Expected Result : Transaction Received || Actual Result : Transaction Received
2020-09-09 16:31:40 INFO  Utilities:158 - Step Description--> null-->Verify following tags || Expected Result : Sent to Authorizer || Actual Result : Sent to Authorizer
2020-09-09 16:31:42 INFO  Utilities:158 - Step Description--> null-->Open URL - 'https://rbllastmile.remit.in/onlinetransfer/secure/login.jsp'.
2020-09-09 16:31:42 INFO  Utilities:158 - Step Description--> null-->Set User Name in Login Page || Input Value : rbladmin
2020-09-09 16:31:42 INFO  Utilities:158 - Step Description--> null-->Set Password in Login Page || Input Value : password@2
2020-09-09 16:31:43 INFO  Utilities:158 - Step Description--> null-->Click on login Button on Admin Login Page
2020-09-09 16:31:45 INFO  Utilities:158 - Step Description--> null-->Click on MIS Button
2020-09-09 16:31:46 INFO  Utilities:158 - Step Description--> null-->Click on TransactionDashBoard Button
2020-09-09 16:31:46 ERROR Utilities:166 - Step Description--> null-->Click on submit Button
2020-09-09 16:31:46 ERROR Utilities:167 - Failure URl :-------------> null-->https://rbllastmile.remit.in/onlinetransfer/secure/home.jsp#
2020-09-09 16:35:01 INFO  Utilities:158 - Step Description--> null-->Verify following tags || Expected Result : Transaction Received || Actual Result : Transaction Received
2020-09-09 16:35:02 INFO  Utilities:158 - Step Description--> null-->Verify following tags || Expected Result : Sent to Authorizer || Actual Result : Sent to Authorizer
2020-09-09 16:35:04 INFO  Utilities:158 - Step Description--> null-->Open URL - 'https://rbllastmile.remit.in/onlinetransfer/secure/login.jsp'.
2020-09-09 16:35:04 INFO  Utilities:158 - Step Description--> null-->Set User Name in Login Page || Input Value : rbladmin
2020-09-09 16:35:04 INFO  Utilities:158 - Step Description--> null-->Set Password in Login Page || Input Value : password@2
2020-09-09 16:35:05 INFO  Utilities:158 - Step Description--> null-->Click on login Button on Admin Login Page
2020-09-09 16:35:07 INFO  Utilities:158 - Step Description--> null-->Click on MIS Button
2020-09-09 16:35:08 INFO  Utilities:158 - Step Description--> null-->Click on TransactionDashBoard Button
2020-09-09 16:35:34 INFO  Utilities:158 - Step Description--> null-->Swtich to frame
2020-09-09 16:36:00 INFO  Utilities:158 - Step Description--> null-->AQMF001 as option in corporate dropdown
2020-09-09 16:36:10 INFO  Utilities:158 - Step Description--> null-->Today as option in frquency dropdown
2020-09-09 16:36:18 INFO  Utilities:158 - Step Description--> null-->Click on submit Button
2020-09-09 18:02:18 INFO  Utilities:158 - Step Description--> null-->Verify following tags || Expected Result : Transaction Received || Actual Result : Transaction Received
2020-09-09 18:02:18 INFO  Utilities:158 - Step Description--> null-->Verify following tags || Expected Result : Sent to Authorizer || Actual Result : Sent to Authorizer
2020-09-09 18:02:19 INFO  Utilities:158 - Step Description--> null-->Open URL - 'https://rbllastmile.remit.in/onlinetransfer/secure/login.jsp'.
2020-09-09 18:02:20 INFO  Utilities:158 - Step Description--> null-->Set User Name in Login Page || Input Value : rbladmin
2020-09-09 18:02:20 INFO  Utilities:158 - Step Description--> null-->Set Password in Login Page || Input Value : password@2
2020-09-09 18:02:21 INFO  Utilities:158 - Step Description--> null-->Click on login Button on Admin Login Page
2020-09-09 18:02:23 INFO  Utilities:158 - Step Description--> null-->Click on MIS Button
2020-09-09 18:02:24 INFO  Utilities:158 - Step Description--> null-->Click on TransactionDashBoard Button
2020-09-09 18:02:24 INFO  Utilities:158 - Step Description--> null-->Swtich to frame
2020-09-09 18:02:24 INFO  Utilities:158 - Step Description--> null-->AQMF001 as option in corporate dropdown
2020-09-09 18:02:24 INFO  Utilities:158 - Step Description--> null-->Today as option in frquency dropdown
2020-09-09 18:02:26 INFO  Utilities:158 - Step Description--> null-->Click on submit Button
2020-09-09 18:02:58 INFO  Utilities:158 - Step Description--> null-->Click on Transaction Booked link
2020-09-09 18:06:00 INFO  Utilities:158 - Step Description--> null-->Click on Transaction Booked link
2020-09-09 18:18:49 INFO  Utilities:158 - Step Description--> null-->Verify following tags || Expected Result : Transaction Received || Actual Result : Transaction Received
2020-09-09 18:18:49 INFO  Utilities:158 - Step Description--> null-->Verify following tags || Expected Result : Sent to Authorizer || Actual Result : Sent to Authorizer
2020-09-09 18:18:50 INFO  Utilities:158 - Step Description--> null-->Open URL - 'https://rbllastmile.remit.in/onlinetransfer/secure/login.jsp'.
2020-09-09 18:18:50 INFO  Utilities:158 - Step Description--> null-->Set User Name in Login Page || Input Value : rbladmin
2020-09-09 18:18:50 INFO  Utilities:158 - Step Description--> null-->Set Password in Login Page || Input Value : password@2
2020-09-09 18:18:52 INFO  Utilities:158 - Step Description--> null-->Click on login Button on Admin Login Page
2020-09-09 18:18:53 INFO  Utilities:158 - Step Description--> null-->Click on MIS Button
2020-09-09 18:18:54 INFO  Utilities:158 - Step Description--> null-->Click on TransactionDashBoard Button
2020-09-09 18:18:54 INFO  Utilities:158 - Step Description--> null-->Swtich to frame
2020-09-09 18:18:55 INFO  Utilities:158 - Step Description--> null-->AQMF001 as option in corporate dropdown
2020-09-09 18:18:55 INFO  Utilities:158 - Step Description--> null-->Today as option in frquency dropdown
2020-09-09 18:18:56 INFO  Utilities:158 - Step Description--> null-->Click on submit Button
2020-09-09 18:18:57 INFO  Utilities:158 - Step Description--> null-->Click on Transaction Booked link
2020-09-09 18:18:57 INFO  Utilities:158 - Step Description--> null-->Click on Transaction Booked link
2020-09-09 18:23:29 INFO  Utilities:158 - Step Description--> null-->Verify following tags || Expected Result : Transaction Received || Actual Result : Transaction Received
2020-09-09 18:23:29 INFO  Utilities:158 - Step Description--> null-->Verify following tags || Expected Result : Sent to Authorizer || Actual Result : Sent to Authorizer
2020-09-09 18:23:30 INFO  Utilities:158 - Step Description--> null-->Open URL - 'https://rbllastmile.remit.in/onlinetransfer/secure/login.jsp'.
2020-09-09 18:23:30 INFO  Utilities:158 - Step Description--> null-->Set User Name in Login Page || Input Value : rbladmin
2020-09-09 18:23:30 INFO  Utilities:158 - Step Description--> null-->Set Password in Login Page || Input Value : password@2
2020-09-09 18:23:32 INFO  Utilities:158 - Step Description--> null-->Click on login Button on Admin Login Page
2020-09-09 18:23:34 INFO  Utilities:158 - Step Description--> null-->Click on MIS Button
2020-09-09 18:23:35 INFO  Utilities:158 - Step Description--> null-->Click on TransactionDashBoard Button
2020-09-09 18:23:39 INFO  Utilities:158 - Step Description--> null-->Swtich to frame
2020-09-09 18:23:39 INFO  Utilities:158 - Step Description--> null-->AQMF001 as option in corporate dropdown
2020-09-09 18:23:39 INFO  Utilities:158 - Step Description--> null-->Today as option in frquency dropdown
2020-09-09 18:23:41 INFO  Utilities:158 - Step Description--> null-->Click on submit Button
2020-09-09 18:23:42 INFO  Utilities:158 - Step Description--> null-->Click on Transaction Booked link
2020-09-09 18:23:42 INFO  Utilities:158 - Step Description--> null-->Fetch application Status
2020-09-09 18:27:05 INFO  Utilities:158 - Step Description--> null-->Verify following tags || Expected Result : Transaction Received || Actual Result : Transaction Received
2020-09-09 18:27:05 INFO  Utilities:158 - Step Description--> null-->Verify following tags || Expected Result : Sent to Authorizer || Actual Result : Sent to Authorizer
2020-09-09 18:27:06 INFO  Utilities:158 - Step Description--> null-->Open URL - 'https://rbllastmile.remit.in/onlinetransfer/secure/login.jsp'.
2020-09-09 18:27:06 INFO  Utilities:158 - Step Description--> null-->Set User Name in Login Page || Input Value : rbladmin
2020-09-09 18:27:06 INFO  Utilities:158 - Step Description--> null-->Set Password in Login Page || Input Value : password@2
2020-09-09 18:27:08 INFO  Utilities:158 - Step Description--> null-->Click on login Button on Admin Login Page
2020-09-09 18:27:09 INFO  Utilities:158 - Step Description--> null-->Click on MIS Button
2020-09-09 18:27:10 INFO  Utilities:158 - Step Description--> null-->Click on TransactionDashBoard Button
2020-09-09 18:27:14 INFO  Utilities:158 - Step Description--> null-->Swtich to frame
2020-09-09 18:27:14 INFO  Utilities:158 - Step Description--> null-->AQMF001 as option in corporate dropdown
2020-09-09 18:27:14 INFO  Utilities:158 - Step Description--> null-->Today as option in frquency dropdown
2020-09-09 18:27:15 INFO  Utilities:158 - Step Description--> null-->Click on submit Button
2020-09-09 18:27:17 INFO  Utilities:158 - Step Description--> null-->Click on Transaction Booked link
2020-09-09 18:27:17 INFO  Utilities:158 - Step Description--> null-->Fetch application Status
2020-09-09 18:31:24 INFO  Utilities:158 - Step Description--> null-->Verify following tags || Expected Result : Transaction Received || Actual Result : Transaction Received
2020-09-09 18:31:24 INFO  Utilities:158 - Step Description--> null-->Verify following tags || Expected Result : Sent to Authorizer || Actual Result : Sent to Authorizer
2020-09-09 18:31:25 INFO  Utilities:158 - Step Description--> null-->Open URL - 'https://rbllastmile.remit.in/onlinetransfer/secure/login.jsp'.
2020-09-09 18:31:25 INFO  Utilities:158 - Step Description--> null-->Set User Name in Login Page || Input Value : rbladmin
2020-09-09 18:31:25 INFO  Utilities:158 - Step Description--> null-->Set Password in Login Page || Input Value : password@2
2020-09-09 18:31:26 INFO  Utilities:158 - Step Description--> null-->Click on login Button on Admin Login Page
2020-09-09 18:31:28 INFO  Utilities:158 - Step Description--> null-->Click on MIS Button
2020-09-09 18:31:29 INFO  Utilities:158 - Step Description--> null-->Click on TransactionDashBoard Button
2020-09-09 18:31:29 INFO  Utilities:158 - Step Description--> null-->Swtich to frame
2020-09-09 18:31:29 INFO  Utilities:158 - Step Description--> null-->AQMF001 as option in corporate dropdown
2020-09-09 18:31:29 INFO  Utilities:158 - Step Description--> null-->Today as option in frquency dropdown
2020-09-09 18:31:35 INFO  Utilities:158 - Step Description--> null-->Click on submit Button
2020-09-09 18:31:36 INFO  Utilities:158 - Step Description--> null-->Click on Transaction Booked link
2020-09-09 18:31:36 INFO  Utilities:158 - Step Description--> null-->Fetch application Status
2020-09-09 18:31:39 INFO  Utilities:158 - Step Description--> null-->Verify following tags || Expected Result : Sent to Authorizer || Actual Result : Sent to Authorizer
2020-09-09 18:35:46 INFO  Utilities:158 - Step Description--> null-->Verify following tags || Expected Result : Transaction Received || Actual Result : Transaction Received
2020-09-09 18:35:46 INFO  Utilities:158 - Step Description--> null-->Verify following tags || Expected Result : Sent to Authorizer || Actual Result : Sent to Authorizer
2020-09-09 18:35:47 INFO  Utilities:158 - Step Description--> null-->Open URL - 'https://rbllastmile.remit.in/onlinetransfer/secure/login.jsp'.
2020-09-09 18:35:47 INFO  Utilities:158 - Step Description--> null-->Set User Name in Login Page || Input Value : rbladmin
2020-09-09 18:35:47 INFO  Utilities:158 - Step Description--> null-->Set Password in Login Page || Input Value : password@2
2020-09-09 18:35:48 INFO  Utilities:158 - Step Description--> null-->Click on login Button on Admin Login Page
2020-09-09 18:35:50 INFO  Utilities:158 - Step Description--> null-->Click on MIS Button
2020-09-09 18:35:51 INFO  Utilities:158 - Step Description--> null-->Click on TransactionDashBoard Button
2020-09-09 18:35:51 INFO  Utilities:158 - Step Description--> null-->Swtich to frame
2020-09-09 18:35:51 INFO  Utilities:158 - Step Description--> null-->AQMF001 as option in corporate dropdown
2020-09-09 18:35:51 INFO  Utilities:158 - Step Description--> null-->Today as option in frquency dropdown
2020-09-09 18:35:52 INFO  Utilities:158 - Step Description--> null-->Click on submit Button
2020-09-09 18:35:54 INFO  Utilities:158 - Step Description--> null-->Click on Transaction Booked link
2020-09-09 18:35:54 INFO  Utilities:158 - Step Description--> null-->Fetch application Status
2020-09-09 18:35:56 INFO  Utilities:158 - Step Description--> null-->Verify following tags || Expected Result : Sent to Authorizer || Actual Result : Sent to Authorizer
2020-09-09 18:37:42 INFO  Utilities:158 - Step Description--> null-->Verify following tags || Expected Result : Transaction Received || Actual Result : Transaction Received
2020-09-09 18:37:42 INFO  Utilities:158 - Step Description--> null-->Verify following tags || Expected Result : Sent to Authorizer || Actual Result : Sent to Authorizer
2020-09-09 18:37:43 INFO  Utilities:158 - Step Description--> null-->Open URL - 'https://rbllastmile.remit.in/onlinetransfer/secure/login.jsp'.
2020-09-09 18:37:43 INFO  Utilities:158 - Step Description--> null-->Set User Name in Login Page || Input Value : rbladmin
2020-09-09 18:37:43 INFO  Utilities:158 - Step Description--> null-->Set Password in Login Page || Input Value : password@2
2020-09-09 18:37:45 INFO  Utilities:158 - Step Description--> null-->Click on login Button on Admin Login Page
2020-09-09 18:37:46 INFO  Utilities:158 - Step Description--> null-->Click on MIS Button
2020-09-09 18:37:47 INFO  Utilities:158 - Step Description--> null-->Click on TransactionDashBoard Button
2020-09-09 18:37:47 INFO  Utilities:158 - Step Description--> null-->Swtich to frame
2020-09-09 18:37:48 INFO  Utilities:158 - Step Description--> null-->AQMF001 as option in corporate dropdown
2020-09-09 18:37:48 INFO  Utilities:158 - Step Description--> null-->Today as option in frquency dropdown
2020-09-09 18:37:49 INFO  Utilities:158 - Step Description--> null-->Click on submit Button
2020-09-09 18:37:50 INFO  Utilities:158 - Step Description--> null-->Click on Transaction Booked link
2020-09-09 18:37:50 INFO  Utilities:158 - Step Description--> null-->Fetch application Status
2020-09-09 18:37:53 INFO  Utilities:158 - Step Description--> null-->Verify following tags || Expected Result : Sent to Authorizer || Actual Result : Sent to Authorizer
2020-09-09 18:40:39 INFO  Utilities:158 - Step Description--> null-->Verify following tags || Expected Result : Transaction Received || Actual Result : Transaction Received
2020-09-09 18:40:40 INFO  Utilities:158 - Step Description--> null-->Verify following tags || Expected Result : Sent to Authorizer || Actual Result : Sent to Authorizer
2020-09-09 18:40:40 INFO  Utilities:158 - Step Description--> null-->Open URL - 'https://rbllastmile.remit.in/onlinetransfer/secure/login.jsp'.
2020-09-09 18:40:40 INFO  Utilities:158 - Step Description--> null-->Set User Name in Login Page || Input Value : rbladmin
2020-09-09 18:40:41 INFO  Utilities:158 - Step Description--> null-->Set Password in Login Page || Input Value : password@2
2020-09-09 18:40:42 INFO  Utilities:158 - Step Description--> null-->Click on login Button on Admin Login Page
2020-09-09 18:40:43 INFO  Utilities:158 - Step Description--> null-->Click on MIS Button
2020-09-09 18:40:44 INFO  Utilities:158 - Step Description--> null-->Click on TransactionDashBoard Button
2020-09-09 18:40:44 INFO  Utilities:158 - Step Description--> null-->Swtich to frame
2020-09-09 18:40:45 INFO  Utilities:158 - Step Description--> null-->AQMF001 as option in corporate dropdown
2020-09-09 18:40:45 INFO  Utilities:158 - Step Description--> null-->Today as option in frquency dropdown
2020-09-09 18:40:46 INFO  Utilities:158 - Step Description--> null-->Click on submit Button
2020-09-09 18:40:47 INFO  Utilities:158 - Step Description--> null-->Click on Transaction Booked link
2020-09-09 18:40:47 INFO  Utilities:158 - Step Description--> null-->Fetch application Status
2020-09-09 18:40:50 INFO  Utilities:158 - Step Description--> null-->Verify following tags || Expected Result : Sent to Authorizer || Actual Result : Sent to Authorizer
2020-09-09 18:40:56 INFO  Utilities:158 - Step Description--> null-->Verify following tags || Expected Result : Transaction Received || Actual Result : Transaction Received
2020-09-09 18:50:25 INFO  Utilities:158 - Step Description--> null-->Verify following tags || Expected Result : Transaction Received || Actual Result : Transaction Received
2020-09-09 18:50:25 INFO  Utilities:158 - Step Description--> null-->Verify following tags || Expected Result : Sent to Authorizer || Actual Result : Sent to Authorizer
2020-09-09 18:50:26 INFO  Utilities:158 - Step Description--> null-->Open URL - 'https://rbllastmile.remit.in/onlinetransfer/secure/login.jsp'.
2020-09-09 18:50:26 INFO  Utilities:158 - Step Description--> null-->Set User Name in Login Page || Input Value : rbladmin
2020-09-09 18:50:27 INFO  Utilities:158 - Step Description--> null-->Set Password in Login Page || Input Value : password@2
2020-09-09 18:50:28 INFO  Utilities:158 - Step Description--> null-->Click on login Button on Admin Login Page
2020-09-09 18:50:30 INFO  Utilities:158 - Step Description--> null-->Click on MIS Button
2020-09-09 18:50:31 INFO  Utilities:158 - Step Description--> null-->Click on TransactionDashBoard Button
2020-09-09 18:50:31 INFO  Utilities:158 - Step Description--> null-->Swtich to frame
2020-09-09 18:50:31 INFO  Utilities:158 - Step Description--> null-->AQMF001 as option in corporate dropdown
2020-09-09 18:50:31 INFO  Utilities:158 - Step Description--> null-->Today as option in frquency dropdown
2020-09-09 18:50:32 INFO  Utilities:158 - Step Description--> null-->Click on submit Button
2020-09-09 18:50:34 INFO  Utilities:158 - Step Description--> null-->Click on Transaction Booked link
2020-09-09 18:50:34 INFO  Utilities:158 - Step Description--> null-->Fetch application Status
2020-09-09 18:50:36 INFO  Utilities:158 - Step Description--> null-->Verify following tags || Expected Result : Sent to Authorizer || Actual Result : Sent to Authorizer
2020-09-09 18:50:42 INFO  Utilities:158 - Step Description--> null-->Verify following tags || Expected Result : Transaction Received || Actual Result : Transaction Received
2020-09-09 19:01:55 INFO  Utilities:158 - Step Description--> null-->Verify following tags || Expected Result : Transaction Received || Actual Result : Transaction Received
2020-09-09 19:01:56 INFO  Utilities:158 - Step Description--> null-->Verify following tags || Expected Result : Sent to Authorizer || Actual Result : Sent to Authorizer
2020-09-09 19:01:56 INFO  Utilities:158 - Step Description--> null-->Open URL - 'https://rbllastmile.remit.in/onlinetransfer/secure/login.jsp'.
2020-09-09 19:01:57 INFO  Utilities:158 - Step Description--> null-->Set User Name in Login Page || Input Value : rbladmin
2020-09-09 19:01:57 INFO  Utilities:158 - Step Description--> null-->Set Password in Login Page || Input Value : password@2
2020-09-09 19:01:58 INFO  Utilities:158 - Step Description--> null-->Click on login Button on Admin Login Page
2020-09-09 19:02:00 INFO  Utilities:158 - Step Description--> null-->Click on MIS Button
2020-09-09 19:02:01 INFO  Utilities:158 - Step Description--> null-->Click on TransactionDashBoard Button
2020-09-09 19:02:01 INFO  Utilities:158 - Step Description--> null-->Swtich to frame
2020-09-09 19:02:01 INFO  Utilities:158 - Step Description--> null-->AQMF001 as option in corporate dropdown
2020-09-09 19:02:01 INFO  Utilities:158 - Step Description--> null-->Today as option in frquency dropdown
2020-09-09 19:02:02 INFO  Utilities:158 - Step Description--> null-->Click on submit Button
2020-09-09 19:02:04 INFO  Utilities:158 - Step Description--> null-->Click on Transaction Booked link
2020-09-09 19:02:04 INFO  Utilities:158 - Step Description--> null-->Fetch application Status
2020-09-09 19:02:06 INFO  Utilities:158 - Step Description--> null-->Verify following tags || Expected Result : Sent to Authorizer || Actual Result : Sent to Authorizer
2020-09-09 19:02:13 INFO  Utilities:158 - Step Description--> null-->Verify following tags || Expected Result : Transaction Received || Actual Result : Transaction Received
2020-09-09 19:42:04 INFO  Utilities:158 - Step Description--> null-->Verify following tags || Expected Result : Transaction Received || Actual Result : Transaction Received
2020-09-09 19:42:04 INFO  Utilities:158 - Step Description--> null-->Verify following tags || Expected Result : Sent to Authorizer || Actual Result : Sent to Authorizer
2020-09-09 19:42:05 INFO  Utilities:158 - Step Description--> null-->Open URL - 'https://rbllastmile.remit.in/onlinetransfer/secure/login.jsp'.
2020-09-09 19:42:05 INFO  Utilities:158 - Step Description--> null-->Set User Name in Login Page || Input Value : rbladmin
2020-09-09 19:42:05 INFO  Utilities:158 - Step Description--> null-->Set Password in Login Page || Input Value : password@2
2020-09-09 19:42:07 INFO  Utilities:158 - Step Description--> null-->Click on login Button on Admin Login Page
2020-09-09 19:42:08 INFO  Utilities:158 - Step Description--> null-->Click on MIS Button
2020-09-09 19:42:09 INFO  Utilities:158 - Step Description--> null-->Click on TransactionDashBoard Button
2020-09-09 19:42:09 INFO  Utilities:158 - Step Description--> null-->Swtich to frame
2020-09-09 19:42:10 INFO  Utilities:158 - Step Description--> null-->AQMF001 as option in corporate dropdown
2020-09-09 19:42:10 INFO  Utilities:158 - Step Description--> null-->Today as option in frquency dropdown
2020-09-09 19:42:12 INFO  Utilities:158 - Step Description--> null-->Click on submit Button
2020-09-09 19:42:13 INFO  Utilities:158 - Step Description--> null-->Click on Transaction Booked link
2020-09-09 19:42:13 INFO  Utilities:158 - Step Description--> null-->Fetch application Status
2020-09-09 19:42:16 INFO  Utilities:158 - Step Description--> null-->Verify following tags || Expected Result : Sent to Authorizer || Actual Result : Sent to Authorizer
2020-09-09 19:42:22 INFO  Utilities:158 - Step Description--> null-->Verify following tags || Expected Result : Transaction Received || Actual Result : Transaction Received
2020-09-09 19:44:31 INFO  Utilities:158 - Step Description--> null-->Verify following tags || Expected Result : Transaction Received || Actual Result : Transaction Received
2020-09-09 19:44:31 INFO  Utilities:158 - Step Description--> null-->Verify following tags || Expected Result : Sent to Authorizer || Actual Result : Sent to Authorizer
2020-09-09 19:44:32 INFO  Utilities:158 - Step Description--> null-->Open URL - 'https://rbllastmile.remit.in/onlinetransfer/secure/login.jsp'.
2020-09-09 19:44:32 INFO  Utilities:158 - Step Description--> null-->Set User Name in Login Page || Input Value : rbladmin
2020-09-09 19:44:33 INFO  Utilities:158 - Step Description--> null-->Set Password in Login Page || Input Value : password@2
2020-09-09 19:44:34 INFO  Utilities:158 - Step Description--> null-->Click on login Button on Admin Login Page
2020-09-09 19:44:35 INFO  Utilities:158 - Step Description--> null-->Click on MIS Button
2020-09-09 19:44:36 INFO  Utilities:158 - Step Description--> null-->Click on TransactionDashBoard Button
2020-09-09 19:44:37 INFO  Utilities:158 - Step Description--> null-->Swtich to frame
2020-09-09 19:44:37 INFO  Utilities:158 - Step Description--> null-->AQMF001 as option in corporate dropdown
2020-09-09 19:44:37 INFO  Utilities:158 - Step Description--> null-->Today as option in frquency dropdown
2020-09-09 19:44:38 INFO  Utilities:158 - Step Description--> null-->Click on submit Button
2020-09-09 19:44:39 INFO  Utilities:158 - Step Description--> null-->Click on Transaction Booked link
2020-09-09 19:44:40 INFO  Utilities:158 - Step Description--> null-->Fetch application Status
2020-09-09 19:44:42 INFO  Utilities:158 - Step Description--> null-->Verify following tags || Expected Result : Sent to Authorizer || Actual Result : Sent to Authorizer
2020-09-09 19:44:48 INFO  Utilities:158 - Step Description--> null-->Verify following tags || Expected Result : Transaction Received || Actual Result : Transaction Received
2020-09-10 11:10:23 INFO  Utilities:158 - Step Description--> null-->Verify following tags || Expected Result : Transaction Received || Actual Result : Transaction Received
2020-09-10 11:10:23 INFO  Utilities:158 - Step Description--> null-->Verify following tags || Expected Result : Sent to Authorizer || Actual Result : Sent to Authorizer
2020-09-10 11:10:24 INFO  Utilities:158 - Step Description--> null-->Open URL - 'https://rbllastmile.remit.in/onlinetransfer/secure/login.jsp'.
2020-09-10 11:10:24 INFO  Utilities:158 - Step Description--> null-->Set User Name in Login Page || Input Value : rbladmin
2020-09-10 11:10:24 INFO  Utilities:158 - Step Description--> null-->Set Password in Login Page || Input Value : password@2
2020-09-10 11:10:25 INFO  Utilities:158 - Step Description--> null-->Click on login Button on Admin Login Page
2020-09-10 11:10:27 INFO  Utilities:158 - Step Description--> null-->Click on MIS Button
2020-09-10 11:10:28 INFO  Utilities:158 - Step Description--> null-->Click on TransactionDashBoard Button
2020-09-10 11:10:28 INFO  Utilities:158 - Step Description--> null-->Swtich to frame
2020-09-10 11:10:29 INFO  Utilities:158 - Step Description--> null-->AQMF001 as option in corporate dropdown
2020-09-10 11:10:29 INFO  Utilities:158 - Step Description--> null-->Today as option in frquency dropdown
2020-09-10 11:10:30 INFO  Utilities:158 - Step Description--> null-->Click on submit Button
2020-09-10 11:10:31 INFO  Utilities:158 - Step Description--> null-->Click on Transaction Booked link
2020-09-10 11:10:31 INFO  Utilities:158 - Step Description--> null-->Fetch application Status
2020-09-10 11:10:34 INFO  Utilities:158 - Step Description--> null-->Verify following tags || Expected Result : Sent to Authorizer || Actual Result : Sent to Authorizer
2020-09-10 11:10:40 INFO  Utilities:158 - Step Description--> null-->Verify following tags || Expected Result : Transaction Received || Actual Result : Transaction Received
2020-09-10 11:10:40 INFO  Utilities:158 - Step Description--> null-->Verify following tags || Expected Result : Sent to Authorizer || Actual Result : Sent to Authorizer
2020-09-10 11:10:41 INFO  Utilities:158 - Step Description--> null-->Open URL - 'https://rbllastmile.remit.in/onlinetransfer/secure/login.jsp'.
2020-09-10 11:10:41 INFO  Utilities:158 - Step Description--> null-->Set User Name in Login Page || Input Value : rbladmin
2020-09-10 11:10:41 INFO  Utilities:158 - Step Description--> null-->Set Password in Login Page || Input Value : password@2
2020-09-10 11:10:43 INFO  Utilities:158 - Step Description--> null-->Click on login Button on Admin Login Page
2020-09-10 11:10:49 INFO  Utilities:158 - Step Description--> null-->Click on MIS Button
2020-09-10 11:10:50 INFO  Utilities:158 - Step Description--> null-->Click on TransactionDashBoard Button
2020-09-10 11:10:50 INFO  Utilities:158 - Step Description--> null-->Swtich to frame
2020-09-10 11:10:50 INFO  Utilities:158 - Step Description--> null-->AQMF001 as option in corporate dropdown
2020-09-10 11:10:50 INFO  Utilities:158 - Step Description--> null-->Today as option in frquency dropdown
2020-09-10 11:10:52 INFO  Utilities:158 - Step Description--> null-->Click on submit Button
2020-09-10 11:10:53 INFO  Utilities:158 - Step Description--> null-->Click on Transaction Booked link
2020-09-10 11:10:53 INFO  Utilities:158 - Step Description--> null-->Fetch application Status
2020-09-10 11:10:55 INFO  Utilities:158 - Step Description--> null-->Verify following tags || Expected Result : Sent to Authorizer || Actual Result : Sent to Authorizer
2020-09-10 11:15:46 INFO  Utilities:158 - Step Description--> null-->Verify following tags || Expected Result : Transaction Received || Actual Result : Transaction Received
2020-09-10 11:15:47 INFO  Utilities:158 - Step Description--> null-->Verify following tags || Expected Result : Sent to Authorizer || Actual Result : Sent to Authorizer
2020-09-10 11:15:47 INFO  Utilities:158 - Step Description--> null-->Open URL - 'https://rbllastmile.remit.in/onlinetransfer/secure/login.jsp'.
2020-09-10 11:15:47 INFO  Utilities:158 - Step Description--> null-->Set User Name in Login Page || Input Value : rbladmin
2020-09-10 11:15:47 INFO  Utilities:158 - Step Description--> null-->Set Password in Login Page || Input Value : password@2
2020-09-10 11:15:49 INFO  Utilities:158 - Step Description--> null-->Click on login Button on Admin Login Page
2020-09-10 11:15:50 INFO  Utilities:158 - Step Description--> null-->Click on MIS Button
2020-09-10 11:15:51 INFO  Utilities:158 - Step Description--> null-->Click on TransactionDashBoard Button
2020-09-10 11:15:51 INFO  Utilities:158 - Step Description--> null-->Swtich to frame
2020-09-10 11:15:51 INFO  Utilities:158 - Step Description--> null-->AQMF001 as option in corporate dropdown
2020-09-10 11:15:51 INFO  Utilities:158 - Step Description--> null-->Today as option in frquency dropdown
2020-09-10 11:15:52 INFO  Utilities:158 - Step Description--> null-->Click on submit Button
2020-09-10 11:15:54 INFO  Utilities:158 - Step Description--> null-->Click on Transaction Booked link
2020-09-10 11:15:54 INFO  Utilities:158 - Step Description--> null-->Fetch application Status
2020-09-10 11:15:56 INFO  Utilities:158 - Step Description--> null-->Verify following tags || Expected Result : Sent to Authorizer || Actual Result : Sent to Authorizer
2020-09-10 11:16:02 INFO  Utilities:158 - Step Description--> null-->Verify following tags || Expected Result : Transaction Received || Actual Result : Transaction Received
2020-09-10 11:16:03 INFO  Utilities:158 - Step Description--> null-->Verify following tags || Expected Result : Sent to Authorizer || Actual Result : Sent to Authorizer
2020-09-10 11:16:03 INFO  Utilities:158 - Step Description--> null-->Open URL - 'https://rbllastmile.remit.in/onlinetransfer/secure/login.jsp'.
2020-09-10 11:16:03 INFO  Utilities:158 - Step Description--> null-->Set User Name in Login Page || Input Value : rbladmin
2020-09-10 11:16:03 INFO  Utilities:158 - Step Description--> null-->Set Password in Login Page || Input Value : password@2
2020-09-10 11:16:04 INFO  Utilities:158 - Step Description--> null-->Click on login Button on Admin Login Page
2020-09-10 11:16:06 INFO  Utilities:158 - Step Description--> null-->Click on MIS Button
2020-09-10 11:16:07 INFO  Utilities:158 - Step Description--> null-->Click on TransactionDashBoard Button
2020-09-10 11:16:07 INFO  Utilities:158 - Step Description--> null-->Swtich to frame
2020-09-10 11:16:07 INFO  Utilities:158 - Step Description--> null-->AQMF001 as option in corporate dropdown
2020-09-10 11:16:07 INFO  Utilities:158 - Step Description--> null-->Today as option in frquency dropdown
2020-09-10 11:16:09 INFO  Utilities:158 - Step Description--> null-->Click on submit Button
2020-09-10 11:16:10 INFO  Utilities:158 - Step Description--> null-->Click on Transaction Booked link
2020-09-10 11:16:10 INFO  Utilities:158 - Step Description--> null-->Fetch application Status
2020-09-10 11:16:12 INFO  Utilities:158 - Step Description--> null-->Verify following tags || Expected Result : Sent to Authorizer || Actual Result : Sent to Authorizer
2020-09-10 11:16:18 INFO  Utilities:158 - Step Description--> null-->Verify following tags || Expected Result : Transaction Received || Actual Result : Transaction Received
2020-09-10 11:16:18 INFO  Utilities:158 - Step Description--> null-->Verify following tags || Expected Result : Sent to Authorizer || Actual Result : Sent to Authorizer
2020-09-10 11:16:19 INFO  Utilities:158 - Step Description--> null-->Open URL - 'https://rbllastmile.remit.in/onlinetransfer/secure/login.jsp'.
2020-09-10 11:16:19 INFO  Utilities:158 - Step Description--> null-->Set User Name in Login Page || Input Value : rbladmin
2020-09-10 11:16:19 INFO  Utilities:158 - Step Description--> null-->Set Password in Login Page || Input Value : password@2
2020-09-10 11:16:20 INFO  Utilities:158 - Step Description--> null-->Click on login Button on Admin Login Page
2020-09-10 11:16:21 INFO  Utilities:158 - Step Description--> null-->Click on MIS Button
2020-09-10 11:16:22 INFO  Utilities:158 - Step Description--> null-->Click on TransactionDashBoard Button
2020-09-10 11:16:22 INFO  Utilities:158 - Step Description--> null-->Swtich to frame
2020-09-10 11:16:23 INFO  Utilities:158 - Step Description--> null-->AQMF001 as option in corporate dropdown
2020-09-10 11:16:23 INFO  Utilities:158 - Step Description--> null-->Today as option in frquency dropdown
2020-09-10 11:16:24 INFO  Utilities:158 - Step Description--> null-->Click on submit Button
2020-09-10 11:16:25 INFO  Utilities:158 - Step Description--> null-->Click on Transaction Booked link
2020-09-10 11:16:25 INFO  Utilities:158 - Step Description--> null-->Fetch application Status
2020-09-10 11:16:27 INFO  Utilities:158 - Step Description--> null-->Verify following tags || Expected Result : Sent to Authorizer || Actual Result : Sent to Authorizer
2020-09-10 11:20:53 INFO  Utilities:158 - Step Description--> null-->Verify following tags || Expected Result : Transaction Received || Actual Result : Transaction Received
2020-09-10 11:20:54 INFO  Utilities:158 - Step Description--> null-->Verify following tags || Expected Result : Sent to Authorizer || Actual Result : Sent to Authorizer
2020-09-10 11:20:54 INFO  Utilities:158 - Step Description--> null-->Open URL - 'https://rbllastmile.remit.in/onlinetransfer/secure/login.jsp'.
2020-09-10 11:20:54 INFO  Utilities:158 - Step Description--> null-->Set User Name in Login Page || Input Value : rbladmin
2020-09-10 11:20:54 INFO  Utilities:158 - Step Description--> null-->Set Password in Login Page || Input Value : password@2
2020-09-10 11:20:55 INFO  Utilities:158 - Step Description--> null-->Click on login Button on Admin Login Page
2020-09-10 11:20:57 INFO  Utilities:158 - Step Description--> null-->Click on MIS Button
2020-09-10 11:20:58 INFO  Utilities:158 - Step Description--> null-->Click on TransactionDashBoard Button
2020-09-10 11:20:58 INFO  Utilities:158 - Step Description--> null-->Swtich to frame
2020-09-10 11:20:58 INFO  Utilities:158 - Step Description--> null-->AQMF001 as option in corporate dropdown
2020-09-10 11:20:59 INFO  Utilities:158 - Step Description--> null-->Today as option in frquency dropdown
2020-09-10 11:21:00 INFO  Utilities:158 - Step Description--> null-->Click on submit Button
2020-09-10 11:21:01 INFO  Utilities:158 - Step Description--> null-->Click on Transaction Booked link
2020-09-10 11:21:01 INFO  Utilities:158 - Step Description--> null-->Fetch application Status
2020-09-10 11:21:03 INFO  Utilities:158 - Step Description--> null-->Verify following tags || Expected Result : Sent to Authorizer || Actual Result : Sent to Authorizer
2020-09-10 11:21:09 INFO  Utilities:158 - Step Description--> null-->Verify following tags || Expected Result : Transaction Received || Actual Result : Transaction Received
2020-09-10 11:21:10 INFO  Utilities:158 - Step Description--> null-->Verify following tags || Expected Result : Sent to Authorizer || Actual Result : Sent to Authorizer
2020-09-10 11:21:10 INFO  Utilities:158 - Step Description--> null-->Open URL - 'https://rbllastmile.remit.in/onlinetransfer/secure/login.jsp'.
2020-09-10 11:21:10 INFO  Utilities:158 - Step Description--> null-->Set User Name in Login Page || Input Value : rbladmin
2020-09-10 11:21:10 INFO  Utilities:158 - Step Description--> null-->Set Password in Login Page || Input Value : password@2
2020-09-10 11:21:11 INFO  Utilities:158 - Step Description--> null-->Click on login Button on Admin Login Page
2020-09-10 11:21:13 INFO  Utilities:158 - Step Description--> null-->Click on MIS Button
2020-09-10 11:21:14 INFO  Utilities:158 - Step Description--> null-->Click on TransactionDashBoard Button
2020-09-10 11:21:14 INFO  Utilities:158 - Step Description--> null-->Swtich to frame
2020-09-10 11:21:14 INFO  Utilities:158 - Step Description--> null-->AQMF001 as option in corporate dropdown
2020-09-10 11:21:14 INFO  Utilities:158 - Step Description--> null-->Today as option in frquency dropdown
2020-09-10 11:21:15 INFO  Utilities:158 - Step Description--> null-->Click on submit Button
2020-09-10 11:21:17 INFO  Utilities:158 - Step Description--> null-->Click on Transaction Booked link
2020-09-10 11:21:17 INFO  Utilities:158 - Step Description--> null-->Fetch application Status
2020-09-10 11:21:19 INFO  Utilities:158 - Step Description--> null-->Verify following tags || Expected Result : Sent to Authorizer || Actual Result : Sent to Authorizer
2020-09-10 11:21:25 INFO  Utilities:158 - Step Description--> null-->Verify following tags || Expected Result : Transaction Received || Actual Result : Transaction Received
2020-09-10 11:21:25 INFO  Utilities:158 - Step Description--> null-->Verify following tags || Expected Result : Sent to Authorizer || Actual Result : Sent to Authorizer
2020-09-10 11:21:26 INFO  Utilities:158 - Step Description--> null-->Open URL - 'https://rbllastmile.remit.in/onlinetransfer/secure/login.jsp'.
2020-09-10 11:21:26 INFO  Utilities:158 - Step Description--> null-->Set User Name in Login Page || Input Value : rbladmin
2020-09-10 11:21:26 INFO  Utilities:158 - Step Description--> null-->Set Password in Login Page || Input Value : password@2
2020-09-10 11:21:27 INFO  Utilities:158 - Step Description--> null-->Click on login Button on Admin Login Page
2020-09-10 11:21:28 INFO  Utilities:158 - Step Description--> null-->Click on MIS Button
2020-09-10 11:21:29 INFO  Utilities:158 - Step Description--> null-->Click on TransactionDashBoard Button
2020-09-10 11:21:29 INFO  Utilities:158 - Step Description--> null-->Swtich to frame
2020-09-10 11:21:30 INFO  Utilities:158 - Step Description--> null-->AQMF001 as option in corporate dropdown
2020-09-10 11:21:30 INFO  Utilities:158 - Step Description--> null-->Today as option in frquency dropdown
2020-09-10 11:21:31 INFO  Utilities:158 - Step Description--> null-->Click on submit Button
2020-09-10 11:21:32 INFO  Utilities:158 - Step Description--> null-->Click on Transaction Booked link
2020-09-10 11:21:32 INFO  Utilities:158 - Step Description--> null-->Fetch application Status
2020-09-10 11:21:34 INFO  Utilities:158 - Step Description--> null-->Verify following tags || Expected Result : Sent to Authorizer || Actual Result : Sent to Authorizer
2020-09-10 11:31:39 INFO  Utilities:158 - Step Description--> null-->Verify following tags || Expected Result : Transaction Received || Actual Result : Transaction Received
2020-09-10 11:31:39 INFO  Utilities:158 - Step Description--> null-->Verify following tags || Expected Result : Sent to Authorizer || Actual Result : Sent to Authorizer
2020-09-10 11:31:39 INFO  Utilities:158 - Step Description--> null-->Open URL - 'https://rbllastmile.remit.in/onlinetransfer/secure/login.jsp'.
2020-09-10 11:31:40 INFO  Utilities:158 - Step Description--> null-->Set User Name in Login Page || Input Value : rbladmin
2020-09-10 11:31:40 INFO  Utilities:158 - Step Description--> null-->Set Password in Login Page || Input Value : password@2
2020-09-10 11:31:41 INFO  Utilities:158 - Step Description--> null-->Click on login Button on Admin Login Page
2020-09-10 11:31:42 INFO  Utilities:158 - Step Description--> null-->Click on MIS Button
2020-09-10 11:31:44 INFO  Utilities:158 - Step Description--> null-->Click on TransactionDashBoard Button
2020-09-10 11:31:44 INFO  Utilities:158 - Step Description--> null-->Swtich to frame
2020-09-10 11:31:44 INFO  Utilities:158 - Step Description--> null-->AQMF001 as option in corporate dropdown
2020-09-10 11:31:44 INFO  Utilities:158 - Step Description--> null-->Today as option in frquency dropdown
2020-09-10 11:31:45 INFO  Utilities:158 - Step Description--> null-->Click on submit Button
2020-09-10 11:31:46 INFO  Utilities:158 - Step Description--> null-->Click on Transaction Booked link
2020-09-10 11:31:46 INFO  Utilities:158 - Step Description--> null-->Fetch application Status
2020-09-10 11:31:49 INFO  Utilities:158 - Step Description--> null-->Verify following tags || Expected Result : Sent to Authorizer || Actual Result : Sent to Authorizer
2020-09-10 11:31:56 INFO  Utilities:158 - Step Description--> null-->Verify following tags || Expected Result : Transaction Received || Actual Result : Transaction Received
2020-09-10 11:31:56 INFO  Utilities:158 - Step Description--> null-->Verify following tags || Expected Result : Sent to Authorizer || Actual Result : Sent to Authorizer
2020-09-10 11:31:56 INFO  Utilities:158 - Step Description--> null-->Open URL - 'https://rbllastmile.remit.in/onlinetransfer/secure/login.jsp'.
2020-09-10 11:31:56 INFO  Utilities:158 - Step Description--> null-->Set User Name in Login Page || Input Value : rbladmin
2020-09-10 11:31:57 INFO  Utilities:158 - Step Description--> null-->Set Password in Login Page || Input Value : password@2
2020-09-10 11:31:58 INFO  Utilities:158 - Step Description--> null-->Click on login Button on Admin Login Page
2020-09-10 11:31:59 INFO  Utilities:158 - Step Description--> null-->Click on MIS Button
2020-09-10 11:32:00 INFO  Utilities:158 - Step Description--> null-->Click on TransactionDashBoard Button
2020-09-10 11:32:00 INFO  Utilities:158 - Step Description--> null-->Swtich to frame
2020-09-10 11:32:00 INFO  Utilities:158 - Step Description--> null-->AQMF001 as option in corporate dropdown
2020-09-10 11:32:00 INFO  Utilities:158 - Step Description--> null-->Today as option in frquency dropdown
2020-09-10 11:32:02 INFO  Utilities:158 - Step Description--> null-->Click on submit Button
2020-09-10 11:32:03 INFO  Utilities:158 - Step Description--> null-->Click on Transaction Booked link
2020-09-10 11:32:03 INFO  Utilities:158 - Step Description--> null-->Fetch application Status
2020-09-10 11:32:05 INFO  Utilities:158 - Step Description--> null-->Verify following tags || Expected Result : Sent to Authorizer || Actual Result : Sent to Authorizer
2020-09-10 11:32:11 INFO  Utilities:158 - Step Description--> null-->Verify following tags || Expected Result : Transaction Received || Actual Result : Transaction Received
2020-09-10 11:32:11 INFO  Utilities:158 - Step Description--> null-->Verify following tags || Expected Result : Sent to Authorizer || Actual Result : Sent to Authorizer
2020-09-10 11:32:12 INFO  Utilities:158 - Step Description--> null-->Open URL - 'https://rbllastmile.remit.in/onlinetransfer/secure/login.jsp'.
2020-09-10 11:32:12 INFO  Utilities:158 - Step Description--> null-->Set User Name in Login Page || Input Value : rbladmin
2020-09-10 11:32:12 INFO  Utilities:158 - Step Description--> null-->Set Password in Login Page || Input Value : password@2
2020-09-10 11:32:13 INFO  Utilities:158 - Step Description--> null-->Click on login Button on Admin Login Page
2020-09-10 11:32:14 INFO  Utilities:158 - Step Description--> null-->Click on MIS Button
2020-09-10 11:32:16 INFO  Utilities:158 - Step Description--> null-->Click on TransactionDashBoard Button
2020-09-10 11:32:16 INFO  Utilities:158 - Step Description--> null-->Swtich to frame
2020-09-10 11:32:16 INFO  Utilities:158 - Step Description--> null-->AQMF001 as option in corporate dropdown
2020-09-10 11:32:16 INFO  Utilities:158 - Step Description--> null-->Today as option in frquency dropdown
2020-09-10 11:32:17 INFO  Utilities:158 - Step Description--> null-->Click on submit Button
2020-09-10 11:32:18 INFO  Utilities:158 - Step Description--> null-->Click on Transaction Booked link
2020-09-10 11:32:18 INFO  Utilities:158 - Step Description--> null-->Fetch application Status
2020-09-10 11:32:21 INFO  Utilities:158 - Step Description--> null-->Verify following tags || Expected Result : Sent to Authorizer || Actual Result : Sent to Authorizer
2020-09-10 11:38:07 INFO  Utilities:158 - Step Description--> null-->Verify following tags || Expected Result : Transaction Received || Actual Result : Transaction Received
2020-09-10 11:38:08 INFO  Utilities:158 - Step Description--> null-->Verify following tags || Expected Result : Sent to Authorizer || Actual Result : Sent to Authorizer
2020-09-10 11:38:08 INFO  Utilities:158 - Step Description--> null-->Open URL - 'https://rbllastmile.remit.in/onlinetransfer/secure/login.jsp'.
2020-09-10 11:38:08 INFO  Utilities:158 - Step Description--> null-->Set User Name in Login Page || Input Value : rbladmin
2020-09-10 11:38:08 INFO  Utilities:158 - Step Description--> null-->Set Password in Login Page || Input Value : password@2
2020-09-10 11:38:10 INFO  Utilities:158 - Step Description--> null-->Click on login Button on Admin Login Page
2020-09-10 11:38:11 INFO  Utilities:158 - Step Description--> null-->Click on MIS Button
2020-09-10 11:38:12 INFO  Utilities:158 - Step Description--> null-->Click on TransactionDashBoard Button
2020-09-10 11:38:16 INFO  Utilities:158 - Step Description--> null-->Swtich to frame
2020-09-10 11:38:16 INFO  Utilities:158 - Step Description--> null-->AQMF001 as option in corporate dropdown
2020-09-10 11:38:16 INFO  Utilities:158 - Step Description--> null-->Today as option in frquency dropdown
2020-09-10 11:38:17 INFO  Utilities:158 - Step Description--> null-->Click on submit Button
2020-09-10 11:38:19 INFO  Utilities:158 - Step Description--> null-->Click on Transaction Booked link
2020-09-10 11:38:19 INFO  Utilities:158 - Step Description--> null-->Fetch application Status
2020-09-10 11:38:21 INFO  Utilities:158 - Step Description--> null-->Verify following tags || Expected Result : Sent to Authorizer || Actual Result : Sent to Authorizer
2020-09-10 11:38:27 INFO  Utilities:158 - Step Description--> null-->Verify following tags || Expected Result : Transaction Received || Actual Result : Transaction Received
2020-09-10 11:38:27 INFO  Utilities:158 - Step Description--> null-->Verify following tags || Expected Result : Sent to Authorizer || Actual Result : Sent to Authorizer
2020-09-10 11:38:28 INFO  Utilities:158 - Step Description--> null-->Open URL - 'https://rbllastmile.remit.in/onlinetransfer/secure/login.jsp'.
2020-09-10 11:38:28 INFO  Utilities:158 - Step Description--> null-->Set User Name in Login Page || Input Value : rbladmin
2020-09-10 11:38:28 INFO  Utilities:158 - Step Description--> null-->Set Password in Login Page || Input Value : password@2
2020-09-10 11:38:29 INFO  Utilities:158 - Step Description--> null-->Click on login Button on Admin Login Page
2020-09-10 11:38:31 INFO  Utilities:158 - Step Description--> null-->Click on MIS Button
2020-09-10 11:38:32 INFO  Utilities:158 - Step Description--> null-->Click on TransactionDashBoard Button
2020-09-10 11:38:32 INFO  Utilities:158 - Step Description--> null-->Swtich to frame
2020-09-10 11:38:32 INFO  Utilities:158 - Step Description--> null-->AQMF001 as option in corporate dropdown
2020-09-10 11:38:32 INFO  Utilities:158 - Step Description--> null-->Today as option in frquency dropdown
2020-09-10 11:38:33 INFO  Utilities:158 - Step Description--> null-->Click on submit Button
2020-09-10 11:38:34 INFO  Utilities:158 - Step Description--> null-->Click on Transaction Booked link
2020-09-10 11:38:34 INFO  Utilities:158 - Step Description--> null-->Fetch application Status
2020-09-10 11:38:37 INFO  Utilities:158 - Step Description--> null-->Verify following tags || Expected Result : Sent to Authorizer || Actual Result : Sent to Authorizer
2020-09-10 11:38:43 INFO  Utilities:158 - Step Description--> null-->Verify following tags || Expected Result : Transaction Received || Actual Result : Transaction Received
2020-09-10 11:38:43 INFO  Utilities:158 - Step Description--> null-->Verify following tags || Expected Result : Sent to Authorizer || Actual Result : Sent to Authorizer
2020-09-10 11:38:44 INFO  Utilities:158 - Step Description--> null-->Open URL - 'https://rbllastmile.remit.in/onlinetransfer/secure/login.jsp'.
2020-09-10 11:38:45 INFO  Utilities:158 - Step Description--> null-->Set User Name in Login Page || Input Value : rbladmin
2020-09-10 11:38:45 INFO  Utilities:158 - Step Description--> null-->Set Password in Login Page || Input Value : password@2
2020-09-10 11:38:46 INFO  Utilities:158 - Step Description--> null-->Click on login Button on Admin Login Page
2020-09-10 11:38:47 INFO  Utilities:158 - Step Description--> null-->Click on MIS Button
2020-09-10 11:38:48 INFO  Utilities:158 - Step Description--> null-->Click on TransactionDashBoard Button
2020-09-10 11:38:48 INFO  Utilities:158 - Step Description--> null-->Swtich to frame
2020-09-10 11:38:48 INFO  Utilities:158 - Step Description--> null-->AQMF001 as option in corporate dropdown
2020-09-10 11:38:49 INFO  Utilities:158 - Step Description--> null-->Today as option in frquency dropdown
2020-09-10 11:38:50 INFO  Utilities:158 - Step Description--> null-->Click on submit Button
2020-09-10 11:38:51 INFO  Utilities:158 - Step Description--> null-->Click on Transaction Booked link
2020-09-10 11:38:51 INFO  Utilities:158 - Step Description--> null-->Fetch application Status
2020-09-10 11:38:54 INFO  Utilities:158 - Step Description--> null-->Verify following tags || Expected Result : Sent to Authorizer || Actual Result : Sent to Authorizer
2020-09-10 11:47:55 INFO  Utilities:158 - Step Description--> null-->Verify following tags || Expected Result : Transaction Received || Actual Result : Transaction Received
2020-09-10 11:47:56 INFO  Utilities:158 - Step Description--> null-->Verify following tags || Expected Result : Sent to Authorizer || Actual Result : Sent to Authorizer
2020-09-10 11:47:56 INFO  Utilities:158 - Step Description--> null-->Open URL - 'https://rbllastmile.remit.in/onlinetransfer/secure/login.jsp'.
2020-09-10 11:47:56 INFO  Utilities:158 - Step Description--> null-->Set User Name in Login Page || Input Value : rbladmin
2020-09-10 11:47:56 INFO  Utilities:158 - Step Description--> null-->Set Password in Login Page || Input Value : password@2
2020-09-10 11:47:58 INFO  Utilities:158 - Step Description--> null-->Click on login Button on Admin Login Page
2020-09-10 11:47:59 INFO  Utilities:158 - Step Description--> null-->Click on MIS Button
2020-09-10 11:48:00 INFO  Utilities:158 - Step Description--> null-->Click on TransactionDashBoard Button
2020-09-10 11:48:00 INFO  Utilities:158 - Step Description--> null-->Swtich to frame
2020-09-10 11:48:00 INFO  Utilities:158 - Step Description--> null-->AQMF001 as option in corporate dropdown
2020-09-10 11:48:00 INFO  Utilities:158 - Step Description--> null-->Today as option in frquency dropdown
2020-09-10 11:48:02 INFO  Utilities:158 - Step Description--> null-->Click on submit Button
2020-09-10 11:48:03 INFO  Utilities:158 - Step Description--> null-->Click on Transaction Booked link
2020-09-10 11:48:03 INFO  Utilities:158 - Step Description--> null-->Fetch application Status
2020-09-10 11:48:05 INFO  Utilities:158 - Step Description--> null-->Verify following tags || Expected Result : Sent to Authorizer || Actual Result : Sent to Authorizer
2020-09-10 11:52:01 INFO  Utilities:158 - Step Description--> null-->Verify following tags || Expected Result : Transaction Received || Actual Result : Transaction Received
2020-09-10 11:52:02 INFO  Utilities:158 - Step Description--> null-->Verify following tags || Expected Result : Sent to Authorizer || Actual Result : Sent to Authorizer
2020-09-10 11:52:02 INFO  Utilities:158 - Step Description--> null-->Open URL - 'https://rbllastmile.remit.in/onlinetransfer/secure/login.jsp'.
2020-09-10 11:52:02 INFO  Utilities:158 - Step Description--> null-->Set User Name in Login Page || Input Value : rbladmin
2020-09-10 11:52:02 INFO  Utilities:158 - Step Description--> null-->Set Password in Login Page || Input Value : password@2
2020-09-10 11:52:03 INFO  Utilities:158 - Step Description--> null-->Click on login Button on Admin Login Page
2020-09-10 11:52:05 INFO  Utilities:158 - Step Description--> null-->Click on MIS Button
2020-09-10 11:52:06 INFO  Utilities:158 - Step Description--> null-->Click on TransactionDashBoard Button
2020-09-10 11:52:06 INFO  Utilities:158 - Step Description--> null-->Swtich to frame
2020-09-10 11:52:06 INFO  Utilities:158 - Step Description--> null-->AQMF001 as option in corporate dropdown
2020-09-10 11:52:06 INFO  Utilities:158 - Step Description--> null-->Today as option in frquency dropdown
2020-09-10 11:52:08 INFO  Utilities:158 - Step Description--> null-->Click on submit Button
2020-09-10 11:52:09 INFO  Utilities:158 - Step Description--> null-->Click on Transaction Booked link
2020-09-10 11:52:09 INFO  Utilities:158 - Step Description--> null-->Fetch application Status
2020-09-10 11:52:11 INFO  Utilities:158 - Step Description--> null-->Verify following tags || Expected Result : Sent to Authorizer || Actual Result : Sent to Authorizer
2020-09-10 11:53:38 INFO  Utilities:158 - Step Description--> null-->Verify following tags || Expected Result : Transaction Received || Actual Result : Transaction Received
2020-09-10 11:53:38 INFO  Utilities:158 - Step Description--> null-->Verify following tags || Expected Result : Sent to Authorizer || Actual Result : Sent to Authorizer
2020-09-10 11:53:38 INFO  Utilities:158 - Step Description--> null-->Open URL - 'https://rbllastmile.remit.in/onlinetransfer/secure/login.jsp'.
2020-09-10 11:53:39 INFO  Utilities:158 - Step Description--> null-->Set User Name in Login Page || Input Value : rbladmin
2020-09-10 11:53:39 INFO  Utilities:158 - Step Description--> null-->Set Password in Login Page || Input Value : password@2
2020-09-10 11:53:40 INFO  Utilities:158 - Step Description--> null-->Click on login Button on Admin Login Page
2020-09-10 11:53:41 INFO  Utilities:158 - Step Description--> null-->Click on MIS Button
2020-09-10 11:53:42 INFO  Utilities:158 - Step Description--> null-->Click on TransactionDashBoard Button
2020-09-10 11:53:43 INFO  Utilities:158 - Step Description--> null-->Swtich to frame
2020-09-10 11:53:43 INFO  Utilities:158 - Step Description--> null-->AQMF001 as option in corporate dropdown
2020-09-10 11:53:43 INFO  Utilities:158 - Step Description--> null-->Today as option in frquency dropdown
2020-09-10 11:53:44 INFO  Utilities:158 - Step Description--> null-->Click on submit Button
2020-09-10 11:53:45 INFO  Utilities:158 - Step Description--> null-->Click on Transaction Booked link
2020-09-10 11:53:45 INFO  Utilities:158 - Step Description--> null-->Fetch application Status
2020-09-10 11:53:48 INFO  Utilities:158 - Step Description--> null-->Verify following tags || Expected Result : Sent to Authorizer || Actual Result : Sent to Authorizer
2020-09-10 11:53:48 ERROR Utilities:166 - Step Description--> null-->Fetch application Status
2020-09-10 12:34:18 INFO  Utilities:158 - Step Description--> null-->Verify following tags || Expected Result : Transaction Received || Actual Result : Transaction Received
2020-09-10 12:34:20 INFO  Utilities:158 - Step Description--> null-->Verify following tags || Expected Result : Sent to Authorizer || Actual Result : Sent to Authorizer
2020-09-10 12:34:23 INFO  Utilities:158 - Step Description--> null-->Open URL - 'https://rbllastmile.remit.in/onlinetransfer/secure/login.jsp'.
2020-09-10 12:34:24 INFO  Utilities:158 - Step Description--> null-->Set User Name in Login Page || Input Value : rbladmin
2020-09-10 12:34:24 INFO  Utilities:158 - Step Description--> null-->Set Password in Login Page || Input Value : password@2
2020-09-10 12:34:25 INFO  Utilities:158 - Step Description--> null-->Click on login Button on Admin Login Page
2020-09-10 12:34:30 INFO  Utilities:158 - Step Description--> null-->Click on MIS Button
2020-09-10 12:34:31 INFO  Utilities:158 - Step Description--> null-->Click on TransactionDashBoard Button
2020-09-10 12:34:32 INFO  Utilities:158 - Step Description--> null-->Swtich to frame
2020-09-10 12:34:32 INFO  Utilities:158 - Step Description--> null-->AQMF001 as option in corporate dropdown
2020-09-10 12:34:32 INFO  Utilities:158 - Step Description--> null-->Today as option in frquency dropdown
2020-09-10 12:34:34 INFO  Utilities:158 - Step Description--> null-->Click on submit Button
2020-09-10 12:34:35 INFO  Utilities:158 - Step Description--> null-->Click on Transaction Booked link
2020-09-10 12:34:36 INFO  Utilities:158 - Step Description--> null-->Fetch application Status
2020-09-10 12:34:38 INFO  Utilities:158 - Step Description--> null-->Verify following tags || Expected Result : Sent to Authorizer || Actual Result : Sent to Authorizer
2020-09-10 12:34:38 ERROR Utilities:166 - Step Description--> null-->Fetch application Status
2020-09-10 12:34:45 INFO  Utilities:158 - Step Description--> null-->Verify following tags || Expected Result : Transaction Received || Actual Result : Transaction Received
2020-09-10 12:34:47 INFO  Utilities:158 - Step Description--> null-->Verify following tags || Expected Result : Sent to Authorizer || Actual Result : Sent to Authorizer
2020-09-10 12:34:48 INFO  Utilities:158 - Step Description--> null-->Open URL - 'https://rbllastmile.remit.in/onlinetransfer/secure/login.jsp'.
2020-09-10 12:34:48 INFO  Utilities:158 - Step Description--> null-->Set User Name in Login Page || Input Value : rbladmin
2020-09-10 12:34:48 INFO  Utilities:158 - Step Description--> null-->Set Password in Login Page || Input Value : password@2
2020-09-10 12:34:50 INFO  Utilities:158 - Step Description--> null-->Click on login Button on Admin Login Page
2020-09-10 12:34:52 INFO  Utilities:158 - Step Description--> null-->Click on MIS Button
2020-09-10 12:34:53 INFO  Utilities:158 - Step Description--> null-->Click on TransactionDashBoard Button
2020-09-10 12:34:53 INFO  Utilities:158 - Step Description--> null-->Swtich to frame
2020-09-10 12:34:53 INFO  Utilities:158 - Step Description--> null-->AQMF001 as option in corporate dropdown
2020-09-10 12:34:53 INFO  Utilities:158 - Step Description--> null-->Today as option in frquency dropdown
2020-09-10 12:34:54 INFO  Utilities:158 - Step Description--> null-->Click on submit Button
2020-09-10 12:34:56 INFO  Utilities:158 - Step Description--> null-->Click on Transaction Booked link
2020-09-10 12:34:56 INFO  Utilities:158 - Step Description--> null-->Fetch application Status
2020-09-10 12:34:58 INFO  Utilities:158 - Step Description--> null-->Verify following tags || Expected Result : Sent to Authorizer || Actual Result : Sent to Authorizer
2020-09-10 12:34:58 ERROR Utilities:166 - Step Description--> null-->Fetch application Status
2020-09-10 12:35:05 INFO  Utilities:158 - Step Description--> null-->Verify following tags || Expected Result : Transaction Received || Actual Result : Transaction Received
2020-09-10 12:35:05 INFO  Utilities:158 - Step Description--> null-->Verify following tags || Expected Result : Sent to Authorizer || Actual Result : Sent to Authorizer
2020-09-10 12:35:06 INFO  Utilities:158 - Step Description--> null-->Open URL - 'https://rbllastmile.remit.in/onlinetransfer/secure/login.jsp'.
2020-09-10 12:35:06 INFO  Utilities:158 - Step Description--> null-->Set User Name in Login Page || Input Value : rbladmin
2020-09-10 12:35:06 INFO  Utilities:158 - Step Description--> null-->Set Password in Login Page || Input Value : password@2
2020-09-10 12:35:07 INFO  Utilities:158 - Step Description--> null-->Click on login Button on Admin Login Page
2020-09-10 12:35:09 INFO  Utilities:158 - Step Description--> null-->Click on MIS Button
2020-09-10 12:35:10 INFO  Utilities:158 - Step Description--> null-->Click on TransactionDashBoard Button
2020-09-10 12:35:11 INFO  Utilities:158 - Step Description--> null-->Swtich to frame
2020-09-10 12:35:11 INFO  Utilities:158 - Step Description--> null-->AQMF001 as option in corporate dropdown
2020-09-10 12:35:11 INFO  Utilities:158 - Step Description--> null-->Today as option in frquency dropdown
2020-09-10 12:35:12 INFO  Utilities:158 - Step Description--> null-->Click on submit Button
2020-09-10 12:35:13 INFO  Utilities:158 - Step Description--> null-->Click on Transaction Booked link
2020-09-10 12:35:13 INFO  Utilities:158 - Step Description--> null-->Fetch application Status
2020-09-10 12:35:16 INFO  Utilities:158 - Step Description--> null-->Verify following tags || Expected Result : Sent to Authorizer || Actual Result : Sent to Authorizer
2020-09-10 12:35:16 ERROR Utilities:166 - Step Description--> null-->Fetch application Status
2020-09-10 14:00:03 INFO  Utilities:158 - Step Description--> null-->Verify following tags || Expected Result : Transaction Received || Actual Result : Transaction Received
2020-09-10 14:01:51 INFO  Utilities:158 - Step Description--> null-->Verify following tags || Expected Result : Transaction Received || Actual Result : Transaction Received
2020-09-10 14:01:51 INFO  Utilities:158 - Step Description--> null-->Verify following tags || Expected Result : Sent to Authorizer || Actual Result : Sent to Authorizer
2020-09-10 14:01:52 INFO  Utilities:158 - Step Description--> null-->Open URL - 'https://rbllastmile.remit.in/onlinetransfer/secure/login.jsp'.
2020-09-10 14:01:52 INFO  Utilities:158 - Step Description--> null-->Set User Name in Login Page || Input Value : rbladmin
2020-09-10 14:01:52 INFO  Utilities:158 - Step Description--> null-->Set Password in Login Page || Input Value : password@2
2020-09-10 14:01:53 INFO  Utilities:158 - Step Description--> null-->Click on login Button on Admin Login Page
2020-09-10 14:01:55 INFO  Utilities:158 - Step Description--> null-->Click on MIS Button
2020-09-10 14:01:57 INFO  Utilities:158 - Step Description--> null-->Click on TransactionDashBoard Button
2020-09-10 14:01:57 INFO  Utilities:158 - Step Description--> null-->Swtich to frame
2020-09-10 14:01:57 INFO  Utilities:158 - Step Description--> null-->AQMF001 as option in corporate dropdown
2020-09-10 14:01:57 INFO  Utilities:158 - Step Description--> null-->Today as option in frquency dropdown
2020-09-10 14:01:58 INFO  Utilities:158 - Step Description--> null-->Click on submit Button
2020-09-10 14:01:59 INFO  Utilities:158 - Step Description--> null-->Click on Transaction Booked link
2020-09-10 14:01:59 INFO  Utilities:158 - Step Description--> null-->Fetch application Status
2020-09-10 14:02:02 INFO  Utilities:158 - Step Description--> null-->Verify following tags || Expected Result : Sent to Authorizer || Actual Result : Sent to Authorizer
2020-09-10 14:03:52 INFO  Utilities:158 - Step Description--> null-->Open URL - 'https://rbllastmile.remit.in/onlinetransfer/secure/login.jsp'.
2020-09-10 14:03:52 INFO  Utilities:158 - Step Description--> null-->Set User Name in Login Page || Input Value : rbladmin
2020-09-10 14:03:53 INFO  Utilities:158 - Step Description--> null-->Set Password in Login Page || Input Value : password@2
2020-09-10 14:03:54 INFO  Utilities:158 - Step Description--> null-->Click on login Button on Admin Login Page
2020-09-10 14:03:55 INFO  Utilities:158 - Step Description--> null-->Click on MIS Button
2020-09-10 14:03:56 INFO  Utilities:158 - Step Description--> null-->Click on TransactionDashBoard Button
2020-09-10 14:03:56 INFO  Utilities:158 - Step Description--> null-->Swtich to frame
2020-09-10 14:03:56 INFO  Utilities:158 - Step Description--> null-->AQMF001 as option in corporate dropdown
2020-09-10 14:03:57 INFO  Utilities:158 - Step Description--> null-->Today as option in frquency dropdown
2020-09-10 14:03:58 INFO  Utilities:158 - Step Description--> null-->Click on submit Button
2020-09-10 14:04:30 INFO  Utilities:158 - Step Description--> null-->Open URL - 'https://rbllastmile.remit.in/onlinetransfer/secure/login.jsp'.
2020-09-10 14:04:30 INFO  Utilities:158 - Step Description--> null-->Set User Name in Login Page || Input Value : rbladmin
2020-09-10 14:04:30 INFO  Utilities:158 - Step Description--> null-->Set Password in Login Page || Input Value : password@2
2020-09-10 14:04:31 INFO  Utilities:158 - Step Description--> null-->Click on login Button on Admin Login Page
2020-09-10 14:04:32 INFO  Utilities:158 - Step Description--> null-->Click on MIS Button
2020-09-10 14:04:34 INFO  Utilities:158 - Step Description--> null-->Click on TransactionDashBoard Button
2020-09-10 14:04:34 INFO  Utilities:158 - Step Description--> null-->Swtich to frame
2020-09-10 14:04:34 INFO  Utilities:158 - Step Description--> null-->AQMF001 as option in corporate dropdown
2020-09-10 14:04:34 INFO  Utilities:158 - Step Description--> null-->Today as option in frquency dropdown
2020-09-10 14:04:35 INFO  Utilities:158 - Step Description--> null-->Click on submit Button
2020-09-10 14:04:36 INFO  Utilities:158 - Step Description--> null-->Click on Transaction Booked link
2020-09-10 14:04:36 INFO  Utilities:158 - Step Description--> null-->Fetch application Status
2020-09-10 14:06:19 INFO  Utilities:158 - Step Description--> null-->Open URL - 'https://rbllastmile.remit.in/onlinetransfer/secure/login.jsp'.
2020-09-10 14:06:19 INFO  Utilities:158 - Step Description--> null-->Set User Name in Login Page || Input Value : rbladmin
2020-09-10 14:06:19 INFO  Utilities:158 - Step Description--> null-->Set Password in Login Page || Input Value : password@2
2020-09-10 14:06:20 INFO  Utilities:158 - Step Description--> null-->Click on login Button on Admin Login Page
2020-09-10 14:06:22 INFO  Utilities:158 - Step Description--> null-->Click on MIS Button
2020-09-10 14:06:23 INFO  Utilities:158 - Step Description--> null-->Click on TransactionDashBoard Button
2020-09-10 14:06:23 INFO  Utilities:158 - Step Description--> null-->Swtich to frame
2020-09-10 14:06:23 INFO  Utilities:158 - Step Description--> null-->AQMF001 as option in corporate dropdown
2020-09-10 14:06:23 INFO  Utilities:158 - Step Description--> null-->Today as option in frquency dropdown
2020-09-10 14:06:24 INFO  Utilities:158 - Step Description--> null-->Click on submit Button
2020-09-10 14:06:26 INFO  Utilities:158 - Step Description--> null-->Click on Transaction Booked link
2020-09-10 14:06:26 INFO  Utilities:158 - Step Description--> null-->Fetch application Status
2020-09-10 14:08:40 INFO  Utilities:158 - Step Description--> null-->Open URL - 'https://rbllastmile.remit.in/onlinetransfer/secure/login.jsp'.
2020-09-10 14:08:40 INFO  Utilities:158 - Step Description--> null-->Set User Name in Login Page || Input Value : rbladmin
2020-09-10 14:08:40 INFO  Utilities:158 - Step Description--> null-->Set Password in Login Page || Input Value : password@2
2020-09-10 14:08:41 INFO  Utilities:158 - Step Description--> null-->Click on login Button on Admin Login Page
2020-09-10 14:08:42 INFO  Utilities:158 - Step Description--> null-->Click on MIS Button
2020-09-10 14:08:44 INFO  Utilities:158 - Step Description--> null-->Click on TransactionDashBoard Button
2020-09-10 14:08:44 INFO  Utilities:158 - Step Description--> null-->Swtich to frame
2020-09-10 14:08:44 INFO  Utilities:158 - Step Description--> null-->AQMF001 as option in corporate dropdown
2020-09-10 14:08:44 INFO  Utilities:158 - Step Description--> null-->Today as option in frquency dropdown
2020-09-10 14:08:45 INFO  Utilities:158 - Step Description--> null-->Click on submit Button
2020-09-10 14:12:24 INFO  Utilities:158 - Step Description--> null-->Open URL - 'https://rbllastmile.remit.in/onlinetransfer/secure/login.jsp'.
2020-09-10 14:12:24 INFO  Utilities:158 - Step Description--> null-->Set User Name in Login Page || Input Value : rbladmin
2020-09-10 14:12:24 INFO  Utilities:158 - Step Description--> null-->Set Password in Login Page || Input Value : password@2
2020-09-10 14:12:25 INFO  Utilities:158 - Step Description--> null-->Click on login Button on Admin Login Page
2020-09-10 14:12:27 INFO  Utilities:158 - Step Description--> null-->Click on MIS Button
2020-09-10 14:12:28 INFO  Utilities:158 - Step Description--> null-->Click on TransactionDashBoard Button
2020-09-10 14:12:28 INFO  Utilities:158 - Step Description--> null-->Swtich to frame
2020-09-10 14:12:28 INFO  Utilities:158 - Step Description--> null-->AQMF001 as option in corporate dropdown
2020-09-10 14:12:28 INFO  Utilities:158 - Step Description--> null-->Today as option in frquency dropdown
2020-09-10 14:12:30 INFO  Utilities:158 - Step Description--> null-->Click on submit Button
2020-09-10 14:13:41 INFO  Utilities:158 - Step Description--> null-->Open URL - 'https://rbllastmile.remit.in/onlinetransfer/secure/login.jsp'.
2020-09-10 14:13:41 INFO  Utilities:158 - Step Description--> null-->Set User Name in Login Page || Input Value : rbladmin
2020-09-10 14:13:41 INFO  Utilities:158 - Step Description--> null-->Set Password in Login Page || Input Value : password@2
2020-09-10 14:13:43 INFO  Utilities:158 - Step Description--> null-->Click on login Button on Admin Login Page
2020-09-10 14:13:44 INFO  Utilities:158 - Step Description--> null-->Click on MIS Button
2020-09-10 14:13:45 INFO  Utilities:158 - Step Description--> null-->Click on TransactionDashBoard Button
2020-09-10 14:13:45 INFO  Utilities:158 - Step Description--> null-->Swtich to frame
2020-09-10 14:13:45 INFO  Utilities:158 - Step Description--> null-->AQMF001 as option in corporate dropdown
2020-09-10 14:13:45 INFO  Utilities:158 - Step Description--> null-->Today as option in frquency dropdown
2020-09-10 14:13:47 INFO  Utilities:158 - Step Description--> null-->Click on submit Button
2020-09-10 14:14:01 INFO  Utilities:158 - Step Description--> null-->Fetch application Status
2020-09-10 14:15:15 INFO  Utilities:158 - Step Description--> null-->Verify following tags || Expected Result : Transaction Received || Actual Result : Transaction Received
2020-09-10 14:15:16 INFO  Utilities:158 - Step Description--> null-->Verify following tags || Expected Result : Sent to Authorizer || Actual Result : Sent to Authorizer
2020-09-10 14:15:16 INFO  Utilities:158 - Step Description--> null-->Open URL - 'https://rbllastmile.remit.in/onlinetransfer/secure/login.jsp'.
2020-09-10 14:15:16 INFO  Utilities:158 - Step Description--> null-->Set User Name in Login Page || Input Value : rbladmin
2020-09-10 14:15:16 INFO  Utilities:158 - Step Description--> null-->Set Password in Login Page || Input Value : password@2
2020-09-10 14:15:18 INFO  Utilities:158 - Step Description--> null-->Click on login Button on Admin Login Page
2020-09-10 14:15:19 INFO  Utilities:158 - Step Description--> null-->Click on MIS Button
2020-09-10 14:15:20 INFO  Utilities:158 - Step Description--> null-->Click on TransactionDashBoard Button
2020-09-10 14:15:20 INFO  Utilities:158 - Step Description--> null-->Swtich to frame
2020-09-10 14:15:20 INFO  Utilities:158 - Step Description--> null-->AQMF001 as option in corporate dropdown
2020-09-10 14:15:20 INFO  Utilities:158 - Step Description--> null-->Today as option in frquency dropdown
2020-09-10 14:15:26 INFO  Utilities:158 - Step Description--> null-->Click on submit Button
2020-09-10 14:15:28 INFO  Utilities:158 - Step Description--> null-->Click on Transaction Booked link
2020-09-10 14:15:28 INFO  Utilities:158 - Step Description--> null-->Fetch application Status
2020-09-10 14:17:47 INFO  Utilities:158 - Step Description--> null-->Verify following tags || Expected Result : Transaction Received || Actual Result : Transaction Received
2020-09-10 14:17:48 INFO  Utilities:158 - Step Description--> null-->Verify following tags || Expected Result : Sent to Authorizer || Actual Result : Sent to Authorizer
2020-09-10 14:17:48 INFO  Utilities:158 - Step Description--> null-->Open URL - 'https://rbllastmile.remit.in/onlinetransfer/secure/login.jsp'.
2020-09-10 14:17:48 INFO  Utilities:158 - Step Description--> null-->Set User Name in Login Page || Input Value : rbladmin
2020-09-10 14:17:49 INFO  Utilities:158 - Step Description--> null-->Set Password in Login Page || Input Value : password@2
2020-09-10 14:17:50 INFO  Utilities:158 - Step Description--> null-->Click on login Button on Admin Login Page
2020-09-10 14:17:51 INFO  Utilities:158 - Step Description--> null-->Click on MIS Button
2020-09-10 14:17:52 INFO  Utilities:158 - Step Description--> null-->Click on TransactionDashBoard Button
2020-09-10 14:17:52 INFO  Utilities:158 - Step Description--> null-->Swtich to frame
2020-09-10 14:17:53 INFO  Utilities:158 - Step Description--> null-->AQMF001 as option in corporate dropdown
2020-09-10 14:17:53 INFO  Utilities:158 - Step Description--> null-->Today as option in frquency dropdown
2020-09-10 14:17:54 INFO  Utilities:158 - Step Description--> null-->Click on submit Button
2020-09-10 14:17:55 INFO  Utilities:158 - Step Description--> null-->Click on Transaction Booked link
2020-09-10 14:17:55 INFO  Utilities:158 - Step Description--> null-->Fetch application Status
2020-09-10 14:17:58 INFO  Utilities:158 - Step Description--> null-->Verify following tags || Expected Result : Sent to Authorizer || Actual Result : Sent to Authorizer
2020-09-10 14:18:29 INFO  Utilities:158 - Step Description--> null-->Fetch application Status
2020-09-10 14:20:52 INFO  Utilities:158 - Step Description--> null-->Verify following tags || Expected Result : Transaction Received || Actual Result : Transaction Received
2020-09-10 14:20:52 INFO  Utilities:158 - Step Description--> null-->Verify following tags || Expected Result : Sent to Authorizer || Actual Result : Sent to Authorizer
2020-09-10 14:20:53 INFO  Utilities:158 - Step Description--> null-->Open URL - 'https://rbllastmile.remit.in/onlinetransfer/secure/login.jsp'.
2020-09-10 14:20:53 INFO  Utilities:158 - Step Description--> null-->Set User Name in Login Page || Input Value : rbladmin
2020-09-10 14:20:53 INFO  Utilities:158 - Step Description--> null-->Set Password in Login Page || Input Value : password@2
2020-09-10 14:20:54 INFO  Utilities:158 - Step Description--> null-->Click on login Button on Admin Login Page
2020-09-10 14:20:56 INFO  Utilities:158 - Step Description--> null-->Click on MIS Button
2020-09-10 14:20:58 INFO  Utilities:158 - Step Description--> null-->Click on TransactionDashBoard Button
2020-09-10 14:20:58 INFO  Utilities:158 - Step Description--> null-->Swtich to frame
2020-09-10 14:20:58 INFO  Utilities:158 - Step Description--> null-->AQMF001 as option in corporate dropdown
2020-09-10 14:20:58 INFO  Utilities:158 - Step Description--> null-->Today as option in frquency dropdown
2020-09-10 14:20:59 INFO  Utilities:158 - Step Description--> null-->Click on submit Button
2020-09-10 14:21:01 INFO  Utilities:158 - Step Description--> null-->Click on Transaction Booked link
2020-09-10 14:21:01 INFO  Utilities:158 - Step Description--> null-->Fetch application Status
2020-09-10 14:21:03 INFO  Utilities:158 - Step Description--> null-->Verify following tags || Expected Result : Sent to Authorizer || Actual Result : Sent to Authorizer
2020-09-10 14:21:03 INFO  Utilities:158 - Step Description--> null-->Fetch application Status
2020-09-10 14:21:13 INFO  Utilities:158 - Step Description--> null-->Verify following tags || Expected Result : Transaction Received || Actual Result : Transaction Received
2020-09-10 14:21:13 INFO  Utilities:158 - Step Description--> null-->Verify following tags || Expected Result : Sent to Authorizer || Actual Result : Sent to Authorizer
2020-09-10 14:21:14 INFO  Utilities:158 - Step Description--> null-->Open URL - 'https://rbllastmile.remit.in/onlinetransfer/secure/login.jsp'.
2020-09-10 14:21:14 INFO  Utilities:158 - Step Description--> null-->Set User Name in Login Page || Input Value : rbladmin
2020-09-10 14:21:14 INFO  Utilities:158 - Step Description--> null-->Set Password in Login Page || Input Value : password@2
2020-09-10 14:21:16 INFO  Utilities:158 - Step Description--> null-->Click on login Button on Admin Login Page
2020-09-10 14:21:17 INFO  Utilities:158 - Step Description--> null-->Click on MIS Button
2020-09-10 14:21:18 INFO  Utilities:158 - Step Description--> null-->Click on TransactionDashBoard Button
2020-09-10 14:21:18 INFO  Utilities:158 - Step Description--> null-->Swtich to frame
2020-09-10 14:21:18 INFO  Utilities:158 - Step Description--> null-->AQMF001 as option in corporate dropdown
2020-09-10 14:21:18 INFO  Utilities:158 - Step Description--> null-->Today as option in frquency dropdown
2020-09-10 14:21:19 INFO  Utilities:158 - Step Description--> null-->Click on submit Button
2020-09-10 14:21:21 INFO  Utilities:158 - Step Description--> null-->Click on Transaction Booked link
2020-09-10 14:21:21 INFO  Utilities:158 - Step Description--> null-->Fetch application Status
2020-09-10 14:21:23 INFO  Utilities:158 - Step Description--> null-->Verify following tags || Expected Result : Sent to Authorizer || Actual Result : Sent to Authorizer
2020-09-10 14:21:23 INFO  Utilities:158 - Step Description--> null-->Fetch application Status
2020-09-10 14:21:29 INFO  Utilities:158 - Step Description--> null-->Verify following tags || Expected Result : Transaction Received || Actual Result : Transaction Received
2020-09-10 14:21:30 INFO  Utilities:158 - Step Description--> null-->Verify following tags || Expected Result : Sent to Authorizer || Actual Result : Sent to Authorizer
2020-09-10 14:21:31 INFO  Utilities:158 - Step Description--> null-->Open URL - 'https://rbllastmile.remit.in/onlinetransfer/secure/login.jsp'.
2020-09-10 14:21:31 INFO  Utilities:158 - Step Description--> null-->Set User Name in Login Page || Input Value : rbladmin
2020-09-10 14:21:31 INFO  Utilities:158 - Step Description--> null-->Set Password in Login Page || Input Value : password@2
2020-09-10 14:21:32 INFO  Utilities:158 - Step Description--> null-->Click on login Button on Admin Login Page
2020-09-10 14:21:33 INFO  Utilities:158 - Step Description--> null-->Click on MIS Button
2020-09-10 14:21:35 INFO  Utilities:158 - Step Description--> null-->Click on TransactionDashBoard Button
2020-09-10 14:21:35 INFO  Utilities:158 - Step Description--> null-->Swtich to frame
2020-09-10 14:21:35 INFO  Utilities:158 - Step Description--> null-->AQMF001 as option in corporate dropdown
2020-09-10 14:21:35 INFO  Utilities:158 - Step Description--> null-->Today as option in frquency dropdown
2020-09-10 14:21:36 INFO  Utilities:158 - Step Description--> null-->Click on submit Button
2020-09-10 14:21:37 INFO  Utilities:158 - Step Description--> null-->Click on Transaction Booked link
2020-09-10 14:21:38 INFO  Utilities:158 - Step Description--> null-->Fetch application Status
2020-09-10 14:21:40 INFO  Utilities:158 - Step Description--> null-->Verify following tags || Expected Result : Sent to Authorizer || Actual Result : Sent to Authorizer
2020-09-10 14:21:40 INFO  Utilities:158 - Step Description--> null-->Fetch application Status
